[21-01-2021|16:25:55] <main>:[   ] Log   : New Logger from OneCode.py/shell=CustomShellModule()
[16:25:55] Log        : Welcome to  root
[16:26:06] Read       : Root > > [1]
[16:26:06] Warn       : Unknown Command, type "help"
[16:26:10] Read       : Root > > [2]
[16:26:10] Warn       : Unknown Command, type "help"
[16:26:11] Read       : Root > > [3]
[16:26:11] Warn       : Unknown Command, type "help"
[21-01-2021|16:26:26] <main>:[   ] Log   : New Logger from OneCode.py/shell=CustomShellModule()
[16:26:26] Log        : Welcome to  root
[16:26:31] Read       : Root > > [a]
[16:26:31] Warn       : Unknown Command, type "help"
[16:26:35] Read       : Root > > [1]
[16:26:35] Warn       : Unknown Command, type "help"
[16:26:36] Read       : Root > > [2]
[16:26:36] Warn       : Unknown Command, type "help"
[16:26:36] Read       : Root > > [3]
[16:26:36] Warn       : Unknown Command, type "help"
[16:26:37] Read       : Root > > [4]
[16:26:37] Warn       : Unknown Command, type "help"
[16:26:38] Read       : Root > > [5]
[16:26:39] Warn       : Unknown Command, type "help"
[16:26:40] Read       : Root > > [6]
[16:26:40] Warn       : Unknown Command, type "help"
[16:26:43] Read       : Root > > [asd]
[16:26:43] Warn       : Unknown Command, type "help"
[16:26:44] Read       : Root > > [cls]
[16:26:46] Read       : Root > > [asd]
[16:26:46] Warn       : Unknown Command, type "help"
[16:26:47] Read       : Root > > [1]
[16:26:47] Warn       : Unknown Command, type "help"
[16:26:48] Read       : Root > > [2]
[16:26:48] Warn       : Unknown Command, type "help"
[16:26:48] Read       : Root > > [3]
[16:26:48] Warn       : Unknown Command, type "help"
[16:26:48] Read       : Root > > [4]
[16:26:48] Warn       : Unknown Command, type "help"
[16:26:49] Read       : Root > > [5]
[16:26:49] Warn       : Unknown Command, type "help"
[16:26:50] Read       : Root > > [6]
[16:26:50] Warn       : Unknown Command, type "help"
[16:26:50] Read       : Root > > [7]
[16:26:50] Warn       : Unknown Command, type "help"
[21-01-2021|16:44:52] <main>:[   ] Log   : New Logger from OneCode.py/shell=CustomShellModule()
[16:44:52] Log        : Welcome to  root
[16:44:54] Read       : Root > > [2]
[16:44:54] Warn       : Unknown Command, type "help"
[16:44:55] Read       : Root > > [3]
[16:44:55] Warn       : Unknown Command, type "help"
[16:44:55] Read       : Root > > [4]
[16:44:55] Warn       : Unknown Command, type "help"
[16:45:58] Read       : Root > > [exit]
[16:45:58] Log        : Exit with code:: quit, run command: None
[21-01-2021|16:46:09] <main>:[   ] Log   : New Logger from OneCode.py/shell=CustomShellModule()
[16:46:09] Log        : Welcome to  root
[16:46:10] Read       : Root > > [2]
[16:46:10] Warn       : Unknown Command, type "help"
[16:46:11] Read       : Root > > [3]
[16:46:11] Warn       : Unknown Command, type "help"
[16:46:39] Read       : Root > > [exit]
[16:46:39] Log        : Exit with code:: quit, run command: None
[21-01-2021|16:46:44] <main>:[   ] Log   : New Logger from OneCode.py/shell=CustomShellModule()
[16:46:45] Log        : Welcome to  root
[16:46:47] Read       : Root > > [1]
[16:46:47] Warn       : Unknown Command, type "help"
[16:47:14] Read       : Root > > []
[16:47:16] Read       : Root > > [9]
[16:47:16] Warn       : Unknown Command, type "help"
[16:47:17] Read       : Root > > [exit]
[16:47:17] Log        : Exit with code:: quit, run command: None
[21-01-2021|16:47:20] <main>:[   ] Log   : New Logger from OneCode.py/shell=CustomShellModule()
[16:47:20] Log        : Welcome to  root
[21-01-2021|16:47:44] <main>:[   ] Log   : New Logger from OneCode.py/shell=CustomShellModule()
[16:47:44] Log        : Welcome to  root
[16:47:48] Read       : Root > > [exit]
[16:47:48] Log        : Exit with code:: quit, run command: None
[21-01-2021|16:47:50] <main>:[   ] Log   : New Logger from OneCode.py/shell=CustomShellModule()
[16:47:50] Log        : Welcome to  root
[16:48:44] Read       : Root > > [exit]
[16:48:44] Log        : Exit with code:: quit, run command: None
[21-01-2021|16:48:48] <main>:[   ] Log   : New Logger from OneCode.py/shell=CustomShellModule()
[16:48:48] Log        : Welcome to  root
[16:48:50] Read       : Root > > [1]
[16:48:50] Warn       : Unknown Command, type "help"
[16:49:12] Read       : Root > > []
[16:49:12] Read       : Root > > []
[16:49:14] Read       : Root > > [exit]
[16:49:14] Log        : Exit with code:: quit, run command: None
[21-01-2021|16:49:26] <main>:[   ] Log   : New Logger from OneCode.py/shell=CustomShellModule()
[16:49:26] Log        : Welcome to  root
[16:49:33] Read       : Root > > [1]
[16:49:33] Warn       : Unknown Command, type "help"
[16:49:47] Read       : Root > > [exit]
[16:49:47] Log        : Exit with code:: quit, run command: None
[21-01-2021|16:49:52] <main>:[   ] Log   : New Logger from OneCode.py/shell=CustomShellModule()
[16:49:52] Log        : Welcome to  root
[21-01-2021|16:50:13] <main>:[   ] Log   : New Logger from OneCode.py/shell=CustomShellModule()
[16:50:13] Log        : Welcome to  root
[16:52:30] Read       : Root > > [exit]
[16:52:30] Log        : Exit with code:: quit, run command: None
