[20-12-2020|11:15:30] <main>:[   ] Log   : New Logger from NewLifeUtils.py/lm=LoggerModule()
[20-12-2020|11:15:30] <main>:[   ] Log   : New Logger from NewLifeUtils.py/print(LoggerModule().color_data["table"])
[20-12-2020|11:15:31] <main>:[   ] Log   : New Logger from NewLifeUtils.py/print(ColorModule().CLU.arr_to_rgb(LoggerModule().color_data["colors"]['mediumspringgreen']))
[20-12-2020|11:16:05] <main>:[   ] Log   : New Logger from NewLifeUtils.py/lm=LoggerModule()
[20-12-2020|11:16:05] <main>:[   ] Log   : New Logger from NewLifeUtils.py/print(LoggerModule().color_data["table"])
[20-12-2020|11:16:05] <main>:[   ] Log   : New Logger from NewLifeUtils.py/print(ColorModule().CLU.arr_to_rgb(LoggerModule().color_data["colors"]['mediumspringgreen']))
[20-12-2020|11:17:09] <main>:[   ] Log   : New Logger from NewLifeUtils.py/lm=LoggerModule()
[20-12-2020|11:17:10] <main>:[   ] Log   : New Logger from NewLifeUtils.py/print(LoggerModule().color_data["table"])
[20-12-2020|11:17:17] <main>:[   ] Log   : New Logger from NewLifeUtils.py/lm=LoggerModule()
[20-12-2020|11:18:34] <main>:[   ] Log   : New Logger from NewLifeUtils.py/lm=LoggerModule()
[20-12-2020|11:18:34] <main>:[   ] Log   : New Logger from NewLifeUtils.py/print(LoggerModule().color_data["table"])
[20-12-2020|11:18:34] <main>:[   ] Log   : New Logger from NewLifeUtils.py/print(ColorModule().CLU.arr_to_rgb(LoggerModule().color_data["colors"]['mediumspringgreen']))
[20-12-2020|11:18:54] <main>:[   ] Log   : New Logger from NewLifeUtils.py/lm=LoggerModule()
[20-12-2020|11:18:54] <main>:[   ] Log   : New Logger from NewLifeUtils.py/print(LoggerModule().color_data["table"])
[20-12-2020|11:18:54] <main>:[   ] Log   : New Logger from NewLifeUtils.py/print(LoggerModule().color_data["colors"]['mediumspringgreen'])
[20-12-2020|11:19:29] <main>:[   ] Log   : New Logger from NewLifeUtils.py/lm=LoggerModule()
[20-12-2020|11:19:29] <main>:[   ] Log   : New Logger from NewLifeUtils.py/print(LoggerModule().color_data["table"])
[20-12-2020|11:19:29] <main>:[   ] Log   : New Logger from NewLifeUtils.py/print(LoggerModule().color_data["colors"]['mediumspringgreen'])
[20-12-2020|11:21:25] <main>:[   ] Log   : New Logger from NewLifeUtils.py/lm=LoggerModule()
[20-12-2020|11:21:25] <main>:[   ] Log   : New Logger from NewLifeUtils.py/print(LoggerModule().color_data["table"])
[20-12-2020|11:21:26] <main>:[   ] Log   : New Logger from NewLifeUtils.py/print(LoggerModule().color_data["colors"]['mediumspringgreen'])
[20-12-2020|11:28:33] <main>:[   ] Log   : New Logger from NewLifeUtils.py/lm=LoggerModule()
[20-12-2020|11:28:33] <main>:[   ] Log   : New Logger from NewLifeUtils.py/print(LoggerModule().color_data["table"])
[20-12-2020|11:28:33] <main>:[   ] Log   : New Logger from NewLifeUtils.py/print(LoggerModule().color_data["colors"]["mediumspringgreen"])
[20-12-2020|15:57:15] <main>:[   ] Log   : New Logger from NewLifeUtils.py/lm=LoggerModule()
[20-12-2020|15:57:15] <main>:[   ] Log   : New Logger from NewLifeUtils.py/print(LoggerModule().color_data["table"])
[20-12-2020|15:57:15] <main>:[   ] Log   : New Logger from NewLifeUtils.py/print(LoggerModule().color_data["colors"]["mediumspringgreen"])
