[09:25:59] Log        : hi
[09:26:12] Log        : hi
[09:26:15] Log        : hi
[09:26:18] Log        : hi
[10:59:34] Log        : hi
[10:59:35] Read       : hi:  > [a]
[10:59:35] Log        : hi
[10:59:35] Log        : hi
[10:59:35] Log        : hi
[10:59:35] Log        : hi
[10:59:35] Log        : hi
[10:59:35] Warn       : 
-------------- Warning!             --------------------
Type: Exception

About Error::
	a	

NoneType: None

-------------- Warning!             --------------------

[10:59:35] Log        : Welcome to  root
[10:59:37] Read       : Root > > [d]
[10:59:37] Warn       : Unknown Command, type "help"
[12:05:34] Log        : hi
[12:06:14] Log        : hi
[12:06:42] Log        : hi
[12:07:11] Read       : hi:  > [asdfghjhjhjhj]
[12:07:11] Log        : hi
[12:07:11] Log        : hi
[12:07:11] Log        : hi
[12:07:11] Log        : hi
[12:07:11] Log        : hi
[12:07:11] Warn       : 
-------------- Warning!             --------------------
Type: Exception

About Error::
	asdfghjhjhjhj	

NoneType: None

-------------- Warning!             --------------------

[12:07:11] Log        : Welcome to  root
[12:08:00] Read       : Root > > [help]
[12:08:01] root HELP  : 
root - default console
	cls
		Description : clears display
		Aliases     : cls, clearscreen
		Usage       : cls 
	help
		Description : displays all commands in this module
		Aliases     : help
		Usage       : help [command|'commands'] 
	hello
		Description : builtin command
		Aliases     : hello, hi
		Usage       : hello [name] 
	exit
		Description : Exit from ConsoleShellManager
		Aliases     : exit, quit
		Usage       : exit 

[12:08:20] Read       : Root > > [hello]
[12:08:20] Log        : Hello, world!
[12:08:29] Read       : Root > > [hello 123]
[12:08:29] Log        : Hello, 123
[12:08:34] Read       : Root > > [hello 123 123 ]
[12:08:34] Warn       : Invalid usage. Syntax: hello [name] 
[12:08:44] Read       : Root > > [hello "123 123 "]
[12:08:44] Log        : Hello, "123 123 "
[12:08:52] Read       : Root > > []
[12:08:53] Read       : Root > > []
[12:08:53] Read       : Root > > []
[12:08:53] Read       : Root > > []
[12:08:53] Read       : Root > > []
[12:08:54] Read       : Root > > [asd]
[12:08:54] Warn       : Unknown Command, type "help"
[12:09:02] Read       : Root > > [help]
[12:09:02] root HELP  : 
root - default console
	cls
		Description : clears display
		Aliases     : cls, clearscreen
		Usage       : cls 
	help
		Description : displays all commands in this module
		Aliases     : help
		Usage       : help [command|'commands'] 
	hello
		Description : builtin command
		Aliases     : hello, hi
		Usage       : hello [name] 
	exit
		Description : Exit from ConsoleShellManager
		Aliases     : exit, quit
		Usage       : exit 

[12:09:08] Read       : Root > > [help hello]
[12:09:08] root HELP  : 
root - default console
	hello
		Description: builtin command
		Aliases: hello, hi
		Usage: hello [name] 

[12:09:46] Read       : Root > > [help hellos]
[12:09:46] root HELP  : Cannot find command "hellos"
[12:09:53] Read       : Root > > [help commands]
[12:09:53] root HELP  : 
root - default console
	cls
	help
	hello
	exit

