[15-12-2020|20:07:23] <main>:[   ] Log   : New Logger from NewLifeUtils.py/testNlu()
[15-12-2020|20:50:09] <main>:[   ] Log   : New Logger from NewLifeUtils.py/testNlu()
[15-12-2020|22:04:11] <main>:[   ] Log   : New Logger from NewLifeUtils.py/cmd=CustomShellModule()
[22:04:11] Log        : Welcome to root
[22:04:13] Read       : Root > > [info]
[22:04:13] Warn       : Unknown Command, type "help"
[22:04:15] Read       : Root > > [инфо]
[22:04:15] Log        : 
---------------------------------------------
Это мой новый проект основанный на NLU5
Больше нет доступной информации
---------------------------------------------

[15-12-2020|22:05:30] <main>:[   ] Log   : New Logger from NewLifeUtils.py/testNlu()
[15-12-2020|22:05:30] <main>:[   ] Log   : New Logger from NewLifeUtils.py/cmdses=CustomShellModule()
[22:05:31] Log        : Welcome to root
[22:05:36] Read       : Root > > [asd]
[22:05:36] Warn       : Unknown Command, type "help"
[22:05:39] Read       : Root > > [инфо]
[22:05:39] Warn       : Unknown Command, type "help"
[22:05:44] Read       : Root > > [help]
[22:05:44] root HELP  : 
root - default console
	cls
		Description : clears display
		Aliases     : cls, clearscreen
		Usage       : cls 
	help
		Description : displays all commands in this module
		Aliases     : help
		Usage       : help [command] 
	hello
		Description : builtin command
		Aliases     : hello, hi
		Usage       : hello [name] 
	exit
		Description : Exit from ConsoleShellManager
		Aliases     : exit, quit
		Usage       : exit 

[15-12-2020|22:05:59] <main>:[   ] Log   : New Logger from NewLifeUtils.py/testNlu()
[15-12-2020|22:06:00] <main>:[   ] Log   : New Logger from NewLifeUtils.py/cmdses=CustomShellModule()
[22:06:00] Log        : Welcome to root
[22:06:04] Read       : Root > > [help]
[22:06:04] root HELP  : 
root - default console
	commandname
		Description : My Super Duper Command
		Aliases     : commandname, commandalias
		Usage       : commandname <required parametr> [optional parametr] 
	commandname
		Description : My Super Duper Command
		Aliases     : commandname, commandalias
		Usage       : commandname <required parametr> [optional parametr] 
	cls
		Description : clears display
		Aliases     : cls, clearscreen
		Usage       : cls 
	help
		Description : displays all commands in this module
		Aliases     : help
		Usage       : help [command] 
	hello
		Description : builtin command
		Aliases     : hello, hi
		Usage       : hello [name] 
	exit
		Description : Exit from ConsoleShellManager
		Aliases     : exit, quit
		Usage       : exit 

[15-12-2020|22:08:33] <main>:[   ] Log   : New Logger from NewLifeUtils.py/testNlu()
[15-12-2020|22:08:34] <main>:[   ] Log   : New Logger from NewLifeUtils.py/cmdses=CustomShellModule()
[15-12-2020|22:08:42] <main>:[   ] Log   : New Logger from NewLifeUtils.py/testNlu()
[15-12-2020|22:08:43] <main>:[   ] Log   : New Logger from NewLifeUtils.py/cmdses=CustomShellModule()
[22:08:43] Log        : Welcome to root
[15-12-2020|22:13:11] <main>:[   ] Log   : New Logger from NewLifeUtils.py/testNlu()
[15-12-2020|22:13:12] <main>:[   ] Log   : New Logger from NewLifeUtils.py/cmdses=CustomShellModule()
[22:13:12] Log        : Welcome to root
[15-12-2020|22:13:25] <main>:[   ] Log   : New Logger from NewLifeUtils.py/testNlu()
[15-12-2020|22:13:26] <main>:[   ] Log   : New Logger from NewLifeUtils.py/cmdses=CustomShellModule()
[22:13:26] Log        : Welcome to root
[15-12-2020|22:13:40] <main>:[   ] Log   : New Logger from NewLifeUtils.py/testNlu()
[15-12-2020|22:13:41] <main>:[   ] Log   : New Logger from NewLifeUtils.py/cmdses=CustomShellModule()
[22:13:41] Log        : Welcome to root
[15-12-2020|22:13:57] <main>:[   ] Log   : New Logger from NewLifeUtils.py/testNlu()
[15-12-2020|22:13:58] <main>:[   ] Log   : New Logger from NewLifeUtils.py/cmdses=CustomShellModule()
[22:13:58] Log        : Welcome to root
[15-12-2020|22:14:10] <main>:[   ] Log   : New Logger from NewLifeUtils.py/testNlu()
[15-12-2020|22:14:10] <main>:[   ] Log   : New Logger from NewLifeUtils.py/cmdses=CustomShellModule()
[15-12-2020|22:14:25] <main>:[   ] Log   : New Logger from NewLifeUtils.py/testNlu()
[15-12-2020|22:14:26] <main>:[   ] Log   : New Logger from NewLifeUtils.py/cmdses=CustomShellModule()
[15-12-2020|22:15:32] <main>:[   ] Log   : New Logger from NewLifeUtils.py/testNlu()
[15-12-2020|22:15:33] <main>:[   ] Log   : New Logger from NewLifeUtils.py/cmdses=CustomShellModule()
[22:15:33] Error      : 
-------------- Fatal Error!         --------------------
Type: Exception

About Error:
	Console commands with the same names were registered. here is a list of registered console commands (their names)
	Commands: commandname, commandname, cls, help, hello, exit
	TIP: check register section and delete or change one of the commands	

-------------- Fatal Error!         --------------------

[15-12-2020|22:15:43] <main>:[   ] Log   : New Logger from NewLifeUtils.py/testNlu()
[15-12-2020|22:15:44] <main>:[   ] Log   : New Logger from NewLifeUtils.py/cmdses=CustomShellModule()
[22:15:44] Log        : Welcome to root
[22:15:47] Read       : Root > > [self.Except.except_prin]
[22:15:47] Warn       : Unknown Command, type "help"
[22:15:51] Read       : Root > > [except]
[22:15:51] Warn       : Unknown Command, type "help"
[22:15:58] Read       : Root > > [fuck]
[22:15:59] Error      : 
-------------- Error!               --------------------
Type: NameError

About Error:
	name 'nlu' is not defined	

Traceback (most recent call last):
  File "E:\Документы\_Repo\NewLifeUtils\NewLifeUtils.py", line 839, in main
    nlu.tracebackManagerExceptionPrint(
NameError: name 'nlu' is not defined

-------------- Error!               --------------------

[15-12-2020|22:16:14] <main>:[   ] Log   : New Logger from NewLifeUtils.py/testNlu()
[15-12-2020|22:16:15] <main>:[   ] Log   : New Logger from NewLifeUtils.py/cmdses=CustomShellModule()
[22:16:15] Log        : Welcome to root
[22:16:17] Read       : Root > > [fuck]
[22:16:17] Warn       : 
-------------- Warning!             --------------------
Type: Exception

About Error:
	Why you so evil?...
	:_(
	TIP: you can be beter	

-------------- Warning!             --------------------

[22:16:19] Read       : Root > > [fuck]
[22:16:19] Warn       : 
-------------- Warning!             --------------------
Type: Exception

About Error:
	Why you so evil?...
	:_(
	TIP: you can be beter	

-------------- Warning!             --------------------

[22:16:20] Read       : Root > > [fuck]
[22:16:20] Warn       : 
-------------- Warning!             --------------------
Type: Exception

About Error:
	Why you so evil?...
	:_(
	TIP: you can be beter	

-------------- Warning!             --------------------

