[16-12-2020|13:06:43] <main>:[   ] Log   : New Logger from NewLifeUtils.py/testNlu()
[16-12-2020|13:07:03] <main>:[   ] Log   : New Logger from NewLifeUtils.py/testNlu()
[16-12-2020|13:07:04] <main>:[   ] Log   : New Logger from NewLifeUtils.py/c=CustomShellModule()
[13:07:04] Log        : Welcome to root
[13:07:06] Read       : Root > > [asd]
[13:07:06] Error      : 
-------------- Error!               --------------------
Type: NameError

About Error:
	name '_' is not defined	

Traceback (most recent call last):
  File "E:\Документы\_Repo\NewLifeUtils\NewLifeUtils.py", line 834, in main
    self.command = _["command"]
NameError: name '_' is not defined

-------------- Error!               --------------------

[16-12-2020|13:07:51] <main>:[   ] Log   : New Logger from NewLifeUtils.py/testNlu()
[16-12-2020|13:07:52] <main>:[   ] Log   : New Logger from NewLifeUtils.py/c=CustomShellModule()
[13:07:52] Log        : Welcome to root
[13:07:52] Read       : Root > > [asdf]
[13:07:52] Warn       : Unknown Command, type "help"
[16-12-2020|13:09:15] <main>:[   ] Log   : New Logger from NewLifeUtils.py/testNlu()
[16-12-2020|13:11:33] <main>:[   ] Log   : New Logger from NewLifeUtils.py/testNlu()
[16-12-2020|13:15:22] <main>:[   ] Log   : New Logger from NewLifeUtils.py/lm=LoggerModule()
[13:15:22] Log        : ['__class__', '__delattr__', '__dir__', '__doc__', '__eq__', '__format__', '__ge__', '__getattribute__', '__gt__', '__hash__', '__init__', '__init_subclass__', '__le__', '__lt__', '__ne__', '__new__', '__reduce__', '__reduce_ex__', '__repr__', '__setattr__', '__sizeof__', '__str__', '__subclasshook__']
[16-12-2020|13:16:30] <main>:[   ] Log   : New Logger from NewLifeUtils.py/lm=LoggerModule()
[13:16:30] Log        : ['__class__', '__delattr__', '__dir__', '__doc__', '__eq__', '__format__', '__ge__', '__getattribute__', '__gt__', '__hash__', '__init__', '__init_subclass__', '__le__', '__lt__', '__ne__', '__new__', '__reduce__', '__reduce_ex__', '__repr__', '__setattr__', '__sizeof__', '__str__', '__subclasshook__']
[13:16:30] Log        : OS routines for NT or Posix depending on what system we're on.

This exports:
  - all functions from posix or nt, e.g. unlink, stat, etc.
  - os.path is either posixpath or ntpath
  - os.name is either 'posix' or 'nt'
  - os.curdir is a string representing the current directory (always '.')
  - os.pardir is a string representing the parent directory (always '..')
  - os.sep is the (or a most common) pathname separator ('/' or '\\')
  - os.extsep is the extension separator (always '.')
  - os.altsep is the alternate pathname separator (None or '/')
  - os.pathsep is the component separator used in $PATH etc
  - os.linesep is the line separator in text files ('\r' or '\n' or '\r\n')
  - os.defpath is the default search path for executables
  - os.devnull is the file path of the null device ('/dev/null', etc.)

Programs that import and use 'os' stand a better chance of being
portable between different platforms.  Of course, they must then
only use functions that are defined by all platforms (e.g., unlink
and opendir), and leave all pathname manipulation to os.path
(e.g., split and join).

[16-12-2020|13:17:37] <main>:[   ] Log   : New Logger from NewLifeUtils.py/lm=LoggerModule()
[13:17:37] Log        : ['__class__', '__delattr__', '__dir__', '__doc__', '__eq__', '__format__', '__ge__', '__getattribute__', '__gt__', '__hash__', '__init__', '__init_subclass__', '__le__', '__lt__', '__ne__', '__new__', '__reduce__', '__reduce_ex__', '__repr__', '__setattr__', '__sizeof__', '__str__', '__subclasshook__']
[16-12-2020|13:24:13] <main>:[   ] Log   : New Logger from NewLifeUtils.py/lm=LoggerModule()
[13:24:13] Log        : <module 'builtins' (built-in)>
[16-12-2020|13:24:22] <main>:[   ] Log   : New Logger from NewLifeUtils.py/lm=LoggerModule()
[13:24:22] Log        : ['ArithmeticError', 'AssertionError', 'AttributeError', 'BaseException', 'BlockingIOError', 'BrokenPipeError', 'BufferError', 'BytesWarning', 'ChildProcessError', 'ConnectionAbortedError', 'ConnectionError', 'ConnectionRefusedError', 'ConnectionResetError', 'DeprecationWarning', 'EOFError', 'Ellipsis', 'EnvironmentError', 'Exception', 'False', 'FileExistsError', 'FileNotFoundError', 'FloatingPointError', 'FutureWarning', 'GeneratorExit', 'IOError', 'ImportError', 'ImportWarning', 'IndentationError', 'IndexError', 'InterruptedError', 'IsADirectoryError', 'KeyError', 'KeyboardInterrupt', 'LookupError', 'MemoryError', 'ModuleNotFoundError', 'NameError', 'None', 'NotADirectoryError', 'NotImplemented', 'NotImplementedError', 'OSError', 'OverflowError', 'PendingDeprecationWarning', 'PermissionError', 'ProcessLookupError', 'RecursionError', 'ReferenceError', 'ResourceWarning', 'RuntimeError', 'RuntimeWarning', 'StopAsyncIteration', 'StopIteration', 'SyntaxError', 'SyntaxWarning', 'SystemError', 'SystemExit', 'TabError', 'TimeoutError', 'True', 'TypeError', 'UnboundLocalError', 'UnicodeDecodeError', 'UnicodeEncodeError', 'UnicodeError', 'UnicodeTranslateError', 'UnicodeWarning', 'UserWarning', 'ValueError', 'Warning', 'WindowsError', 'ZeroDivisionError', '__build_class__', '__debug__', '__doc__', '__import__', '__loader__', '__name__', '__package__', '__spec__', 'abs', 'all', 'any', 'ascii', 'bin', 'bool', 'breakpoint', 'bytearray', 'bytes', 'callable', 'chr', 'classmethod', 'compile', 'complex', 'copyright', 'credits', 'delattr', 'dict', 'dir', 'divmod', 'enumerate', 'eval', 'exec', 'exit', 'filter', 'float', 'format', 'frozenset', 'getattr', 'globals', 'hasattr', 'hash', 'help', 'hex', 'id', 'input', 'int', 'isinstance', 'issubclass', 'iter', 'len', 'license', 'list', 'locals', 'map', 'max', 'memoryview', 'min', 'next', 'object', 'oct', 'open', 'ord', 'pow', 'print', 'property', 'quit', 'range', 'repr', 'reversed', 'round', 'set', 'setattr', 'slice', 'sorted', 'staticmethod', 'str', 'sum', 'super', 'tuple', 'type', 'vars', 'zip']
[16-12-2020|13:25:24] <main>:[   ] Log   : New Logger from NewLifeUtils.py/lm=LoggerModule()
[13:25:24] Log        : ['ArithmeticError', 'AssertionError', 'AttributeError', 'BaseException', 'BlockingIOError', 'BrokenPipeError', 'BufferError', 'BytesWarning', 'ChildProcessError', 'ConnectionAbortedError', 'ConnectionError', 'ConnectionRefusedError', 'ConnectionResetError', 'DeprecationWarning', 'EOFError', 'Ellipsis', 'EnvironmentError', 'Exception', 'False', 'FileExistsError', 'FileNotFoundError', 'FloatingPointError', 'FutureWarning', 'GeneratorExit', 'IOError', 'ImportError', 'ImportWarning', 'IndentationError', 'IndexError', 'InterruptedError', 'IsADirectoryError', 'KeyError', 'KeyboardInterrupt', 'LookupError', 'MemoryError', 'ModuleNotFoundError', 'NameError', 'None', 'NotADirectoryError', 'NotImplemented', 'NotImplementedError', 'OSError', 'OverflowError', 'PendingDeprecationWarning', 'PermissionError', 'ProcessLookupError', 'RecursionError', 'ReferenceError', 'ResourceWarning', 'RuntimeError', 'RuntimeWarning', 'StopAsyncIteration', 'StopIteration', 'SyntaxError', 'SyntaxWarning', 'SystemError', 'SystemExit', 'TabError', 'TimeoutError', 'True', 'TypeError', 'UnboundLocalError', 'UnicodeDecodeError', 'UnicodeEncodeError', 'UnicodeError', 'UnicodeTranslateError', 'UnicodeWarning', 'UserWarning', 'ValueError', 'Warning', 'WindowsError', 'ZeroDivisionError', '__build_class__', '__debug__', '__doc__', '__import__', '__loader__', '__name__', '__package__', '__spec__', 'abs', 'all', 'any', 'ascii', 'bin', 'bool', 'breakpoint', 'bytearray', 'bytes', 'callable', 'chr', 'classmethod', 'compile', 'complex', 'copyright', 'credits', 'delattr', 'dict', 'dir', 'divmod', 'enumerate', 'eval', 'exec', 'exit', 'filter', 'float', 'format', 'frozenset', 'getattr', 'globals', 'hasattr', 'hash', 'help', 'hex', 'id', 'input', 'int', 'isinstance', 'issubclass', 'iter', 'len', 'license', 'list', 'locals', 'map', 'max', 'memoryview', 'min', 'next', 'object', 'oct', 'open', 'ord', 'pow', 'print', 'property', 'quit', 'range', 'repr', 'reversed', 'round', 'set', 'setattr', 'slice', 'sorted', 'staticmethod', 'str', 'sum', 'super', 'tuple', 'type', 'vars', 'zip']
[13:25:24] Log        : None
[16-12-2020|13:25:33] <main>:[   ] Log   : New Logger from NewLifeUtils.py/lm=LoggerModule()
[13:25:33] Log        : ['ArithmeticError', 'AssertionError', 'AttributeError', 'BaseException', 'BlockingIOError', 'BrokenPipeError', 'BufferError', 'BytesWarning', 'ChildProcessError', 'ConnectionAbortedError', 'ConnectionError', 'ConnectionRefusedError', 'ConnectionResetError', 'DeprecationWarning', 'EOFError', 'Ellipsis', 'EnvironmentError', 'Exception', 'False', 'FileExistsError', 'FileNotFoundError', 'FloatingPointError', 'FutureWarning', 'GeneratorExit', 'IOError', 'ImportError', 'ImportWarning', 'IndentationError', 'IndexError', 'InterruptedError', 'IsADirectoryError', 'KeyError', 'KeyboardInterrupt', 'LookupError', 'MemoryError', 'ModuleNotFoundError', 'NameError', 'None', 'NotADirectoryError', 'NotImplemented', 'NotImplementedError', 'OSError', 'OverflowError', 'PendingDeprecationWarning', 'PermissionError', 'ProcessLookupError', 'RecursionError', 'ReferenceError', 'ResourceWarning', 'RuntimeError', 'RuntimeWarning', 'StopAsyncIteration', 'StopIteration', 'SyntaxError', 'SyntaxWarning', 'SystemError', 'SystemExit', 'TabError', 'TimeoutError', 'True', 'TypeError', 'UnboundLocalError', 'UnicodeDecodeError', 'UnicodeEncodeError', 'UnicodeError', 'UnicodeTranslateError', 'UnicodeWarning', 'UserWarning', 'ValueError', 'Warning', 'WindowsError', 'ZeroDivisionError', '__build_class__', '__debug__', '__doc__', '__import__', '__loader__', '__name__', '__package__', '__spec__', 'abs', 'all', 'any', 'ascii', 'bin', 'bool', 'breakpoint', 'bytearray', 'bytes', 'callable', 'chr', 'classmethod', 'compile', 'complex', 'copyright', 'credits', 'delattr', 'dict', 'dir', 'divmod', 'enumerate', 'eval', 'exec', 'exit', 'filter', 'float', 'format', 'frozenset', 'getattr', 'globals', 'hasattr', 'hash', 'help', 'hex', 'id', 'input', 'int', 'isinstance', 'issubclass', 'iter', 'len', 'license', 'list', 'locals', 'map', 'max', 'memoryview', 'min', 'next', 'object', 'oct', 'open', 'ord', 'pow', 'print', 'property', 'quit', 'range', 'repr', 'reversed', 'round', 'set', 'setattr', 'slice', 'sorted', 'staticmethod', 'str', 'sum', 'super', 'tuple', 'type', 'vars', 'zip']
[16-12-2020|13:25:41] <main>:[   ] Log   : New Logger from NewLifeUtils.py/lm=LoggerModule()
[13:25:41] Log        : ['ArithmeticError', 'AssertionError', 'AttributeError', 'BaseException', 'BlockingIOError', 'BrokenPipeError', 'BufferError', 'BytesWarning', 'ChildProcessError', 'ConnectionAbortedError', 'ConnectionError', 'ConnectionRefusedError', 'ConnectionResetError', 'DeprecationWarning', 'EOFError', 'Ellipsis', 'EnvironmentError', 'Exception', 'False', 'FileExistsError', 'FileNotFoundError', 'FloatingPointError', 'FutureWarning', 'GeneratorExit', 'IOError', 'ImportError', 'ImportWarning', 'IndentationError', 'IndexError', 'InterruptedError', 'IsADirectoryError', 'KeyError', 'KeyboardInterrupt', 'LookupError', 'MemoryError', 'ModuleNotFoundError', 'NameError', 'None', 'NotADirectoryError', 'NotImplemented', 'NotImplementedError', 'OSError', 'OverflowError', 'PendingDeprecationWarning', 'PermissionError', 'ProcessLookupError', 'RecursionError', 'ReferenceError', 'ResourceWarning', 'RuntimeError', 'RuntimeWarning', 'StopAsyncIteration', 'StopIteration', 'SyntaxError', 'SyntaxWarning', 'SystemError', 'SystemExit', 'TabError', 'TimeoutError', 'True', 'TypeError', 'UnboundLocalError', 'UnicodeDecodeError', 'UnicodeEncodeError', 'UnicodeError', 'UnicodeTranslateError', 'UnicodeWarning', 'UserWarning', 'ValueError', 'Warning', 'WindowsError', 'ZeroDivisionError', '__build_class__', '__debug__', '__doc__', '__import__', '__loader__', '__name__', '__package__', '__spec__', 'abs', 'all', 'any', 'ascii', 'bin', 'bool', 'breakpoint', 'bytearray', 'bytes', 'callable', 'chr', 'classmethod', 'compile', 'complex', 'copyright', 'credits', 'delattr', 'dict', 'dir', 'divmod', 'enumerate', 'eval', 'exec', 'exit', 'filter', 'float', 'format', 'frozenset', 'getattr', 'globals', 'hasattr', 'hash', 'help', 'hex', 'id', 'input', 'int', 'isinstance', 'issubclass', 'iter', 'len', 'license', 'list', 'locals', 'map', 'max', 'memoryview', 'min', 'next', 'object', 'oct', 'open', 'ord', 'pow', 'print', 'property', 'quit', 'range', 'repr', 'reversed', 'round', 'set', 'setattr', 'slice', 'sorted', 'staticmethod', 'str', 'sum', 'super', 'tuple', 'type', 'vars', 'zip']
[16-12-2020|13:36:12] <main>:[   ] Log   : New Logger from NewLifeUtils.py/lm=LoggerModule()
[13:36:12] Log        : ['ArithmeticError', 'AssertionError', 'AttributeError', 'BaseException', 'BlockingIOError', 'BrokenPipeError', 'BufferError', 'BytesWarning', 'ChildProcessError', 'ConnectionAbortedError', 'ConnectionError', 'ConnectionRefusedError', 'ConnectionResetError', 'DeprecationWarning', 'EOFError', 'Ellipsis', 'EnvironmentError', 'Exception', 'False', 'FileExistsError', 'FileNotFoundError', 'FloatingPointError', 'FutureWarning', 'GeneratorExit', 'IOError', 'ImportError', 'ImportWarning', 'IndentationError', 'IndexError', 'InterruptedError', 'IsADirectoryError', 'KeyError', 'KeyboardInterrupt', 'LookupError', 'MemoryError', 'ModuleNotFoundError', 'NameError', 'None', 'NotADirectoryError', 'NotImplemented', 'NotImplementedError', 'OSError', 'OverflowError', 'PendingDeprecationWarning', 'PermissionError', 'ProcessLookupError', 'RecursionError', 'ReferenceError', 'ResourceWarning', 'RuntimeError', 'RuntimeWarning', 'StopAsyncIteration', 'StopIteration', 'SyntaxError', 'SyntaxWarning', 'SystemError', 'SystemExit', 'TabError', 'TimeoutError', 'True', 'TypeError', 'UnboundLocalError', 'UnicodeDecodeError', 'UnicodeEncodeError', 'UnicodeError', 'UnicodeTranslateError', 'UnicodeWarning', 'UserWarning', 'ValueError', 'Warning', 'WindowsError', 'ZeroDivisionError', '__build_class__', '__debug__', '__doc__', '__import__', '__loader__', '__name__', '__package__', '__spec__', 'abs', 'all', 'any', 'ascii', 'bin', 'bool', 'breakpoint', 'bytearray', 'bytes', 'callable', 'chr', 'classmethod', 'compile', 'complex', 'copyright', 'credits', 'delattr', 'dict', 'dir', 'divmod', 'enumerate', 'eval', 'exec', 'exit', 'filter', 'float', 'format', 'frozenset', 'getattr', 'globals', 'hasattr', 'hash', 'help', 'hex', 'id', 'input', 'int', 'isinstance', 'issubclass', 'iter', 'len', 'license', 'list', 'locals', 'map', 'max', 'memoryview', 'min', 'next', 'object', 'oct', 'open', 'ord', 'pow', 'print', 'property', 'quit', 'range', 'repr', 'reversed', 'round', 'set', 'setattr', 'slice', 'sorted', 'staticmethod', 'str', 'sum', 'super', 'tuple', 'type', 'vars', 'zip']
[16-12-2020|14:07:14] <main>:[   ] Log   : New Logger from NewLifeUtils.py/lm=LoggerModule()
[16-12-2020|14:09:08] <main>:[   ] Log   : New Logger from NewLifeUtils.py/lm=LoggerModule()
[16-12-2020|14:10:31] <main>:[   ] Log   : New Logger from NewLifeUtils.py/lm=LoggerModule()
[16-12-2020|14:10:39] <main>:[   ] Log   : New Logger from NewLifeUtils.py/lm=LoggerModule()
[16-12-2020|14:10:47] <main>:[   ] Log   : New Logger from NewLifeUtils.py/lm=LoggerModule()
[16-12-2020|14:10:53] <main>:[   ] Log   : New Logger from NewLifeUtils.py/lm=LoggerModule()
[16-12-2020|14:12:16] <main>:[   ] Log   : New Logger from NewLifeUtils.py/lm=LoggerModule()
[16-12-2020|14:14:12] <main>:[   ] Log   : New Logger from NewLifeUtils.py/lm=LoggerModule()
[16-12-2020|14:14:24] <main>:[   ] Log   : New Logger from NewLifeUtils.py/lm=LoggerModule()
[16-12-2020|14:14:24] <main>:[   ] Log   : New Logger from NewLifeUtils.py/testNlu()
[16-12-2020|14:14:35] <main>:[   ] Log   : New Logger from NewLifeUtils.py/lm=LoggerModule()
[16-12-2020|14:14:35] <main>:[   ] Log   : New Logger from NewLifeUtils.py/testNlu()
[16-12-2020|14:27:24] <main>:[   ] Log   : New Logger from NewLifeUtils.py/lm=LoggerModule()
[16-12-2020|14:27:24] <main>:[   ] Log   : New Logger from NewLifeUtils.py/testNlu()
[16-12-2020|14:41:59] <main>:[   ] Log   : New Logger from NewLifeUtils.py/lm=LoggerModule()
[16-12-2020|14:41:59] <main>:[   ] Log   : New Logger from NewLifeUtils.py/testNlu()
[16-12-2020|14:42:03] <main>:[   ] Log   : New Logger from NewLifeUtils.py/cmd=CustomShellModule()
[14:42:03] Error[!]   : 
-------------- Fatal Error![!]      --------------------
Type: Exception

About Error:[!]:
	Console commands with the same names were registered. here is a list of registered console commands (their names)
	Commands: инфо, cls[!], cls[!], hello[!], exit[!]
	TIP: check register section and delete or change one of the commands	

-------------- Fatal Error![!]      --------------------

[16-12-2020|14:42:14] <main>:[   ] Log   : New Logger from NewLifeUtils.py/cmd=CustomShellModule()
[14:42:14] Error[!]   : 
-------------- Fatal Error![!]      --------------------
Type: Exception

About Error:[!]:
	Console commands with the same names were registered. here is a list of registered console commands (their names)
	Commands: инфо, cls[!], cls[!], hello[!], exit[!]
	TIP: check register section and delete or change one of the commands	

-------------- Fatal Error![!]      --------------------

[16-12-2020|14:43:03] <main>:[   ] Log   : New Logger from NewLifeUtils.py/cmd=CustomShellModule()
[14:43:03] Log[!]     : Welcome to [!] root[!]
[14:43:04] Read[!]    : Root[!] > > [asd]
[14:43:04] Warn[!]    : Unknown Command, type "help"
[14:43:08] Read[!]    : Root[!] > > [help]
[14:43:08] Warn[!]    : Unknown Command, type "help"
[14:43:12] Read[!]    : Root[!] > > [help]
[14:43:12] Warn[!]    : Unknown Command, type "help"
[14:43:15] Read[!]    : Root[!] > > [help[!]]
[14:43:15] Warn[!]    : Unknown Command, type "help"
[14:43:18] Read[!]    : Root[!] > > ['help[!]']
[14:43:18] Warn[!]    : Unknown Command, type "help"
[14:43:22] Read[!]    : Root[!] > > ["help[!]"]
[14:43:22] Warn[!]    : Unknown Command, type "help"
[16-12-2020|14:43:44] <main>:[   ] Log   : New Logger from NewLifeUtils.py/cmd=CustomShellModule()
[14:43:44] Log_deben  : Welcome to _deben root_deben
[14:43:51] Read_deben : Root_Deben > > [help_deben]
[14:43:51] Warn_deben : Unknown Command, type "help"
[14:43:53] Read_deben : Root_Deben > > [help]
[14:43:53] Warn_deben : Unknown Command, type "help"
[14:43:57] Read_deben : Root_Deben > > [help _deben]
[14:43:57] Warn_deben : Unknown Command, type "help"
[16-12-2020|14:44:08] <main>:[   ] Log   : New Logger from NewLifeUtils.py/cmd=CustomShellModule()
[14:44:08] Log_       : Welcome to _ root_
[14:44:12] Read_      : Root_ > > [help)]
[14:44:12] Warn_      : Unknown Command, type "help"
[14:44:14] Read_      : Root_ > > [help_]
[14:44:14] Warn_      : Unknown Command, type "help"
[14:44:16] Read_      : Root_ > > []
[14:44:17] Read_      : Root_ > > [help]
[14:44:17] Warn_      : Unknown Command, type "help"
[16-12-2020|14:45:00] <main>:[   ] Log   : New Logger from NewLifeUtils.py/cmd=CustomShellModule()
[14:45:00] oLog       : oWelcome to  oroot
[14:45:04] oRead      : Oroot > > [ohelp]
[14:45:04] oroot HELP : 
oroot - odefault console
	инфо
		Description : Вся информация о коммандах
		Aliases     : инфо, информация
		Usage       : инфо 
	ocls
		Description : oclears display
		Aliases     : ocls, oclearscreen
		Usage       : ocls 
	ohelp
		Description : odisplays all commands in this module
		Aliases     : ohelp
		Usage       : ohelp [ocommand|'commands'] 
	ohello
		Description : obuiltin command
		Aliases     : ohello, ohi
		Usage       : ohello [oname] 
	oexit
		Description : oExit from ConsoleShellManager
		Aliases     : oexit, oquit
		Usage       : oexit 

[16-12-2020|14:46:04] <main>:[   ] Log   : New Logger from NewLifeUtils.py/lm=LoggerModule()
[16-12-2020|14:46:04] <main>:[   ] Log   : New Logger from NewLifeUtils.py/testNlu()
[16-12-2020|15:17:44] <main>:[   ] Log   : New Logger from NewLifeUtils.py/lm=LoggerModule()
[16-12-2020|15:17:44] <main>:[   ] Log   : New Logger from NewLifeUtils.py/testNlu()
[16-12-2020|15:30:15] <main>:[   ] Log   : New Logger from NewLifeUtils.py/cmd=CustomShellModule()
[15:30:15] Log        : Welcome to  root
[16-12-2020|15:30:41] <main>:[   ] Log   : New Logger from NewLifeUtils.py/lm=LoggerModule()
[16-12-2020|15:30:42] <main>:[   ] Log   : New Logger from NewLifeUtils.py/testNlu()
[16-12-2020|15:30:53] <main>:[   ] Log   : New Logger from NewLifeUtils.py/lm=LoggerModule()
[16-12-2020|15:30:53] <main>:[   ] Log   : New Logger from NewLifeUtils.py/testNlu()
[16-12-2020|15:34:12] <main>:[   ] Log   : New Logger from NewLifeUtils.py/cmd=CustomShellModule()
[15:34:12] Log        : Welcome to  root
[16-12-2020|15:51:11] <main>:[   ] Log   : New Logger from NewLifeUtils.py/logger=LoggerModule()
[15:51:12] Log        : {'Names': [('Аркадий', 'Алексей')]}
[16-12-2020|15:59:10] <main>:[   ] Log   : New Logger from NewLifeUtils.py/logger=LoggerModule()
[15:59:10] Log        : {'name': [('Аркадий', 'Елизавета')], 'surname': [('Котазов', 'Алексей')], 'patronymic': [('Аркадий', 'Алексей')]}
[16-12-2020|15:59:48] <main>:[   ] Log   : New Logger from NewLifeUtils.py/logger=LoggerModule()
[15:59:48] Log        : {'name': [('Аркадий', 'Елизавета')], 'surname': [('Котазов', 'Алексей')], 'patronymic': [('Аркадий', 'Алексей')]}
[16-12-2020|16:00:18] <main>:[   ] Log   : New Logger from NewLifeUtils.py/logger=LoggerModule()
[16:00:18] Log        : {'name': [('Аркадий', 'Елизавета')], 'surname': [('Котазов', 'Алексей')], 'patronymic': [('Аркадий', 'Алексей')]}
[16-12-2020|16:00:26] <main>:[   ] Log   : New Logger from NewLifeUtils.py/logger=LoggerModule()
[16:00:26] Log        : {'name': [('Аркадий', 'Елизавета')], 'surname': [('Котазов', 'Алексей')], 'patronymic': [('Аркадий', 'Алексей')]}
[16-12-2020|16:01:15] <main>:[   ] Log   : New Logger from NewLifeUtils.py/logger=LoggerModule()
[16:01:16] Log        : {'name': [('Аркадий', 'Елизавета')], 'surname': [('Котазов', 'Алексей')], 'patronymic': [('Аркадий', 'Алексей')]}
[16-12-2020|16:01:28] <main>:[   ] Log   : New Logger from NewLifeUtils.py/logger=LoggerModule()
[16:01:28] Log        : {'name': [('Аркадий', 'Елизавета')], 'surname': [('Котазов', 'Алексей')], 'patronymic': [('Аркадий', 'Алексей')]}
[16-12-2020|16:01:37] <main>:[   ] Log   : New Logger from NewLifeUtils.py/logger=LoggerModule()
[16:01:38] Log        : {'name': [('Аркадий', 'Елизавета')], 'surname': [('Котазов', 'Алексей')], 'patronymic': [('Аркадий', 'Алексей')]}
[16-12-2020|16:02:06] <main>:[   ] Log   : New Logger from NewLifeUtils.py/logger=LoggerModule()
[16:02:06] Log        : {'name': ['Аркадий', 'Елизавета'], 'surname': ['Котазов', 'Алексей'], 'patronymic': ['Аркадий', 'Алексей']}
[16-12-2020|16:28:53] <main>:[   ] Log   : New Logger from NewLifeUtils.py/logger=LoggerModule()
[16-12-2020|16:29:54] <main>:[   ] Log   : New Logger from NewLifeUtils.py/logger=LoggerModule()
[16-12-2020|16:30:06] <main>:[   ] Log   : New Logger from NewLifeUtils.py/logger=LoggerModule()
[16-12-2020|16:30:20] <main>:[   ] Log   : New Logger from NewLifeUtils.py/logger=LoggerModule()
[16-12-2020|16:30:36] <main>:[   ] Log   : New Logger from NewLifeUtils.py/lm=LoggerModule()
[16-12-2020|16:30:37] <main>:[   ] Log   : New Logger from NewLifeUtils.py/testNlu()
[16-12-2020|16:30:41] <main>:[   ] Log   : New Logger from NewLifeUtils.py/logger=LoggerModule()
[16-12-2020|16:31:41] <main>:[   ] Log   : New Logger from NewLifeUtils.py/logger=LoggerModule()
[16-12-2020|16:31:54] <main>:[   ] Log   : New Logger from NewLifeUtils.py/logger=LoggerModule()
[16-12-2020|16:32:09] <main>:[   ] Log   : New Logger from NewLifeUtils.py/logger=LoggerModule()
[16-12-2020|16:32:13] <main>:[   ] Log   : New Logger from NewLifeUtils.py/logger=LoggerModule()
[16-12-2020|16:32:15] <main>:[   ] Log   : New Logger from NewLifeUtils.py/logger=LoggerModule()
[16-12-2020|16:33:13] <main>:[   ] Log   : New Logger from NewLifeUtils.py/logger=LoggerModule()
[16-12-2020|16:33:35] <main>:[   ] Log   : New Logger from NewLifeUtils.py/logger=LoggerModule()
[16-12-2020|16:33:40] <main>:[   ] Log   : New Logger from NewLifeUtils.py/logger=LoggerModule()
[16-12-2020|16:34:02] <main>:[   ] Log   : New Logger from NewLifeUtils.py/logger=LoggerModule()
[16-12-2020|16:34:38] <main>:[   ] Log   : New Logger from NewLifeUtils.py/logger=LoggerModule()
[16-12-2020|16:34:54] <main>:[   ] Log   : New Logger from NewLifeUtils.py/logger=LoggerModule()
[16-12-2020|16:35:01] <main>:[   ] Log   : New Logger from NewLifeUtils.py/logger=LoggerModule()
[16-12-2020|16:36:47] <main>:[   ] Log   : New Logger from NewLifeUtils.py/logger=LoggerModule()
[16-12-2020|16:37:20] <main>:[   ] Log   : New Logger from NewLifeUtils.py/logger=LoggerModule()
[16-12-2020|16:37:33] <main>:[   ] Log   : New Logger from NewLifeUtils.py/logger=LoggerModule()
[16:37:33] Log        : {'names': [['Абрам', 'Аввакум', 'Август', 'Августа', 'Авраам', 'Агафон', 'Ада', 'Адам', 'Аделина', 'Адельфина', 'Адольф', 'Адриан', 'Аза', 'Азарий', 'Азиза', 'Аида', 'Аким', 'Аксинья', 'Алан', 'Александра', 'Алексей', 'Алика', 'Алина', 'Алиса', 'Амелия', 'Амина', 'Анастасия', 'Анатолий', 'Ангелина', 'Андрей', 'Андриана', 'Анжелика', 'Анисья', 'Анита', 'Анна', 'Анфиса', 'Анэля', 'Аполлон', 'Аристарх', 'Аркадий', 'Арсен', 'Артем', 'Артемида', 'Артур', 'Архелия', 'Аскольд', 'Бенедикт', 'Берта', 'Богдан', 'Борис', 'Валентин', 'Валерий', 'Валерия', 'Вальтер', 'Василий', 'Велор', 'Венедикт', 'Вероника', 'Весняна', 'Виктор', 'Виктория', 'Вилен', 'Вилора', 'Винетта', 'Виоланта', 'Виолетта', 'Виргиния', 'Виссарион', 'Виталий', 'Витольд', 'Владимир', 'Владислав', 'Владлена', 'Власий', 'Вольдемар', 'Всеволод', 'Габриэлла', 'Гавриил', 'Галина', 'Гаянэ', 'Гелена', 'Гелла', 'Геннадий', 'Георгина', 'Герман', 'Глафира', 'Глеб', 'Глория', 'Гордей', 'Григорий', 'Дана', 'Даниил', 'Даниэла', 'Данна', 'Дария', 'Дарья', 'Дарьяна', 'Дебора', 'Демьян', 'Денис', 'Джема', 'Дина', 'Диодора', 'Дионисия', 'Диша', 'Дмитрий', 'Дональд', 'Донат', 'Дэнна', 'Ева', 'Евгений', 'Егор', 'Екатерина', 'Елена', 'Емельян', 'Ермолай', 'Жанна', 'Зарина', 'Захар', 'Зиновий', 'Иветта', 'Ивона', 'Игнат', 'Игорь', 'Изольда', 'Илона', 'Илья', 'Инна', 'Иннокентий', 'Иоанна', 'Иоланта', 'Иосиф', 'Ираида', 'Ирэн', 'Ирэна', 'Исак', 'Камилла', 'Кара', 'Карина', 'Кассиан', 'Келен', 'Кирилл', 'Клавдия', 'Клара', 'Кондрат', 'Кондратий', 'Константин', 'Корнелий', 'Кристина', 'Лаврентий', 'Лариса', 'Лев', 'Леонард', 'Леонид', 'Леонтий', 'Лиана', 'Лилу', 'Лина', 'Лия', 'Луиза', 'Лука', 'Лукьян', 'Любовь', 'Любомир', 'Людвиг', 'Ляля', 'Май', 'Макар', 'Максим', 'Максимилиан', 'Малика', 'Мальта', 'Маргарита', 'Мариша', 'Марк', 'Мартина', 'Мартын', 'Марфа', 'Матвей', 'Мечислав', 'Милана', 'Милена', 'Милиса', 'Милослава', 'Мирон', 'Митрофан', 'Михаил', 'Мия', 'Моисей', 'Мстислав', 'Назарий', 'Наталия', 'Наталья', 'Наум', 'Нева', 'Нега', 'Неолина', 'Николь', 'Нила', 'Нинна', 'Нисон', 'Нонна', 'Оксана', 'Олег', 'Ольга', 'Орест', 'Осип', 'Оскар', 'Остап', 'Павел', 'Патрисия', 'Петр', 'Платон', 'Полианна', 'Полина', 'Рая', 'Риана', 'Розалина', 'Розалия', 'Романа', 'Рудольф', 'Руслан', 'Савелий', 'Санда', 'Сандра', 'Северина', 'Серафима', 'Сергей', 'Сильва', 'Симона', 'Снежана', 'Соломон', 'Степан', 'Таисия', 'Тарас', 'Терентий', 'Тимофей', 'Тимур', 'Тихон', 'Томила', 'Триана', 'Трофим', 'Ульна', 'Ульяна', 'Устинья', 'Фаня', 'Феликс', 'Фелиция', 'Феодосия', 'Фия', 'Флор', 'Франсуаза', 'Харитина', 'Харитон', 'Хильда', 'Эдилия', 'Эдита', 'Эжени', 'Элеонора', 'Эльвира', 'Эльдар', 'Эльза', 'Эмилия', 'Эрик', 'Эшли', 'Юлиан', 'Юлиана', 'Юлий', 'Юфеза', 'Ян']], 'surnames': [['Абрам', 'Аввакум', 'Август', 'Августа', 'Авраам', 'Агафон', 'Ада', 'Адам', 'Аделина', 'Адельфина', 'Адольф', 'Адриан', 'Аза', 'Азарий', 'Азиза', 'Аида', 'Аким', 'Аксинья', 'Алан', 'Александра', 'Алексей', 'Алика', 'Алина', 'Алиса', 'Амелия', 'Амина', 'Анастасия', 'Анатолий', 'Ангелина', 'Андрей', 'Андриана', 'Анжелика', 'Анисья', 'Анита', 'Анна', 'Анфиса', 'Анэля', 'Аполлон', 'Аристарх', 'Аркадий', 'Арсен', 'Артем', 'Артемида', 'Артур', 'Архелия', 'Аскольд', 'Бенедикт', 'Берта', 'Богдан', 'Борис', 'Валентин', 'Валерий', 'Валерия', 'Вальтер', 'Василий', 'Велор', 'Венедикт', 'Вероника', 'Весняна', 'Виктор', 'Виктория', 'Вилен', 'Вилора', 'Винетта', 'Виоланта', 'Виолетта', 'Виргиния', 'Виссарион', 'Виталий', 'Витольд', 'Владимир', 'Владислав', 'Владлена', 'Власий', 'Вольдемар', 'Всеволод', 'Габриэлла', 'Гавриил', 'Галина', 'Гаянэ', 'Гелена', 'Гелла', 'Геннадий', 'Георгина', 'Герман', 'Глафира', 'Глеб', 'Глория', 'Гордей', 'Григорий', 'Дана', 'Даниил', 'Даниэла', 'Данна', 'Дария', 'Дарья', 'Дарьяна', 'Дебора', 'Демьян', 'Денис', 'Джема', 'Дина', 'Диодора', 'Дионисия', 'Диша', 'Дмитрий', 'Дональд', 'Донат', 'Дэнна', 'Ева', 'Евгений', 'Егор', 'Екатерина', 'Елена', 'Емельян', 'Ермолай', 'Жанна', 'Зарина', 'Захар', 'Зиновий', 'Иветта', 'Ивона', 'Игнат', 'Игорь', 'Изольда', 'Илона', 'Илья', 'Инна', 'Иннокентий', 'Иоанна', 'Иоланта', 'Иосиф', 'Ираида', 'Ирэн', 'Ирэна', 'Исак', 'Камилла', 'Кара', 'Карина', 'Кассиан', 'Келен', 'Кирилл', 'Клавдия', 'Клара', 'Кондрат', 'Кондратий', 'Константин', 'Корнелий', 'Кристина', 'Лаврентий', 'Лариса', 'Лев', 'Леонард', 'Леонид', 'Леонтий', 'Лиана', 'Лилу', 'Лина', 'Лия', 'Луиза', 'Лука', 'Лукьян', 'Любовь', 'Любомир', 'Людвиг', 'Ляля', 'Май', 'Макар', 'Максим', 'Максимилиан', 'Малика', 'Мальта', 'Маргарита', 'Мариша', 'Марк', 'Мартина', 'Мартын', 'Марфа', 'Матвей', 'Мечислав', 'Милана', 'Милена', 'Милиса', 'Милослава', 'Мирон', 'Митрофан', 'Михаил', 'Мия', 'Моисей', 'Мстислав', 'Назарий', 'Наталия', 'Наталья', 'Наум', 'Нева', 'Нега', 'Неолина', 'Николь', 'Нила', 'Нинна', 'Нисон', 'Нонна', 'Оксана', 'Олег', 'Ольга', 'Орест', 'Осип', 'Оскар', 'Остап', 'Павел', 'Патрисия', 'Петр', 'Платон', 'Полианна', 'Полина', 'Рая', 'Риана', 'Розалина', 'Розалия', 'Романа', 'Рудольф', 'Руслан', 'Савелий', 'Санда', 'Сандра', 'Северина', 'Серафима', 'Сергей', 'Сильва', 'Симона', 'Снежана', 'Соломон', 'Степан', 'Таисия', 'Тарас', 'Терентий', 'Тимофей', 'Тимур', 'Тихон', 'Томила', 'Триана', 'Трофим', 'Ульна', 'Ульяна', 'Устинья', 'Фаня', 'Феликс', 'Фелиция', 'Феодосия', 'Фия', 'Флор', 'Франсуаза', 'Харитина', 'Харитон', 'Хильда', 'Эдилия', 'Эдита', 'Эжени', 'Элеонора', 'Эльвира', 'Эльдар', 'Эльза', 'Эмилия', 'Эрик', 'Эшли', 'Юлиан', 'Юлиана', 'Юлий', 'Юфеза', 'Ян']], 'patronymics': [['Абрам', 'Аввакум', 'Август', 'Августа', 'Авраам', 'Агафон', 'Ада', 'Адам', 'Аделина', 'Адельфина', 'Адольф', 'Адриан', 'Аза', 'Азарий', 'Азиза', 'Аида', 'Аким', 'Аксинья', 'Алан', 'Александра', 'Алексей', 'Алика', 'Алина', 'Алиса', 'Амелия', 'Амина', 'Анастасия', 'Анатолий', 'Ангелина', 'Андрей', 'Андриана', 'Анжелика', 'Анисья', 'Анита', 'Анна', 'Анфиса', 'Анэля', 'Аполлон', 'Аристарх', 'Аркадий', 'Арсен', 'Артем', 'Артемида', 'Артур', 'Архелия', 'Аскольд', 'Бенедикт', 'Берта', 'Богдан', 'Борис', 'Валентин', 'Валерий', 'Валерия', 'Вальтер', 'Василий', 'Велор', 'Венедикт', 'Вероника', 'Весняна', 'Виктор', 'Виктория', 'Вилен', 'Вилора', 'Винетта', 'Виоланта', 'Виолетта', 'Виргиния', 'Виссарион', 'Виталий', 'Витольд', 'Владимир', 'Владислав', 'Владлена', 'Власий', 'Вольдемар', 'Всеволод', 'Габриэлла', 'Гавриил', 'Галина', 'Гаянэ', 'Гелена', 'Гелла', 'Геннадий', 'Георгина', 'Герман', 'Глафира', 'Глеб', 'Глория', 'Гордей', 'Григорий', 'Дана', 'Даниил', 'Даниэла', 'Данна', 'Дария', 'Дарья', 'Дарьяна', 'Дебора', 'Демьян', 'Денис', 'Джема', 'Дина', 'Диодора', 'Дионисия', 'Диша', 'Дмитрий', 'Дональд', 'Донат', 'Дэнна', 'Ева', 'Евгений', 'Егор', 'Екатерина', 'Елена', 'Емельян', 'Ермолай', 'Жанна', 'Зарина', 'Захар', 'Зиновий', 'Иветта', 'Ивона', 'Игнат', 'Игорь', 'Изольда', 'Илона', 'Илья', 'Инна', 'Иннокентий', 'Иоанна', 'Иоланта', 'Иосиф', 'Ираида', 'Ирэн', 'Ирэна', 'Исак', 'Камилла', 'Кара', 'Карина', 'Кассиан', 'Келен', 'Кирилл', 'Клавдия', 'Клара', 'Кондрат', 'Кондратий', 'Константин', 'Корнелий', 'Кристина', 'Лаврентий', 'Лариса', 'Лев', 'Леонард', 'Леонид', 'Леонтий', 'Лиана', 'Лилу', 'Лина', 'Лия', 'Луиза', 'Лука', 'Лукьян', 'Любовь', 'Любомир', 'Людвиг', 'Ляля', 'Май', 'Макар', 'Максим', 'Максимилиан', 'Малика', 'Мальта', 'Маргарита', 'Мариша', 'Марк', 'Мартина', 'Мартын', 'Марфа', 'Матвей', 'Мечислав', 'Милана', 'Милена', 'Милиса', 'Милослава', 'Мирон', 'Митрофан', 'Михаил', 'Мия', 'Моисей', 'Мстислав', 'Назарий', 'Наталия', 'Наталья', 'Наум', 'Нева', 'Нега', 'Неолина', 'Николь', 'Нила', 'Нинна', 'Нисон', 'Нонна', 'Оксана', 'Олег', 'Ольга', 'Орест', 'Осип', 'Оскар', 'Остап', 'Павел', 'Патрисия', 'Петр', 'Платон', 'Полианна', 'Полина', 'Рая', 'Риана', 'Розалина', 'Розалия', 'Романа', 'Рудольф', 'Руслан', 'Савелий', 'Санда', 'Сандра', 'Северина', 'Серафима', 'Сергей', 'Сильва', 'Симона', 'Снежана', 'Соломон', 'Степан', 'Таисия', 'Тарас', 'Терентий', 'Тимофей', 'Тимур', 'Тихон', 'Томила', 'Триана', 'Трофим', 'Ульна', 'Ульяна', 'Устинья', 'Фаня', 'Феликс', 'Фелиция', 'Феодосия', 'Фия', 'Флор', 'Франсуаза', 'Харитина', 'Харитон', 'Хильда', 'Эдилия', 'Эдита', 'Эжени', 'Элеонора', 'Эльвира', 'Эльдар', 'Эльза', 'Эмилия', 'Эрик', 'Эшли', 'Юлиан', 'Юлиана', 'Юлий', 'Юфеза', 'Ян']]}
[16-12-2020|16:37:49] <main>:[   ] Log   : New Logger from NewLifeUtils.py/logger=LoggerModule()
[16:37:49] Log        : {'names': [['Абрам', 'Аввакум', 'Август', 'Августа', 'Авраам', 'Агафон', 'Ада', 'Адам', 'Аделина', 'Адельфина', 'Адольф', 'Адриан', 'Аза', 'Азарий', 'Азиза', 'Аида', 'Аким', 'Аксинья', 'Алан', 'Александра', 'Алексей', 'Алика', 'Алина', 'Алиса', 'Амелия', 'Амина', 'Анастасия', 'Анатолий', 'Ангелина', 'Андрей', 'Андриана', 'Анжелика', 'Анисья', 'Анита', 'Анна', 'Анфиса', 'Анэля', 'Аполлон', 'Аристарх', 'Аркадий', 'Арсен', 'Артем', 'Артемида', 'Артур', 'Архелия', 'Аскольд', 'Бенедикт', 'Берта', 'Богдан', 'Борис', 'Валентин', 'Валерий', 'Валерия', 'Вальтер', 'Василий', 'Велор', 'Венедикт', 'Вероника', 'Весняна', 'Виктор', 'Виктория', 'Вилен', 'Вилора', 'Винетта', 'Виоланта', 'Виолетта', 'Виргиния', 'Виссарион', 'Виталий', 'Витольд', 'Владимир', 'Владислав', 'Владлена', 'Власий', 'Вольдемар', 'Всеволод', 'Габриэлла', 'Гавриил', 'Галина', 'Гаянэ', 'Гелена', 'Гелла', 'Геннадий', 'Георгина', 'Герман', 'Глафира', 'Глеб', 'Глория', 'Гордей', 'Григорий', 'Дана', 'Даниил', 'Даниэла', 'Данна', 'Дария', 'Дарья', 'Дарьяна', 'Дебора', 'Демьян', 'Денис', 'Джема', 'Дина', 'Диодора', 'Дионисия', 'Диша', 'Дмитрий', 'Дональд', 'Донат', 'Дэнна', 'Ева', 'Евгений', 'Егор', 'Екатерина', 'Елена', 'Емельян', 'Ермолай', 'Жанна', 'Зарина', 'Захар', 'Зиновий', 'Иветта', 'Ивона', 'Игнат', 'Игорь', 'Изольда', 'Илона', 'Илья', 'Инна', 'Иннокентий', 'Иоанна', 'Иоланта', 'Иосиф', 'Ираида', 'Ирэн', 'Ирэна', 'Исак', 'Камилла', 'Кара', 'Карина', 'Кассиан', 'Келен', 'Кирилл', 'Клавдия', 'Клара', 'Кондрат', 'Кондратий', 'Константин', 'Корнелий', 'Кристина', 'Лаврентий', 'Лариса', 'Лев', 'Леонард', 'Леонид', 'Леонтий', 'Лиана', 'Лилу', 'Лина', 'Лия', 'Луиза', 'Лука', 'Лукьян', 'Любовь', 'Любомир', 'Людвиг', 'Ляля', 'Май', 'Макар', 'Максим', 'Максимилиан', 'Малика', 'Мальта', 'Маргарита', 'Мариша', 'Марк', 'Мартина', 'Мартын', 'Марфа', 'Матвей', 'Мечислав', 'Милана', 'Милена', 'Милиса', 'Милослава', 'Мирон', 'Митрофан', 'Михаил', 'Мия', 'Моисей', 'Мстислав', 'Назарий', 'Наталия', 'Наталья', 'Наум', 'Нева', 'Нега', 'Неолина', 'Николь', 'Нила', 'Нинна', 'Нисон', 'Нонна', 'Оксана', 'Олег', 'Ольга', 'Орест', 'Осип', 'Оскар', 'Остап', 'Павел', 'Патрисия', 'Петр', 'Платон', 'Полианна', 'Полина', 'Рая', 'Риана', 'Розалина', 'Розалия', 'Романа', 'Рудольф', 'Руслан', 'Савелий', 'Санда', 'Сандра', 'Северина', 'Серафима', 'Сергей', 'Сильва', 'Симона', 'Снежана', 'Соломон', 'Степан', 'Таисия', 'Тарас', 'Терентий', 'Тимофей', 'Тимур', 'Тихон', 'Томила', 'Триана', 'Трофим', 'Ульна', 'Ульяна', 'Устинья', 'Фаня', 'Феликс', 'Фелиция', 'Феодосия', 'Фия', 'Флор', 'Франсуаза', 'Харитина', 'Харитон', 'Хильда', 'Эдилия', 'Эдита', 'Эжени', 'Элеонора', 'Эльвира', 'Эльдар', 'Эльза', 'Эмилия', 'Эрик', 'Эшли', 'Юлиан', 'Юлиана', 'Юлий', 'Юфеза', 'Ян']], 'surnames': [['Абрамова', 'Авдеев', 'Агафонов', 'Агафонович', 'Аксёнов', 'Аксёнова', 'Александров', 'Алексеевч', 'Андреев', 'Андреева', 'Анисимова', 'Антонов', 'Артемьев', 'Афанасьев', 'Баранова', 'Белов', 'Белова', 'Белозёрова', 'Белозёровч', 'Белоусова', 'Белоусовавна', 'Беляков', 'Беспалова', 'Блинова', 'Блохина', 'Бобров', 'Бобылёв', 'Бобылёва', 'Большакова', 'Борисов', 'Брагин', 'Брагина', 'Буров', 'Бурова', 'Быков', 'Васильев', 'Веселов', 'Веселована', 'Вишняков', 'Владимиров', 'Власов', 'Воробьёв', 'Воронцова', 'Гаврилов', 'Герасимова', 'Голубева', 'Горбачёв', 'Горбачёва', 'Горбунов', 'Горбунова', 'Гордеев', 'Горшков', 'Горшкова', 'Григорьев', 'Гришина', 'Громов', 'Гурьева', 'Гусев', 'Гусева', 'Давыдова', 'Данилов', 'Дементьев', 'Денисов', 'Доронина', 'Доронинана', 'Дорофеев', 'Дроздов', 'Дьячков', 'Дьячкова', 'Евдокимовч', 'Евсеев', 'Евсеева', 'Егоров', 'Егорова', 'Емельянов', 'Ермаков', 'Ермакова', 'Ершов', 'Ершова', 'Жданов', 'Зайцева', 'Захарова', 'Захароваа', 'Зиновьев', 'Зуев', 'Зуева', 'Зыков', 'Зыкова', 'Игнатьевана', 'Игнатьевич', 'Ильин', 'Исаева', 'Исакова', 'Кабанова', 'Калинин', 'Калинина', 'Капустин', 'Капустина', 'Карпова', 'Кириллов', 'Киселёв', 'Киселёва', 'Князева', 'Ковалёв', 'Ковалёва', 'Козлова', 'Колесников', 'Колесникова', 'Колобова', 'Кондратьева', 'Коновалова', 'Кононов', 'Константиноввич', 'Корнилов', 'Королёва', 'Костина', 'Котов', 'Котова', 'Кошелев', 'Крылов', 'Крылова', 'Крюков', 'Кудрявцевч', 'Кудряшована', 'Кузнецов', 'Кузнецова', 'Кузьмин', 'Кузьмина', 'Кулагинана', 'Кулакова', 'Куликов', 'Куликова', 'Лаврентьев', 'Лаврентьева', 'Лазарев', 'Лапин', 'Лапина', 'Ларионов', 'Лебедева', 'Лебедеваа', 'Лебедевавна', 'Лихачёв', 'Лобанов', 'Лобанова', 'Логинов', 'Логиновавовна', 'Лукин', 'Лыткина', 'Макаров', 'Мартынов', 'Мартыноваовна', 'Матвеева', 'Медведев', 'Мельников', 'Меркушев', 'Меркушева', 'Миронов', 'Михайлов', 'Михеев', 'Михеева', 'Моисеева', 'Моисееваа', 'Молчанова', 'Муравьёва', 'Мухин', 'Мышкин', 'Мышкина', 'Мясникова', 'Назаров', 'Назарована', 'Некрасова', 'Некрасована', 'Некрасоваовна', 'Нестерова', 'Никифорова', 'Николаев', 'Николаевана', 'Никонова', 'Новикова', 'Новиковаа', 'Носкова', 'Орехов', 'Орехова', 'Орлов', 'Осипова', 'Панова', 'Пахомова', 'Пестова', 'Пестоваа', 'Петрова', 'Петухов', 'Поляков', 'Полякова', 'Прохоров', 'Прохорова', 'Рогов', 'Рогова', 'Родионова', 'Рожков', 'Рожкова', 'Русаков', 'Рыбаков', 'Рябов', 'Рябова', 'Сазонов', 'Сазонована', 'Самойлов', 'Самсонов', 'Самсонова', 'Самсоноваа', 'Селезнёв', 'Селиверстов', 'Семёнова', 'Сергеев', 'Сергеева', 'Сидорова', 'Силин', 'Силина', 'Симонов', 'Симонова', 'Ситников', 'Смирнов', 'Смирнова', 'Соболев', 'Соболеваа', 'Соколов', 'Соловьёв', 'Сорокин', 'Стрелкова', 'Стрелковаа', 'Сысоева', 'Тарасов', 'Терентьев', 'Терентьева', 'Терентьевч', 'Тетерин', 'Тимофеев', 'Титова', 'Третьяков', 'Трофимов', 'Трофимоваа', 'Уваров', 'Уварова', 'Устинова', 'Фадеев', 'Федосеев', 'Федотова', 'Филатов', 'Филатова', 'Филиппова', 'Филиппович', 'Фокин', 'Фомин', 'Фомичёвана', 'Хохлов', 'Цветков', 'Цветкова', 'Чернов', 'Шарапов', 'Шарапова', 'Шашков', 'Шилов', 'Шилова', 'Ширяев', 'Шубина', 'Щербаков', 'Щербакова', 'Щукин', 'Щукина', 'Юдин', 'Яковлев', 'Яковлева', 'Якушева']], 'patronymics': [['Авдеевич', 'Авдеевна', 'Авксентьевич', 'Авксентьевна', 'Агафонович', 'Агафоновна', 'Адольфов', 'Адольфович', 'Александровн', 'Александровна', 'Алексеевич', 'Алексеевна', 'Альбертович', 'Альбертовна', 'Альвианович', 'Альвиановна', 'Анатолье', 'Анатольевич', 'Анатольевна', 'Андреевич', 'Андреевна', 'Антониновна', 'Антонович', 'Антоновна', 'Аристархович', 'Аристарховна', 'Аркадьев', 'Аркадьевич', 'Аркадьевна', 'Арсеньев', 'Арсеньевич', 'Арсеньевна', 'Артемович', 'Артемовна', 'Артёмовна', 'Богданович', 'Богдановна', 'Богуславовна', 'Борисови', 'Борисович', 'Борисовна', 'Вадимович', 'Вадимовна', 'Валентинович', 'Валентиновна', 'Валерьевич', 'Валерьевна', 'Валерьянович', 'Валерьяновна', 'Васильевич', 'Васильевна', 'Вениаминович', 'Вениаминовна', 'Викторович', 'Викторовна', 'Витальевна', 'Владимир', 'Владимирович', 'Владимировна', 'Владиславович', 'Владиславовна', 'Владленович', 'Владленовна', 'Всеволодович', 'Вячеславович', 'Вячеславовна', 'Геласьевич', 'Геласьевна', 'Геннадиевич', 'Геннадьевич', 'Геннадьевна', 'Георгиевич', 'Георгиевна', 'Георгьев', 'Георгьевич', 'Георгьевна', 'Германно', 'Германнович', 'Германновна', 'Германович', 'Германовна', 'Глебович', 'Глебовна', 'Гордеевич', 'Гордеевна', 'Григорьевич', 'Григорьевна', 'Давидович', 'Давидовна', 'Дамирови', 'Даниилович', 'Данииловна', 'Данилович', 'Даниловна', 'Демьянов', 'Демьянович', 'Демьяновна', 'Денисович', 'Денисовн', 'Дмитриев', 'Дмитриевич', 'Дмитриевна', 'Дмитрьевич', 'Донатовна', 'Евгеньевна', 'Евсеевич', 'Евсеевна', 'Егорович', 'Егоровна', 'Еремеевич', 'Еремеевна', 'Ефимович', 'Ефимовна', 'Иванович', 'Ивановна', 'Игнатьевич', 'Игоревич', 'Игоревна', 'Ильяович', 'Ильяовна', 'Иосифович', 'Иосифовна', 'Иринеевич', 'Кимович', 'Кимовна', 'Кирилловна', 'Константинов', 'Константинович', 'Константиновна', 'Куприянович', 'Куприяновна', 'Лаврентьевич', 'Лаврентьевна', 'Леонидович', 'Леонидовна', 'Лукьевич', 'Лукьянов', 'Лукьянович', 'Лукьяновна', 'Макарович', 'Макаровна', 'Максимович', 'Максович', 'Максовна', 'Мартыновна', 'Матвеевич', 'Миронович', 'Мироновна', 'Митрофан', 'Митрофанович', 'Михаилович', 'Михаиловна', 'Михайлович', 'Михайловна', 'Мэлорович', 'Мэлоровна', 'Мэлсович', 'Мэлсовна', 'Натанович', 'Наумович', 'Никитевич', 'Никитевна', 'Николаевич', 'Олегович', 'Олеговна', 'Онисимов', 'Онисимович', 'Онисимовна', 'Оскарович', 'Оскаровн', 'Оскаровна', 'Павловна', 'Пантелеймоно', 'Пантелеймонович', 'Пантелеймоновна', 'Парфеньевич', 'Парфеньевна', 'Петрович', 'Петровна', 'Платонович', 'Проклович', 'Прокловна', 'Протасьевич', 'Протасьевна', 'Пётрович', 'Пётровна', 'Робертович', 'Робертовна', 'Романович', 'Ростиславовн', 'Рубеновна', 'Рудольфович', 'Рудольфовна', 'Русланов', 'Русланович', 'Руслановна', 'Святославовн', 'Семенови', 'Семенович', 'Семеновн', 'Семеновна', 'Семёновна', 'Серапионович', 'Серапионовна', 'Сергеевич', 'Сергеевна', 'Созонович', 'Созоновна', 'Станисла', 'Станиславович', 'Станиславовна', 'Степанович', 'Степановна', 'Тарасович', 'Тарасовна', 'Тимофеев', 'Тимофеевич', 'Тимофеевна', 'Тимурович', 'Тимуровн', 'Тимуровна', 'Тихонович', 'Тихоновна', 'Улебович', 'Улебовна', 'Федоровна', 'Федосеевич', 'Федосеевна', 'Федотович', 'Феликсовна', 'Филатович', 'Филатовн', 'Филатовна', 'Филиппов', 'Филиппович', 'Филипповна', 'Фролович', 'Фроловна', 'Христофорови', 'Христофорович', 'Христофоровна', 'Эдуардович', 'Эдуардовна', 'Эльдарович', 'Юлианович', 'Юлиановна', 'Юрьевич', 'Юрьевна', 'Яковлевич', 'Якововна', 'Якуновна', 'Ярославович', 'Ярославовна']]}
[16-12-2020|16:38:33] <main>:[   ] Log   : New Logger from NewLifeUtils.py/logger=LoggerModule()
[16:38:33] Log        : <__main__.DataSector object at 0x0000021861D37760>
[16-12-2020|17:24:35] <main>:[   ] Log---: New Logger from NewLifeUtils.py/lm=LoggerModule()
[16-12-2020|17:24:36] <main>:[   ] Log---: New Logger from NewLifeUtils.py/testNlu()
[16-12-2020|17:24:54] <main>:[   ] Log---: New Logger from NewLifeUtils.py/lm=LoggerModule()
[16-12-2020|17:31:17] <main>:[   ] Log---: New Logger from NewLifeUtils.py/lm=LoggerModule()
[16-12-2020|17:31:18] <main>:[   ] Log---: New Logger from NewLifeUtils.py/testNlu()
[16-12-2020|17:31:29] <main>:[   ] Log---: New Logger from NewLifeUtils.py/lm=LoggerModule()
[16-12-2020|17:31:29] <main>:[   ] Log---: New Logger from NewLifeUtils.py/testNlu()
