[19-12-2020|17:44:38] <main>:[   ] Log   : New Logger from NewLifeUtils.py/logger=LoggerModule()
[19-12-2020|17:45:05] <main>:[   ] Log   : New Logger from NewLifeUtils.py/logger=LoggerModule()
[19-12-2020|17:45:41] <main>:[   ] Log   : New Logger from NewLifeUtils.py/logger=LoggerModule()
[19-12-2020|17:47:35] <main>:[   ] Log   : New Logger from NewLifeUtils.py/logger=LoggerModule()
[19-12-2020|17:48:32] <main>:[   ] Log   : New Logger from NewLifeUtils.py/logger=LoggerModule()
[19-12-2020|17:48:41] <main>:[   ] Log   : New Logger from NewLifeUtils.py/logger=LoggerModule()
[19-12-2020|17:49:15] <main>:[   ] Log   : New Logger from NewLifeUtils.py/logger=LoggerModule()
[19-12-2020|17:49:32] <main>:[   ] Log   : New Logger from NewLifeUtils.py/logger=LoggerModule()
[19-12-2020|17:51:09] <main>:[   ] Log   : New Logger from NewLifeUtils.py/logger=LoggerModule()
[19-12-2020|17:52:21] <main>:[   ] Log   : New Logger from NewLifeUtils.py/logger=LoggerModule()
[19-12-2020|17:52:30] <main>:[   ] Log   : New Logger from NewLifeUtils.py/logger=LoggerModule()
[19-12-2020|17:52:54] <main>:[   ] Log   : New Logger from NewLifeUtils.py/logger=LoggerModule()
[19-12-2020|17:53:15] <main>:[   ] Log   : New Logger from NewLifeUtils.py/logger=LoggerModule()
[19-12-2020|18:13:30] <main>:[   ] Log   : New Logger from NewLifeUtils.py/lm=LoggerModule()
[19-12-2020|18:13:30] <main>:[   ] Log   : New Logger from NewLifeUtils.py/testNlu()
[19-12-2020|18:38:49] <main>:[   ] Log   : New Logger from NewLifeUtils.py/logger=LoggerModule()
[19-12-2020|18:38:52] <main>:[   ] Log   : New Logger from NewLifeUtils.py/logger=LoggerModule()
[19-12-2020|18:42:35] <main>:[   ] Log   : New Logger from NewLifeUtils.py/logger=LoggerModule()
[19-12-2020|18:42:57] <main>:[   ] Log   : New Logger from NewLifeUtils.py/logger=LoggerModule()
[19-12-2020|18:43:02] <main>:[   ] Log   : New Logger from NewLifeUtils.py/logger=LoggerModule()
[19-12-2020|18:43:18] <main>:[   ] Log   : New Logger from NewLifeUtils.py/logger=LoggerModule()
[19-12-2020|18:44:55] <main>:[   ] Log   : New Logger from NewLifeUtils.py/logger=LoggerModule()
[19-12-2020|18:45:23] <main>:[   ] Log   : New Logger from NewLifeUtils.py/logger=LoggerModule()
[18:45:23] Log        : Школа в посёлок городского типе Нарьян-Мар #109
[19-12-2020|18:45:58] <main>:[   ] Log   : New Logger from NewLifeUtils.py/logger=LoggerModule()
[18:45:59] Log        : Школа в посёлок городского типе Урюпинск #48
[19-12-2020|18:51:13] <main>:[   ] Log   : New Logger from NewLifeUtils.py/logger=LoggerModule()
[19-12-2020|18:53:10] <main>:[   ] Log   : New Logger from NewLifeUtils.py/cmd=CustomShellModule()
[19-12-2020|18:53:10] <main>:[   ] Log   : New Logger from NewLifeUtils.py/cmd.main()
[18:53:10] Log        : Welcome to  root
[19-12-2020|21:28:17] <main>:[   ] Log   : New Logger from NewLifeUtils.py/lm=LoggerModule()
[19-12-2020|21:28:17] <main>:[   ] Log   : New Logger from NewLifeUtils.py/testNlu()
[19-12-2020|21:28:50] <main>:[   ] Log   : New Logger from NewLifeUtils.py/lm=LoggerModule()
[19-12-2020|21:29:35] <main>:[   ] Log   : New Logger from NewLifeUtils.py/lm=LoggerModule()
[19-12-2020|21:29:55] <main>:[   ] Log   : New Logger from NewLifeUtils.py/lm=LoggerModule()
[19-12-2020|21:30:06] <main>:[   ] Log   : New Logger from NewLifeUtils.py/lm=LoggerModule()
[19-12-2020|21:30:34] <main>:[   ] Log   : New Logger from NewLifeUtils.py/lm=LoggerModule()
[19-12-2020|21:30:39] <main>:[   ] Log   : New Logger from NewLifeUtils.py/lm=LoggerModule()
[19-12-2020|21:31:29] <main>:[   ] Log   : New Logger from NewLifeUtils.py/lm=LoggerModule()
[19-12-2020|21:32:20] <main>:[   ] Log   : New Logger from NewLifeUtils.py/lm=LoggerModule()
[19-12-2020|21:32:32] <main>:[   ] Log   : New Logger from NewLifeUtils.py/lm=LoggerModule()
[19-12-2020|21:32:40] <main>:[   ] Log   : New Logger from NewLifeUtils.py/lm=LoggerModule()
[19-12-2020|21:32:43] <main>:[   ] Log   : New Logger from NewLifeUtils.py/lm=LoggerModule()
[19-12-2020|21:32:50] <main>:[   ] Log   : New Logger from NewLifeUtils.py/lm=LoggerModule()
[19-12-2020|21:32:58] <main>:[   ] Log   : New Logger from NewLifeUtils.py/lm=LoggerModule()
[19-12-2020|21:33:04] <main>:[   ] Log   : New Logger from NewLifeUtils.py/lm=LoggerModule()
[19-12-2020|21:35:53] <main>:[   ] Log   : New Logger from NewLifeUtils.py/lm=LoggerModule()
[19-12-2020|21:35:59] <main>:[   ] Log   : New Logger from NewLifeUtils.py/lm=LoggerModule()
[19-12-2020|21:35:59] <main>:[   ] Log   : New Logger from NewLifeUtils.py/print(LoggerModule().color_data["colors"]['magenta'])
[19-12-2020|21:36:07] <main>:[   ] Log   : New Logger from NewLifeUtils.py/lm=LoggerModule()
[19-12-2020|21:36:07] <main>:[   ] Log   : New Logger from NewLifeUtils.py/print(LoggerModule().color_data["colors"])
[19-12-2020|21:36:14] <main>:[   ] Log   : New Logger from NewLifeUtils.py/lm=LoggerModule()
[19-12-2020|21:36:14] <main>:[   ] Log   : New Logger from NewLifeUtils.py/print(LoggerModule().color_data["colors"][1])
[19-12-2020|21:37:08] <main>:[   ] Log   : New Logger from NewLifeUtils.py/lm=LoggerModule()
[19-12-2020|21:37:25] <main>:[   ] Log   : New Logger from NewLifeUtils.py/lm=LoggerModule()
[19-12-2020|21:37:33] <main>:[   ] Log   : New Logger from NewLifeUtils.py/lm=LoggerModule()
[19-12-2020|21:37:46] <main>:[   ] Log   : New Logger from NewLifeUtils.py/lm=LoggerModule()
[19-12-2020|21:37:46] <main>:[   ] Log   : New Logger from NewLifeUtils.py/print(LoggerModule().color_data["colors"][1])
[19-12-2020|21:38:02] <main>:[   ] Log   : New Logger from NewLifeUtils.py/lm=LoggerModule()
[19-12-2020|21:38:02] <main>:[   ] Log   : New Logger from NewLifeUtils.py/print(LoggerModule().color_data["colors"]['red'])
[19-12-2020|21:39:38] <main>:[   ] Log   : New Logger from NewLifeUtils.py/lm=LoggerModule()
[19-12-2020|21:39:38] <main>:[   ] Log   : New Logger from NewLifeUtils.py/print(LoggerModule().color_data["colors"]['red'])
[19-12-2020|21:40:06] <main>:[   ] Log   : New Logger from NewLifeUtils.py/lm=LoggerModule()
[19-12-2020|21:40:06] <main>:[   ] Log   : New Logger from NewLifeUtils.py/print(ColorModule().CLU.arr_to_rgb(LoggerModule().color_data["colors"]['red']))
[19-12-2020|21:40:24] <main>:[   ] Log   : New Logger from NewLifeUtils.py/lm=LoggerModule()
[19-12-2020|21:40:24] <main>:[   ] Log   : New Logger from NewLifeUtils.py/print(LoggerModule().color_data["table"])
[19-12-2020|21:40:24] <main>:[   ] Log   : New Logger from NewLifeUtils.py/print(ColorModule().CLU.arr_to_rgb(LoggerModule().color_data["colors"]['red']))
[19-12-2020|21:40:37] <main>:[   ] Log   : New Logger from NewLifeUtils.py/lm=LoggerModule()
[19-12-2020|21:40:37] <main>:[   ] Log   : New Logger from NewLifeUtils.py/print(LoggerModule().color_data["table"])
[19-12-2020|21:40:37] <main>:[   ] Log   : New Logger from NewLifeUtils.py/print(ColorModule().CLU.arr_to_rgb(LoggerModule().color_data["colors"]['mediumspringgreen']))
[19-12-2020|21:41:26] <main>:[   ] Log   : New Logger from NewLifeUtils.py/lm=LoggerModule()
[19-12-2020|21:41:26] <main>:[   ] Log   : New Logger from NewLifeUtils.py/print(LoggerModule().color_data["table"])
[19-12-2020|21:41:26] <main>:[   ] Log   : New Logger from NewLifeUtils.py/print(ColorModule().CLU.arr_to_rgb(LoggerModule().color_data["colors"]['mediumspringgreen']))
