{}

[08:46:00] [L] My Cmd  : Welcome to My CMD
[08:46:01] [W] My Cmd  : Storage is broken/empty
[08:46:09] [R] My Cmd  : studadd Kotaz 9
[08:46:09] [L] My Cmd  : New student Kotaz (9)
[08:46:13] [R] My Cmd  : exit
[08:46:13] [L] My Cmd  : Exit with code: quit, from: None
[08:46:13] [L] My Cmd  : Succesfull saved 1 users
[08:46:13] [L] My Cmd  : Succesfull saved all data
[08:46:16] [L] My Cmd  : Welcome to My CMD
[08:46:16] [L] My Cmd  : Loaded 1 users
[08:46:18] [R] My Cmd  : exit
[08:46:18] [L] My Cmd  : Exit with code: quit, from: None
[08:46:18] [L] My Cmd  : Succesfull saved 1 users
[08:46:18] [L] My Cmd  : Succesfull saved all data
[08:46:20] [L] My Cmd  : Welcome to My CMD
[08:46:21] [L] My Cmd  : Loaded 1 users
[08:46:23] [R] My Cmd  : exit
[08:46:23] [L] My Cmd  : Exit with code: quit, from: None
[08:46:23] [L] My Cmd  : Succesfull saved 1 users
[08:46:23] [L] My Cmd  : Succesfull saved all data
[08:46:26] [L] My Cmd  : Welcome to My CMD
[08:46:26] [L] My Cmd  : Loaded 1 users
[08:46:33] [R] My Cmd  : studadd Meow 4
[08:46:33] [L] My Cmd  : New student Meow (4)
[08:46:35] [R] My Cmd  : exit
[08:46:35] [L] My Cmd  : Exit with code: quit, from: None
[08:46:35] [L] My Cmd  : Succesfull saved 2 users
[08:46:35] [L] My Cmd  : Succesfull saved all data
[08:46:38] [L] My Cmd  : Welcome to My CMD
[08:46:38] [L] My Cmd  : Loaded 2 users
[08:49:38] [R] My Cmd  : exit
[08:49:38] [L] My Cmd  : Exit with code: quit, from: None
[08:49:38] [L] My Cmd  : Succesfull saved 2 users
[08:49:38] [L] My Cmd  : Succesfull saved all data
