[08:59:51] [L] My Cmd  : Welcome to My CMD
[08:59:52] [L] My Cmd  : 0.9900995033250751
[08:59:53] [L] My Cmd  : 0.9803960530714779
[08:59:54] [L] My Cmd  : 0.9708867680298728
[08:59:55] [R] My Cmd  : 
[08:59:55] [L] My Cmd  : 0.9615688451087225
[08:59:55] [R] My Cmd  : 
[08:59:55] [R] My Cmd  : 
[08:59:55] [R] My Cmd  : 
[08:59:55] [R] My Cmd  : 
[08:59:55] [R] My Cmd  : 
[08:59:55] [R] My Cmd  : 
[08:59:55] [R] My Cmd  : 
[08:59:55] [R] My Cmd  : 
[08:59:55] [R] My Cmd  : 
[08:59:55] [R] My Cmd  : 
[08:59:55] [R] My Cmd  : 
[08:59:55] [R] My Cmd  : 
[08:59:55] [R] My Cmd  : 
[08:59:55] [R] My Cmd  : 
[08:59:56] [R] My Cmd  : 
[08:59:56] [R] My Cmd  : 
[08:59:56] [R] My Cmd  : 
[08:59:56] [L] My Cmd  : 0.9524395584709955
[08:59:56] [R] My Cmd  : 
[08:59:57] [L] My Cmd  : 0.9434962587266106
[08:59:58] [L] My Cmd  : 0.9347363721814079
[08:59:58] [R] My Cmd  : 
[08:59:59] [L] My Cmd  : 0.9261574001435493
[08:59:59] [R] My Cmd  : 
[09:00:00] [R] My Cmd  : 
[09:00:00] [L] My Cmd  : 0.9177569182883862
[09:00:00] [R] My Cmd  : 
[09:00:00] [R] My Cmd  : 
[09:00:01] [R] My Cmd  : 
[09:00:01] [L] My Cmd  : 0.9095325760829621
[09:00:01] [R] My Cmd  : 
[09:00:02] [L] My Cmd  : 0.9014820962714636
[09:00:03] [R] My Cmd  : 
[09:00:03] [L] My Cmd  : 0.8936032744230917
[09:00:04] [R] My Cmd  : 
[09:00:04] [L] My Cmd  : 0.8858939785439883
[09:00:05] [R] My Cmd  : 
[09:00:05] [L] My Cmd  : 0.8783521487550319
[09:00:06] [R] My Cmd  : 
[09:00:06] [R] My Cmd  : 
[09:00:06] [L] My Cmd  : 0.8709757970375105
[09:00:06] [R] My Cmd  : 
[09:00:06] [R] My Cmd  : 
[09:00:07] [R] My Cmd  : 
[09:00:07] [R] My Cmd  : 
[09:00:07] [L] My Cmd  : 0.8637630070488881
[09:00:08] [L] My Cmd  : 0.8567119340110986
[09:00:09] [L] My Cmd  : 0.8498208046740513
[09:00:10] [L] My Cmd  : 0.8430879173572884
[09:00:10] [R] My Cmd  : 
[09:00:11] [L] My Cmd  : 0.8365116420730184
[09:00:12] [L] My Cmd  : 0.8300904207340627
[09:00:13] [L] My Cmd  : 0.8238227674505793
[09:00:14] [L] My Cmd  : 0.8177072689198011
[09:00:15] [L] My Cmd  : 0.8117425849134161
[09:00:16] [L] My Cmd  : 0.8059274488676563
[09:00:17] [L] My Cmd  : 0.8002606685816318
[09:00:18] [L] My Cmd  : 0.7947411270299706
[09:00:19] [L] My Cmd  : 0.78936778329639
[09:00:20] [L] My Cmd  : 0.7841396736354532
[09:00:21] [L] My Cmd  : 0.7790559126704489
[09:00:22] [L] My Cmd  : 0.7741156947360923
[09:00:23] [L] My Cmd  : 0.7693182953755756
[09:00:24] [L] My Cmd  : 0.7646630730024195
[09:00:25] [L] My Cmd  : 0.7601494707385956
[09:00:26] [L] My Cmd  : 0.7557770184415148
[09:00:27] [L] My Cmd  : 0.7515453349337308
[09:00:29] [L] My Cmd  : 0.7474541304505947
[09:00:30] [L] My Cmd  : 0.7435032093226447
[09:00:31] [L] My Cmd  : 0.7396924729112345
[09:00:32] [L] My Cmd  : 0.7360219228178332
[09:00:33] [L] My Cmd  : 0.7324916643895744
[09:00:34] [L] My Cmd  : 0.7291019105460462
[09:00:35] [L] My Cmd  : 0.7258529859550161
[09:00:36] [L] My Cmd  : 0.7227453315878277
[09:00:37] [L] My Cmd  : 0.7197795096886297
[09:00:38] [L] My Cmd  : 0.716956209195468
[09:00:39] [L] My Cmd  : 0.714276251655643
[09:00:40] [L] My Cmd  : 0.7117405976826979
[09:00:41] [L] My Cmd  : 0.7093503540080311
[09:00:42] [L] My Cmd  : 0.7071067811865475
[09:00:43] [L] My Cmd  : 0.7050113020230787
[09:00:44] [L] My Cmd  : 0.7030655107946852
[09:00:45] [L] My Cmd  : 0.7012711833535539
[09:00:46] [L] My Cmd  : 0.6996302882062627
[09:00:47] [L] My Cmd  : 0.6981449986779218
[09:00:48] [L] My Cmd  : 0.6968177062844392
[09:00:49] [L] My Cmd  : 0.6956510354532591
[09:00:50] [L] My Cmd  : 0.6946478597528056
[09:00:51] [L] My Cmd  : 0.6938113198140908
[09:00:52] [L] My Cmd  : 0.6931448431551464
[09:00:53] [L] My Cmd  : 0.6926521661509051
[09:00:54] [L] My Cmd  : 0.6923373584288883
[09:00:55] [L] My Cmd  : 0.6922048500157343
[09:00:56] [L] My Cmd  : 0.6922594616127449
[09:00:57] [L] My Cmd  : 0.6925064384421088
[09:00:58] [L] My Cmd  : 0.6929514881816204
[09:00:59] [L] My Cmd  : 0.6936008235975488
[09:01:00] [L] My Cmd  : 0.6944612105965808
[09:01:01] [L] My Cmd  : 0.6955400225533263
[09:01:02] [L] My Cmd  : 0.6968453019359491
[09:01:03] [L] My Cmd  : 0.6983858304571888
[09:01:04] [L] My Cmd  : 0.7001712092319456
[09:01:05] [L] My Cmd  : 0.7022119507397011
[09:01:06] [L] My Cmd  : 0.7045195847889524
[09:01:07] [L] My Cmd  : 0.7071067811865477
[09:01:08] [L] My Cmd  : 0.7099874924612996
[09:01:09] [L] My Cmd  : 0.7131771208251128
[09:01:10] [L] My Cmd  : 0.7166927146408499
[09:01:11] [L] My Cmd  : 0.720553201095294
[09:01:12] [L] My Cmd  : 0.7247796636776959
[09:01:13] [L] My Cmd  : 0.7293956756273862
[09:01:14] [L] My Cmd  : 0.734427704014152
[09:01:15] [L] My Cmd  : 0.7399056039662678
[09:01:16] [L] My Cmd  : 0.7458632293948699
[09:01:17] [L] My Cmd  : 0.7523391963649506
[09:01:18] [L] My Cmd  : 0.7593778496063772
[09:01:19] [L] My Cmd  : 0.7670305041248006
[09:01:20] [L] My Cmd  : 0.7753570668263954
[09:01:21] [L] My Cmd  : 0.7844281951443234
[09:01:22] [L] My Cmd  : 0.7943282347242823
[09:01:23] [L] My Cmd  : 0.8051593226760523
[09:01:24] [L] My Cmd  : 0.8170472996049318
[09:01:25] [L] My Cmd  : 0.8301505554062725
[09:01:27] [L] My Cmd  : 0.8446739002232615
[09:01:28] [L] My Cmd  : 0.8608916593317361
[09:01:29] [L] My Cmd  : 0.8791893115408913
[09:01:30] [L] My Cmd  : 0.9001474129356286
[09:01:31] [L] My Cmd  : 0.9247420362361881
[09:01:32] [L] My Cmd  : 0.9549925860214385
[09:01:33] [L] My Cmd  : (1.0000000000000262-2.3652108252121652e-15j)
[09:01:34] [L] My Cmd  : (1.04661185332312-0.032891102546659653j)
[09:01:35] [L] My Cmd  : (1.0792487951454715-0.06790057883048231j)
[09:01:36] [L] My Cmd  : (1.1059988067468658-0.10454766848865775j)
[09:01:37] [L] My Cmd  : (1.1284426326517476-0.14255545639498796j)
[09:01:38] [L] My Cmd  : (1.1472852941354195-0.18171213920421223j)
[09:01:39] [L] My Cmd  : (1.1629189092607881-0.2218386462943859j)
[09:01:40] [L] My Cmd  : (1.1755900849348218-0.2627755170142444j)
[09:01:41] [L] My Cmd  : (1.1854676731652785-0.3043763650955178j)
[09:01:42] [L] My Cmd  : (1.1926753608034777-0.34650422367584177j)
[09:01:43] [R] My Cmd  : 
[09:01:43] [L] My Cmd  : (1.1973092164164025-0.38902934689487967j)
[09:01:44] [L] My Cmd  : (1.199447922420889-0.43182782355620364j)
