{}

[20:57:01] [L] My Cmd  : Welcome to My CMD
[20:57:01] [L] My Cmd  : hi
[20:57:02] [L] My Cmd  : hi
[20:57:03] [L] My Cmd  : hi
[20:57:04] [L] My Cmd  : hi
[20:57:05] [L] My Cmd  : hi
[20:57:06] [L] My Cmd  : hi
[20:57:07] [L] My Cmd  : hi
[20:57:09] [L] My Cmd  : hi
[20:57:11] [L] My Cmd  : Welcome to My CMD
[20:57:11] [L] My Cmd  : hi
[20:57:12] [L] My Cmd  : hi
[20:57:13] [L] My Cmd  : hi
[20:57:14] [L] My Cmd  : hi
[20:57:15] [L] My Cmd  : hi
[20:57:17] [L] My Cmd  : hi
[20:57:18] [L] My Cmd  : hi
[20:57:19] [L] My Cmd  : hi
[20:57:20] [L] My Cmd  : hi
[20:57:21] [L] My Cmd  : hi
[20:57:22] [L] My Cmd  : hi
[20:57:23] [L] My Cmd  : hi
[20:57:24] [L] My Cmd  : hi
[20:57:24] [R] My Cmd  : 
[20:57:27] [L] My Cmd  : Welcome to My CMD
[20:57:27] [L] My Cmd  : hi
[20:57:28] [L] My Cmd  : hi
[20:57:29] [L] My Cmd  : hi
[20:57:30] [L] My Cmd  : hi
[20:57:31] [L] My Cmd  : hi
[20:57:32] [L] My Cmd  : hi
[20:57:33] [L] My Cmd  : hi
[20:57:34] [L] My Cmd  : hi
[20:57:35] [L] My Cmd  : hi
[20:57:38] [L] My Cmd  : Welcome to My CMD
[20:57:39] [L] My Cmd  : hi
[20:57:40] [L] My Cmd  : hi
[20:57:41] [L] My Cmd  : hi
[20:57:42] [L] My Cmd  : hi
[20:57:43] [L] My Cmd  : hi
[20:57:44] [L] My Cmd  : hi
[20:57:45] [L] My Cmd  : hi
[20:57:47] [L] My Cmd  : Welcome to My CMD
[20:57:47] [L] My Cmd  : hi
[20:57:48] [L] My Cmd  : hi
[20:57:49] [L] My Cmd  : hi
[20:57:50] [L] My Cmd  : hi
[20:57:51] [L] My Cmd  : hi
[20:57:52] [R] My Cmd  : asd
[20:57:52] [W] My Cmd  : Unknown Command, type "help"
[20:57:52] [L] My Cmd  : hi
[20:57:54] [L] My Cmd  : hi
[20:57:55] [L] My Cmd  : hi
[20:57:56] [L] My Cmd  : hi
[20:57:57] [L] My Cmd  : hi
[20:57:58] [L] My Cmd  : hi
[20:57:59] [L] My Cmd  : hi
[20:58:00] [L] My Cmd  : hi
[20:58:00] [R] My Cmd  : 
[20:58:00] [R] My Cmd  : 
[20:58:00] [R] My Cmd  : 
[20:58:00] [R] My Cmd  : 
[20:58:00] [R] My Cmd  : 
[20:58:01] [R] My Cmd  : 
[20:58:01] [R] My Cmd  : 
[20:58:01] [L] My Cmd  : hi
[20:58:02] [L] My Cmd  : hi
[20:58:03] [L] My Cmd  : hi
[20:58:04] [L] My Cmd  : hi
[20:58:05] [L] My Cmd  : hi
[20:58:06] [L] My Cmd  : hi
[20:58:07] [R] My Cmd  : 
[20:58:07] [L] My Cmd  : hi
[20:58:07] [R] My Cmd  : 
[20:58:07] [R] My Cmd  : 
[20:58:07] [R] My Cmd  : 
[20:58:07] [R] My Cmd  : 
[20:58:07] [R] My Cmd  : 
[20:58:07] [R] My Cmd  : 
[20:58:07] [R] My Cmd  : 
[20:58:08] [R] My Cmd  : 
[20:58:08] [R] My Cmd  : 
[20:58:08] [L] My Cmd  : hi
[20:58:09] [L] My Cmd  : hi
[20:58:09] [R] My Cmd  : help
[20:58:09] My CMD HELP : 
My CMD - My new command line instance
	exit
		Description : Exit from cmd
		Aliases     : exit, quit
		Usage       : exit 
	cls
		Description : Clears display
		Aliases     : cls, clearscreen
		Usage       : cls 
	help
		Description : This is the help
		Aliases     : help
		Usage       : help [command|'commands'] 
	hello
		Description : Say 'Hello'
		Aliases     : hello, hi
		Usage       : hello [name] 
	parse
		Description : Will provide some information about the system
		Aliases     : parse, debug_args
		Usage       : parse 
	info
		Description : Will provide some information about the system
		Aliases     : info, version, ver
		Usage       : info 
	send
		Description : Отправка сообщения от имени бота
		Aliases     : send, s
		Usage       : send <channel> <message> 

[20:58:10] [R] My Cmd  : help
[20:58:10] My CMD HELP : 
My CMD - My new command line instance
	exit
		Description : Exit from cmd
		Aliases     : exit, quit
		Usage       : exit 
	cls
		Description : Clears display
		Aliases     : cls, clearscreen
		Usage       : cls 
	help
		Description : This is the help
		Aliases     : help
		Usage       : help [command|'commands'] 
	hello
		Description : Say 'Hello'
		Aliases     : hello, hi
		Usage       : hello [name] 
	parse
		Description : Will provide some information about the system
		Aliases     : parse, debug_args
		Usage       : parse 
	info
		Description : Will provide some information about the system
		Aliases     : info, version, ver
		Usage       : info 
	send
		Description : Отправка сообщения от имени бота
		Aliases     : send, s
		Usage       : send <channel> <message> 

[20:58:10] [L] My Cmd  : hi
[20:58:10] [R] My Cmd  : help
[20:58:10] My CMD HELP : 
My CMD - My new command line instance
	exit
		Description : Exit from cmd
		Aliases     : exit, quit
		Usage       : exit 
	cls
		Description : Clears display
		Aliases     : cls, clearscreen
		Usage       : cls 
	help
		Description : This is the help
		Aliases     : help
		Usage       : help [command|'commands'] 
	hello
		Description : Say 'Hello'
		Aliases     : hello, hi
		Usage       : hello [name] 
	parse
		Description : Will provide some information about the system
		Aliases     : parse, debug_args
		Usage       : parse 
	info
		Description : Will provide some information about the system
		Aliases     : info, version, ver
		Usage       : info 
	send
		Description : Отправка сообщения от имени бота
		Aliases     : send, s
		Usage       : send <channel> <message> 

[20:58:10] [R] My Cmd  : help
[20:58:10] My CMD HELP : 
My CMD - My new command line instance
	exit
		Description : Exit from cmd
		Aliases     : exit, quit
		Usage       : exit 
	cls
		Description : Clears display
		Aliases     : cls, clearscreen
		Usage       : cls 
	help
		Description : This is the help
		Aliases     : help
		Usage       : help [command|'commands'] 
	hello
		Description : Say 'Hello'
		Aliases     : hello, hi
		Usage       : hello [name] 
	parse
		Description : Will provide some information about the system
		Aliases     : parse, debug_args
		Usage       : parse 
	info
		Description : Will provide some information about the system
		Aliases     : info, version, ver
		Usage       : info 
	send
		Description : Отправка сообщения от имени бота
		Aliases     : send, s
		Usage       : send <channel> <message> 

[20:58:11] [L] My Cmd  : hi
[20:58:12] [L] My Cmd  : hi
[20:58:13] [L] My Cmd  : hi
[20:58:14] [L] My Cmd  : hi
[20:58:15] [L] My Cmd  : hi
[20:58:16] [L] My Cmd  : hi
[20:58:17] [L] My Cmd  : hi
[20:58:19] [L] My Cmd  : hi
[20:58:20] [R] My Cmd  : asd
[20:58:20] [W] My Cmd  : Unknown Command, type "help"
[20:58:20] [L] My Cmd  : hi
[20:58:21] [L] My Cmd  : hi
[20:58:22] [L] My Cmd  : hi
[20:58:23] [L] My Cmd  : hi
[20:58:24] [R] My Cmd  : hello
[20:58:24] [L] My Cmd  : Hello, world!
[20:58:24] [L] My Cmd  : hi
[20:58:25] [L] My Cmd  : hi
[20:58:26] [L] My Cmd  : hi
[20:58:27] [L] My Cmd  : hi
[20:58:28] [L] My Cmd  : hi
[20:58:29] [L] My Cmd  : hi
[20:58:30] [L] My Cmd  : hi
[20:58:31] [L] My Cmd  : hi
[20:58:32] [L] My Cmd  : hi
[20:58:33] [L] My Cmd  : hi
[20:58:34] [L] My Cmd  : hi
[20:58:35] [L] My Cmd  : hi
[20:58:36] [L] My Cmd  : hi
[20:58:37] [L] My Cmd  : hi
[20:58:38] [L] My Cmd  : hi
[20:58:39] [L] My Cmd  : hi
[20:58:40] [L] My Cmd  : hi
[20:58:42] [L] My Cmd  : hi
[20:58:43] [L] My Cmd  : hi
[20:58:44] [L] My Cmd  : hi
[20:58:45] [L] My Cmd  : hi
[20:58:46] [L] My Cmd  : hi
[20:58:47] [L] My Cmd  : hi
[20:58:48] [L] My Cmd  : hi
[20:58:49] [L] My Cmd  : hi
[20:58:50] [L] My Cmd  : hi
[20:58:51] [L] My Cmd  : hi
[20:58:52] [L] My Cmd  : hi
[20:58:53] [L] My Cmd  : hi
[20:58:54] [L] My Cmd  : hi
[20:58:55] [L] My Cmd  : hi
[20:58:56] [L] My Cmd  : hi
[20:58:57] [L] My Cmd  : hi
