{}

[22:21:11] [L] My Cmd  : Welcome to My CMD
[22:21:13] [R] My Cmd  : userlist
[22:21:13] [E] My Cmd  : 
-------------- Error                --------------------
Type: TypeError

More information:
	super(type, obj): obj must be an instance or subtype of type	

Traceback (most recent call last):
  File "D:\Documents\GitHub\NewLifeUtils\NewLifeUtils\CustomShellModule.py", line 346, in main
    registered["run"](self)
  File "D:\Documents\GitHub\NewLifeUtils\test.py", line 45, in userlist
    Mark(Subject('Math', 3, 9)),
  File "D:\Documents\GitHub\NewLifeUtils\test.py", line 33, in __init__
    super(Student, self).__init__()
TypeError: super(type, obj): obj must be an instance or subtype of type

-------------- Error                --------------------

[22:21:25] [R] My Cmd  : exit
[22:21:25] [L] My Cmd  : Exit with code: quit, from: None
[22:21:27] [L] My Cmd  : Welcome to My CMD
[22:21:31] [R] My Cmd  : userlist
[22:21:31] [L] My Cmd  : 
- classnumber: 9
  name: Kotaz
  type: Student
  uuid: be2da876-5579-40ae-9de8-c7b6c4c83293
- beginclass: 3
  endclass: 9
  name: Math
  type: Subject
  uuid: 9c98c533-adc0-4a14-8bb9-2036abde82f9
- !!python/object:__main__.Mark
  subject: !!python/object:__main__.Subject
    beginclass: 3
    endclass: 9
    name: Math
    uuid: f2b3478a-7199-4a10-8d62-db354e3f4cc3
  uuid: b3935b9d-2c99-459a-940e-57a2d42410ef
- 4

[22:21:31] [L] My Cmd  : [{'uuid': 'be2da876-5579-40ae-9de8-c7b6c4c83293', 'name': 'Kotaz', 'classnumber': 9, 'type': 'Student'}, {'uuid': '9c98c533-adc0-4a14-8bb9-2036abde82f9', 'name': 'Math', 'beginclass': 3, 'endclass': 9, 'type': 'Subject'}, <__main__.Mark object at 0x0000020C22422040>, 4]
[22:21:43] [R] My Cmd  : exit
[22:21:43] [L] My Cmd  : Exit with code: quit, from: None
[22:21:45] [L] My Cmd  : Welcome to My CMD
[22:21:46] [R] My Cmd  : userlist
[22:21:46] [L] My Cmd  : 
- classnumber: 9
  name: Kotaz
  type: Student
  uuid: 4564fe5c-4c70-46ad-9089-45385b858e31
- beginclass: 3
  endclass: 9
  name: Math
  type: Subject
  uuid: 534ef79d-c164-44e5-93ba-11e68e91253e
- type: Mark
  uuid: 65f72e83-c346-483b-ad4b-45052f55e6a0
- 4

[22:21:46] [L] My Cmd  : [{'uuid': '4564fe5c-4c70-46ad-9089-45385b858e31', 'name': 'Kotaz', 'classnumber': 9, 'type': 'Student'}, {'uuid': '534ef79d-c164-44e5-93ba-11e68e91253e', 'name': 'Math', 'beginclass': 3, 'endclass': 9, 'type': 'Subject'}, {'uuid': '65f72e83-c346-483b-ad4b-45052f55e6a0', 'type': 'Mark'}, 4]
[22:22:04] [R] My Cmd  : exit
[22:22:04] [L] My Cmd  : Exit with code: quit, from: None
