{}

[21:58:34] [L] My Cmd  : Welcome to My CMD
[21:58:37] [R] My Cmd  : userlist
[21:58:37] [L] My Cmd  : 
- !!python/object:__main__.User
  name: !!python/object:__main__.DataCell
    val: Kotaz
  uuid: !!python/object:__main__.DataCell
    val: !!python/object:uuid.UUID
      int: 147502431791526741075826018712491143661

[21:58:37] [L] My Cmd  : [<__main__.User object at 0x000001E12684FE80>]
[21:58:57] [R] My Cmd  : exit
[21:58:57] [L] My Cmd  : Exit with code: quit, from: None
[21:58:59] [L] My Cmd  : Welcome to My CMD
[21:59:01] [R] My Cmd  : userlist
[21:59:01] [L] My Cmd  : 
- name: Kotaz
  uuid: !!python/object:uuid.UUID
    int: 179596881982403452994837810281216244699

[21:59:01] [L] My Cmd  : [{'uuid': UUID('871d19ee-5402-4eba-af04-2944b0d87bdb'), 'name': 'Kotaz'}]
[21:59:24] [R] My Cmd  : exit
[21:59:24] [L] My Cmd  : Exit with code: quit, from: None
