{}

[21:35:08] [L] My Cmd  : Welcome to My CMD
[21:35:10] [R] My Cmd  : userlist
[21:35:10] [L] My Cmd  : dict_keys(['id', 'name'])
[21:35:10] [E] My Cmd  : 
-------------- Error                --------------------
Type: AttributeError

More information:
	module 'random' has no attribute 'choise'	

Traceback (most recent call last):
  File "D:\Documents\GitHub\NewLifeUtils\NewLifeUtils\CustomShellModule.py", line 346, in main
    registered["run"](self)
  File "D:\Documents\GitHub\NewLifeUtils\test.py", line 40, in userlist
    'n' : user()
  File "D:\Documents\GitHub\NewLifeUtils\test.py", line 25, in __call__
    wrn(getattr(self, random.choise(self.__dict__.keys())))
AttributeError: module 'random' has no attribute 'choise'

-------------- Error                --------------------

[21:35:17] [R] My Cmd  : exot
[21:35:17] [W] My Cmd  : Unknown Command, type "help"
[21:35:19] [R] My Cmd  : exit
[21:35:19] [L] My Cmd  : Exit with code: quit, from: None
[21:35:20] [L] My Cmd  : Welcome to My CMD
[21:35:22] [R] My Cmd  : userlist
[21:35:22] [L] My Cmd  : dict_keys(['id', 'name'])
[21:35:22] [E] My Cmd  : 
-------------- Error                --------------------
Type: TypeError

More information:
	'dict_keys' object is not subscriptable	

Traceback (most recent call last):
  File "D:\Documents\GitHub\NewLifeUtils\NewLifeUtils\CustomShellModule.py", line 346, in main
    registered["run"](self)
  File "D:\Documents\GitHub\NewLifeUtils\test.py", line 40, in userlist
    'n' : user()
  File "D:\Documents\GitHub\NewLifeUtils\test.py", line 25, in __call__
    wrn(getattr(self, random.choice(self.__dict__.keys())))
  File "c:\python39\lib\random.py", line 346, in choice
    return seq[self._randbelow(len(seq))]
TypeError: 'dict_keys' object is not subscriptable

-------------- Error                --------------------

[21:35:36] [R] My Cmd  : exit
[21:35:36] [L] My Cmd  : Exit with code: quit, from: None
[21:35:38] [L] My Cmd  : Welcome to My CMD
[21:35:40] [R] My Cmd  : userlist
[21:35:40] [L] My Cmd  : dict_keys(['id', 'name'])
[21:35:40] [W] My Cmd  : 1
[21:35:40] [L] My Cmd  : {'n': {}}
[21:36:51] [R] My Cmd  : exit
[21:36:51] [L] My Cmd  : Exit with code: quit, from: None
