{}

[08:08:18] [L] My Cmd  : Welcome to My CMD
[08:08:25] [R] My Cmd  : studadd u111 4
[08:08:25] [L] My Cmd  : New student u111 (4)
[08:08:28] [R] My Cmd  : studadd u112 3
[08:08:28] [L] My Cmd  : New student u112 (3)
[08:08:32] [R] My Cmd  : studadd u116 7
[08:08:32] [L] My Cmd  : New student u116 (7)
[08:08:38] [R] My Cmd  : studadd u136 9
[08:08:38] [L] My Cmd  : New student u136 (9)
[08:08:40] [R] My Cmd  : studadd u136 14
[08:08:40] [W] My Cmd  : Invalid class
[08:09:09] [R] My Cmd  : studadd u1322 11
[08:09:09] [L] My Cmd  : New student u1322 (11)
[08:09:30] [R] My Cmd  : studlist
[08:09:30] [L] My Cmd  : 
 TABLE
╔══╦═════╦═════╗
║id║name ║class║
╠══╬═════╬═════╣
║0 ║u111 ║4    ║
║1 ║u112 ║3    ║
║2 ║u116 ║7    ║
║3 ║u136 ║9    ║
║4 ║u1322║11   ║
╚══╩═════╩═════╝

[08:10:02] [R] My Cmd  : stud
[08:10:02] [W] My Cmd  : Unknown Command, type "help"
[08:10:04] [R] My Cmd  : exit
[08:10:04] [L] My Cmd  : Exit with code: quit, from: None
