[09:25:38] [L] My Cmd  : Welcome to My CMD
[09:25:41] [R] My Cmd  : as
[09:25:41] [W] My Cmd  : Unknown Command, type "help"
[09:25:42] [R] My Cmd  : test
[09:25:42] [W] My Cmd  : Unknown Command, type "help"
[09:25:45] [R] My Cmd  : help
[09:25:45] My CMD HELP : 
My CMD - My new command line instance
	exit
		Description : Exit from cmd
		Aliases     : exit, quit
		Usage       : exit 
	cls
		Description : Clears display
		Aliases     : cls, clearscreen
		Usage       : cls 
	info
		Description : Will provide some information about the system
		Aliases     : info, version, ver
		Usage       : info 
	help
		Description : This is the help
		Aliases     : help
		Usage       : help [command|'commands'] 
	hello
		Description : Say 'Hello'
		Aliases     : hello, hi
		Usage       : hello [name] 
	parse
		Description : my simple command
		Aliases     : parse
		Usage       : parse [param] 

[09:25:48] [R] My Cmd  : parse
[09:25:51] [R] My Cmd  : pares 1
[09:25:51] [E] My Cmd  : 
-------------- Error                --------------------
Type: TypeError

More information:
	string indices must be integers	

Traceback (most recent call last):
  File "D:\Documents\GitHub\NewLifeUtils\NewLifeUtils\CustomShellModule.py", line 331, in main
    registered["run"](self)
  File "D:\Documents\GitHub\NewLifeUtils\test.py", line 15, in _
    p = read("Input parse string")["split"]
TypeError: string indices must be integers

-------------- Error                --------------------

[09:26:26] [R] My Cmd  : 
[09:26:29] [R] My Cmd  : help
[09:26:29] My CMD HELP : 
My CMD - My new command line instance
	exit
		Description : Exit from cmd
		Aliases     : exit, quit
		Usage       : exit 
	cls
		Description : Clears display
		Aliases     : cls, clearscreen
		Usage       : cls 
	info
		Description : Will provide some information about the system
		Aliases     : info, version, ver
		Usage       : info 
	help
		Description : This is the help
		Aliases     : help
		Usage       : help [command|'commands'] 
	hello
		Description : Say 'Hello'
		Aliases     : hello, hi
		Usage       : hello [name] 
	parse
		Description : my simple command
		Aliases     : parse
		Usage       : parse [param] 

