{}

[17:59:12] Log        : 
╦╗
|1         ╩╝
|4    ╩╝
|4    |╩╝

|2         ╩╝
|5    ╩╝
|5    |╩╝

|3         ╩╝
|6    ╩╝
|6    |╩╝

|2         ╩╝
|7    ╩╝
|7    |╩╝

|3         ╩╝
|     ╩╝
|     |╩╝

|2         ╩╝
|     ╩╝
|     |╩╝

|3         ╩╝
|     ╩╝
|     |╩╝

|2         ╩╝
|     ╩╝
|     |╩╝

|3         ╩╝
|     ╩╝
|     |╩╝

╩╝

[17:59:32] Log        : 
╦╗
|1         |4    |4    |
|2         |5    |5    |
|3         |6    |6    |
|2         |7    |7    |
|3         |     |     |
|2         |     |     |
|3         |     |     |
|2         |     |     |
|3         |     |     |
╩╝

[17:59:42] Log        : 
╦╗
|1         |4    |4    |
|2         |5    |5    |
|3         |6    |6    |
|2         |7    |7    |
|3         |     |     |
|2         |     |     |
|3         |     |     |
|2         |     |     |
|3         |     |     |
╩╝

