{}

[18:28:42] Log        : 
╔═══════════╗
║мне        ║
╠═══════════╣
║наплевать  ║
║еще        ║
║раз        ║
║между      ║
║вами       ║
║увижу      ║
║оскорбления║
║пизды      ║
║дам        ║
║огромных   ║
╚═══════════╝

[18:28:50] Log        : 
╔═══════════╦═══════════╗
║мне        ║мне        ║
╠═══════════╬═══════════╣
║наплевать  ║наплевать  ║
║еще        ║еще        ║
║раз        ║раз        ║
║между      ║между      ║
║вами       ║вами       ║
║увижу      ║увижу      ║
║оскорбления║оскорбления║
║пизды      ║пизды      ║
║дам        ║дам        ║
║огромных   ║огромных   ║
╚═══════════╩═══════════╝

