[22:44:48] [L] My Cmd  : Welcome to My CMD
[22:44:48] [L] My Cmd  : {}
[22:44:50] [R] My Cmd  : My Cmd > [help]
[22:44:50] My CMD HELP : 
My CMD - My new command line instance
	cls
		Description : Clears display
		Aliases     : cls, clearscreen
		Usage       : cls 
	help
		Description : This is the help
		Aliases     : help
		Usage       : help [command|commands] 
	hello
		Description : Say 'Hello'
		Aliases     : hello, hi
		Usage       : hello [name] 
	exit
		Description : Exit from cmd
		Aliases     : exit, quit
		Usage       : exit 

[22:44:54] [R] My Cmd  : My Cmd > [help commands]
[22:44:54] My CMD HELP : 
My CMD - My new command line instance
	cls
	help
	hello
	exit

[22:44:57] [R] My Cmd  : My Cmd > [hello world]
[22:44:57] [L] My Cmd  : Hello, world
[22:45:02] [R] My Cmd  : My Cmd > [help 1 1]
[22:45:02] [W] My Cmd  : Invalid usage. Syntax: help [command|commands] 
[22:45:53] [R] My Cmd  : My Cmd > [exit]
[22:45:53] [L] My Cmd  : Exit with code: quit, from: None
