[16:46:43] Log        : Что то случилось!
[16:46:43] Log        : Записиваю информацию...
[16:46:43] Log        : Взламываю пентагон
[16:46:43] Warn       : Обрати внимание, что то опасное!
[16:46:43] Error      : Что то сломалось, иди чини, даун!
[16:46:43] Tip        : Подсказка: выкини комп в помойку, он лагает
[16:46:44] Read       : Введите что нибудь:  > []
[16:46:44] Tip        : Перменаая res - 
[16:46:44] Tip        : Я создал табличку: 
                  Заголовок
╔══════════════╦══════════╦══════════════════════════════╗
║Заголовок1    ║Заголовок2║Заголовок3--------------------║
╠══════════════╬══════════╬══════════════════════════════╣
║Тут пусто --->║          ║тут капелька                  ║
║Данные тут    ║Привет    ║Кто прочитал тот молодец      ║
╚══════════════╩══════════╩══════════════════════════════╝

[16:46:44] Log        : Список данных: 1 2 3 4 5 6 7 8
[16:46:44] RS LOG     : Cant use zero
[16:46:44] RS LOG     : Select item #0 from list; result 1
[16:46:44] Tip        : Выбор: 1
[16:46:44] Log        : Сейчас произайдет ошибка
[16:46:44] Error      : 
-------------- Error                --------------------
Type: ZeroDivisionError

More information:
	division by zero	

Traceback (most recent call last):
  File "D:\Documents\GitHub\NewLifeUtils\test.py", line 31, in <module>
    0/0
ZeroDivisionError: division by zero

-------------- Error                --------------------

