{}

[08:18:26] [L] My Cmd  : Welcome to My CMD
[08:18:27] [R] My Cmd  : help
[08:18:27] [L] My Cmd  : 
My CMD - My new command line instance

exit (exit, quit) exit 
Exit from cmd
cls (cls, clearscreen) cls 
Clears display
[08:18:27] [E] My Cmd  : 
-------------- Error                --------------------
Type: KeyError

More information:
	lightgray	

Traceback (most recent call last):
  File "D:\Documents\GitHub\NewLifeUtils\NewLifeUtils\CustomShellModule.py", line 346, in main
    registered["run"](self)
  File "D:\Documents\GitHub\NewLifeUtils\NewLifeUtils\CustomShellModule.py", line 93, in help_
    "usage": to_format(usage, {}),
  File "D:\Documents\GitHub\NewLifeUtils\NewLifeUtils\LoggerModule.py", line 627, in to_format
    + pattern.format(
KeyError: 'lightgray'

-------------- Error                --------------------

[08:20:52] [R] My Cmd  : exit
[08:20:52] [L] My Cmd  : Exit with code: quit, from: None
