{}

[22:23:57] [L] My Cmd  : Welcome to My CMD
[22:23:59] [R] My Cmd  : userlist
[22:23:59] [L] My Cmd  : 
- classnumber: 9
  name: Kotaz
  type: Student
  uuid: f6ca07d0-65cb-4ebf-bc67-ea9f27b3a123
- beginclass: 3
  endclass: 9
  name: Math
  type: Subject
  uuid: c5b5dd28-f614-481e-8dde-e1b831a710e1
- subject:
    beginclass: 3
    endclass: 9
    name: Math
    type: Subject
    uuid: bcfb4461-fecc-4b6e-aa87-c02324c9adce
  type: Mark
  uuid: 46c543a8-1539-4945-b892-2c8e17b15ba1
- 4

[22:23:59] [L] My Cmd  : [{'classnumber': 9,
  'name': 'Kotaz',
  'type': 'Student',
  'uuid': 'f6ca07d0-65cb-4ebf-bc67-ea9f27b3a123'},
 {'beginclass': 3,
  'endclass': 9,
  'name': 'Math',
  'type': 'Subject',
  'uuid': 'c5b5dd28-f614-481e-8dde-e1b831a710e1'},
 {'subject': {'beginclass': 3,
              'endclass': 9,
              'name': 'Math',
              'type': 'Subject',
              'uuid': 'bcfb4461-fecc-4b6e-aa87-c02324c9adce'},
  'type': 'Mark',
  'uuid': '46c543a8-1539-4945-b892-2c8e17b15ba1'},
 4]
[22:23:59] [L] My Cmd  : [{'uuid': 'f6ca07d0-65cb-4ebf-bc67-ea9f27b3a123', 'name': 'Kotaz', 'classnumber': 9, 'type': 'Student'}, {'uuid': 'c5b5dd28-f614-481e-8dde-e1b831a710e1', 'name': 'Math', 'beginclass': 3, 'endclass': 9, 'type': 'Subject'}, {'uuid': '46c543a8-1539-4945-b892-2c8e17b15ba1', 'subject': {'uuid': 'bcfb4461-fecc-4b6e-aa87-c02324c9adce', 'name': 'Math', 'beginclass': 3, 'endclass': 9, 'type': 'Subject'}, 'type': 'Mark'}, 4]
[22:24:09] [R] My Cmd  : exit
[22:24:09] [L] My Cmd  : Exit with code: quit, from: None
