{}

[08:02:29] [L] My Cmd  : Welcome to My CMD
[08:02:34] [R] My Cmd  : studadd Kotaz 4
[08:02:34] [E] My Cmd  : 
-------------- Error                --------------------
Type: TypeError

More information:
	Student() takes 1 positional argument but 2 were given	

Traceback (most recent call last):
  File "D:\Documents\GitHub\NewLifeUtils\NewLifeUtils\CustomShellModule.py", line 346, in main
    registered["run"](self)
  File "D:\Documents\GitHub\NewLifeUtils\test.py", line 67, in useradd
    user = Student(console.parametrs[0], int(console.parametrs[1]))
TypeError: Student() takes 1 positional argument but 2 were given

-------------- Error                --------------------

[08:02:37] [R] My Cmd  : studadd Kotaz 2
[08:02:37] [E] My Cmd  : 
-------------- Error                --------------------
Type: TypeError

More information:
	Student() takes 1 positional argument but 2 were given	

Traceback (most recent call last):
  File "D:\Documents\GitHub\NewLifeUtils\NewLifeUtils\CustomShellModule.py", line 346, in main
    registered["run"](self)
  File "D:\Documents\GitHub\NewLifeUtils\test.py", line 67, in useradd
    user = Student(console.parametrs[0], int(console.parametrs[1]))
TypeError: Student() takes 1 positional argument but 2 were given

-------------- Error                --------------------

[08:02:55] [R] My Cmd  : exit
[08:02:55] [L] My Cmd  : Exit with code: quit, from: None
[08:02:58] [L] My Cmd  : Welcome to My CMD
[08:03:00] [R] My Cmd  : int(console.parametrs[1])
[08:03:00] [W] My Cmd  : Unknown Command, type "help"
[08:03:07] [R] My Cmd  : studadd asdf 34
[08:03:07] [W] My Cmd  : Invalid class
[08:03:08] [R] My Cmd  : studadd asdf 3
[08:03:08] [E] My Cmd  : 
-------------- Error                --------------------
Type: TypeError

More information:
	Student() takes 1 positional argument but 2 were given	

Traceback (most recent call last):
  File "D:\Documents\GitHub\NewLifeUtils\NewLifeUtils\CustomShellModule.py", line 346, in main
    registered["run"](self)
  File "D:\Documents\GitHub\NewLifeUtils\test.py", line 67, in useradd
    user = Student(console.parametrs[0], '1')
TypeError: Student() takes 1 positional argument but 2 were given

-------------- Error                --------------------

[08:03:20] [R] My Cmd  : exit
[08:03:20] [L] My Cmd  : Exit with code: quit, from: None
