[16:58:28] [L] My Cmd  : Welcome to My CMD
[16:58:31] [R] My Cmd  : My Cmd > [cls]
[16:58:33] [R] My Cmd  : My Cmd > [hello]
[16:58:33] [L] My Cmd  : Hello, world!
[16:58:36] [R] My Cmd  : My Cmd > [hello 1]
[16:58:36] [L] My Cmd  : Hello, 1
[16:58:40] [R] My Cmd  : My Cmd > [help]
[16:58:40] [E] My Cmd  : 
-------------- Error                --------------------
Type: AttributeError

More information:
	type object 'FGC' has no attribute 'BPURPLE'	

Traceback (most recent call last):
  File "D:\Documents\GitHub\NewLifeUtils\NewLifeUtils\CustomShellModule.py", line 308, in main
    registered["run"](self)
  File "D:\Documents\GitHub\NewLifeUtils\NewLifeUtils\CustomShellModule.py", line 97, in run
    class CLR:
  File "D:\Documents\GitHub\NewLifeUtils\NewLifeUtils\CustomShellModule.py", line 103, in CLR
    ALSTXT = FGC.BPURPLE
AttributeError: type object 'FGC' has no attribute 'BPURPLE'

-------------- Error                --------------------

[16:59:15] [R] My Cmd  : My Cmd > [help]
[16:59:15] [E] My Cmd  : 
-------------- Error                --------------------
Type: AttributeError

More information:
	type object 'FGC' has no attribute 'BPURPLE'	

Traceback (most recent call last):
  File "D:\Documents\GitHub\NewLifeUtils\NewLifeUtils\CustomShellModule.py", line 308, in main
    registered["run"](self)
  File "D:\Documents\GitHub\NewLifeUtils\NewLifeUtils\CustomShellModule.py", line 97, in run
    class CLR:
  File "D:\Documents\GitHub\NewLifeUtils\NewLifeUtils\CustomShellModule.py", line 103, in CLR
    ALSTXT = FGC.MAGENTA
AttributeError: type object 'FGC' has no attribute 'BPURPLE'

-------------- Error                --------------------

[16:59:17] [R] My Cmd  : My Cmd > [exit]
[16:59:17] [L] My Cmd  : Exit with code: quit, from: None
[16:59:17] [L] My Cmd  : Что то случилось!
[16:59:17] [L] My Cmd  : Записиваю информацию...
[16:59:17] [L] My Cmd  : Взламываю пентагон
[16:59:17] [W] My Cmd  : Обрати внимание, что то опасное!
[16:59:17] [E] My Cmd  : Что то сломалось, иди чини, даун!
[16:59:17] [T] My Cmd  : Подсказка: выкини комп в помойку, он лагает
[16:59:19] [R] My Cmd  : Введите что нибудь:  []
[16:59:19] [T] My Cmd  : Перменаая res - 
[16:59:19] [T] My Cmd  : Я создал табличку: 
                  Заголовок
╔══════════════╦══════════╦══════════════════════════════╗
║Заголовок1    ║Заголовок2║Заголовок3--------------------║
╠══════════════╬══════════╬══════════════════════════════╣
║Тут пусто --->║          ║тут капелька                  ║
║Данные тут    ║Привет    ║Кто прочитал тот молодец      ║
╚══════════════╩══════════╩══════════════════════════════╝

[16:59:19] [L] My Cmd  : Список данных: 1 2 3 4 5 6 7 8
[16:59:19] RS LOG      : Cant use zero
[16:59:19] RS LOG      : Select item #6 from list; result 7
[16:59:19] [T] My Cmd  : Выбор: 7
[16:59:19] [L] My Cmd  : Сейчас произайдет ошибка
[16:59:19] [E] My Cmd  : 
-------------- Error                --------------------
Type: ZeroDivisionError

More information:
	division by zero	

Traceback (most recent call last):
  File "D:\Documents\GitHub\NewLifeUtils\test.py", line 34, in <module>
    0/0
ZeroDivisionError: division by zero

-------------- Error                --------------------

