{}

[21:02:42] [L] My Cmd  : Welcome to My CMD
[21:02:44] [R] My Cmd  : userlist
[21:02:44] [L] My Cmd  : dict_keys(['val'])
[21:02:44] [E] My Cmd  : 
-------------- Error                --------------------
Type: TypeError

More information:
	__str__ returned non-string (type int)	

Traceback (most recent call last):
  File "D:\Documents\GitHub\NewLifeUtils\NewLifeUtils\CustomShellModule.py", line 346, in main
    registered["run"](self)
  File "D:\Documents\GitHub\NewLifeUtils\test.py", line 62, in userlist
    log(user)
  File "D:\Documents\GitHub\NewLifeUtils\NewLifeUtils\LoggerModule.py", line 654, in log
    to_format(
  File "D:\Documents\GitHub\NewLifeUtils\NewLifeUtils\LoggerModule.py", line 630, in to_format
    + pattern.format(
TypeError: __str__ returned non-string (type int)

-------------- Error                --------------------

[21:03:04] [R] My Cmd  : exit
[21:03:04] [L] My Cmd  : Exit with code: quit, from: None
