{}

[18:21:36] Log        : 
╔══════════╦═════╦═════╗
║1         ║4    ║44444║
╠══════════╬═════╬═════╣
║2         ║5    ║5    ║
║3         ║6    ║6    ║
║2         ║7    ║7    ║
║3         ║     ║     ║
║2         ║     ║     ║
║3         ║     ║     ║
║2         ║     ║     ║
║3         ║     ║     ║
╚══════════╩═════╩═════╝

[18:21:36] Log        : 
╔══════════╦═════╦═════╗
║1         ║4    ║44444║
╠══════════╬═════╬═════╣
║2         ║5    ║5    ║
╠══════════╬═════╬═════╣
║3         ║6    ║6    ║
╠══════════╬═════╬═════╣
║2         ║7    ║7    ║
╠══════════╬═════╬═════╣
║3         ║     ║     ║
╠══════════╬═════╬═════╣
║2         ║     ║     ║
╠══════════╬═════╬═════╣
║3         ║     ║     ║
╠══════════╬═════╬═════╣
║2         ║     ║     ║
╠══════════╬═════╬═════╣
║3         ║     ║     ║
╠══════════╬═════╬═════╣
╚══════════╩═════╩═════╝

[18:21:42] Log        : 
╔══════════╦═════╦═╗
║1         ║4║44444║
╠══════════╬═════╬═╣
║2         ║5║5    ║
║3         ║6║6    ║
║2         ║7║7    ║
║3         ║ ║     ║
║2         ║ ║     ║
║3         ║ ║     ║
║2         ║ ║     ║
║3         ║ ║     ║
╚══════════╩═════╩═╝

[18:21:42] Log        : 
╔══════════╦═════╦═╗
║1         ║4║44444║
╠══════════╬═════╬═╣
║2         ║5║5    ║
╠══════════╬═════╬═╣
║3         ║6║6    ║
╠══════════╬═════╬═╣
║2         ║7║7    ║
╠══════════╬═════╬═╣
║3         ║ ║     ║
╠══════════╬═════╬═╣
║2         ║ ║     ║
╠══════════╬═════╬═╣
║3         ║ ║     ║
╠══════════╬═════╬═╣
║2         ║ ║     ║
╠══════════╬═════╬═╣
║3         ║ ║     ║
╠══════════╬═════╬═╣
╚══════════╩═════╩═╝

