[09:49:06] [L] My Cmd  : Welcome to My CMD
[09:49:07] [R] My Cmd  : info2
[09:49:07] [L] My Cmd  : NewLifeUtils Version: 5.1.8
[09:49:07] [L] My Cmd  : Platform: win32
[09:49:07] [L] My Cmd  : Machine: AMD64
[09:49:07] [L] My Cmd  : Architecture: 64bit WindowsPE
[09:49:07] [L] My Cmd  : Name: DESKTOP-MQG84BI
[09:49:07] [L] My Cmd  : Encoding: utf-8
[09:49:07] [L] My Cmd  : API: 1013
[09:49:07] [L] My Cmd  : Python: 3.9.1 (0) final 
[09:49:13] [R] My Cmd  : 
[09:49:15] [R] My Cmd  : info2
[09:49:15] [L] My Cmd  : NewLifeUtils Version: 5.1.8
[09:49:15] [L] My Cmd  : Platform: win32
[09:49:15] [L] My Cmd  : Machine: AMD64
[09:49:15] [L] My Cmd  : Architecture: 64bit WindowsPE
[09:49:15] [L] My Cmd  : Name: DESKTOP-MQG84BI
[09:49:15] [L] My Cmd  : Encoding: utf-8
[09:49:15] [L] My Cmd  : API: 1013
[09:49:15] [L] My Cmd  : Python: 3.9.1 (0) final 
[09:49:52] [R] My Cmd  : exit
[09:49:52] [L] My Cmd  : Exit with code: quit, from: None
[09:49:52] [L] My Cmd  : Welcome to My CMD
[09:49:53] [R] My Cmd  : info2
[09:49:53] [L] My Cmd  : NewLifeUtils Version: 5.1.8
[09:49:53] [L] My Cmd  : Platform: win32 (Windows)
[09:49:53] [L] My Cmd  : Machine: AMD64
[09:49:53] [L] My Cmd  : Architecture: 64bit WindowsPE
[09:49:53] [L] My Cmd  : Name: DESKTOP-MQG84BI
[09:49:54] [L] My Cmd  : Encoding: utf-8
[09:49:54] [L] My Cmd  : API: 1013
[09:49:54] [L] My Cmd  : Python: 3.9.1 (0) final 
