{}

[18:29:23] Log        : 
╔═══════════╦═══════════╗
║мне        ║мне        ║
╠═══════════╬═══════════╣
║наплевать  ║наплевать  ║
║еще        ║еще        ║
║раз        ║раз        ║
║между      ║между      ║
║вами       ║вами       ║
║увижу      ║увижу      ║
║оскорбления║оскорбления║
║пизды      ║           ║
║дам        ║           ║
║огромных   ║           ║
╚═══════════╩═══════════╝

[18:29:31] Log        : 
╔═══════════╦═══════════╗
║мне        ║еще        ║
╠═══════════╬═══════════╣
║наплевать  ║раз        ║
║еще        ║между      ║
║раз        ║вами       ║
║между      ║увижу      ║
║вами       ║оскорбления║
║увижу      ║           ║
║оскорбления║           ║
║пизды      ║           ║
║дам        ║           ║
║огромных   ║           ║
╚═══════════╩═══════════╝

[18:29:37] Log        : 
╔═══════════╦═══════════╗
║мне        ║еще        ║
╠═══════════╬═══════════╣
║наплевать  ║раз        ║
║еще        ║между      ║
║раз        ║вами       ║
║между      ║увижу      ║
║вами       ║оскорбления║
║увижу      ║           ║
║оскорбления║           ║
║пизды      ║           ║
║дам        ║           ║
║огромных   ║           ║
╚═══════════╩═══════════╝

