[16:26:25] Log        : Что то случилось!
[16:26:25] Log        : Записиваю информацию...
[16:26:25] Log        : Взламываю пентагон
[16:26:25] Warn       : Обрати внимание, что то опасное!
[16:26:25] Error      : Что то сломалось, иди чини, даун!
[16:26:25] Tip        : Подсказка: выкини комп в помойку, он лагает
[16:26:26] Read       : Введите что нибудь:  > []
[16:26:26] Tip        : Перменаая res - 
[16:26:26] Tip        : Я создал табличку: 
                  Заголовок
╔══════════════╦══════════╦══════════════════════════════╗
║Заголовок1    ║Заголовок2║Заголовок3--------------------║
╠══════════════╬══════════╬══════════════════════════════╣
║Тут пусто --->║          ║тут капелька                  ║
║Данные тут    ║Привет    ║Кто прочитал тот молодец      ║
╚══════════════╩══════════╩══════════════════════════════╝

[16:26:26] Log        : Список данных: 1 2 3 4 5 6 7 8
[16:26:26] RS LOG     : Cant use zero
[16:26:26] RS LOG     : Select item #4 from list; result 5
[16:26:26] Tip        : Выбор: 5
[16:26:26] Log        : Сейчас произайдет ошибка
[16:26:26] Error      : 
-------------- Error                --------------------
Type: ZeroDivisionError

More information:
	division by zero	

Traceback (most recent call last):
  File "D:\Documents\GitHub\NewLifeUtils\test.py", line 31, in <module>
    0/0
ZeroDivisionError: division by zero

-------------- Error                --------------------

