[16:48:44] Log        : Что то случилось!
[16:48:44] Log        : Записиваю информацию...
[16:48:44] Log        : Взламываю пентагон
[16:48:44] Warn       : Обрати внимание, что то опасное!
[16:48:44] Error      : Что то сломалось, иди чини, даун!
[16:48:44] Tip        : Подсказка: выкини комп в помойку, он лагает
[16:48:46] Read       : Введите что нибудь:  > [exit]
[16:48:46] Tip        : Перменаая res - exit
[16:48:46] Tip        : Я создал табличку: 
                  Заголовок
╔══════════════╦══════════╦══════════════════════════════╗
║Заголовок1    ║Заголовок2║Заголовок3--------------------║
╠══════════════╬══════════╬══════════════════════════════╣
║Тут пусто --->║          ║тут капелька                  ║
║Данные тут    ║Привет    ║Кто прочитал тот молодец      ║
╚══════════════╩══════════╩══════════════════════════════╝

[16:48:46] Log        : Список данных: 1 2 3 4 5 6 7 8
[16:48:46] RS LOG     : Cant use zero
[16:48:46] RS LOG     : Select item #6 from list; result 7
[16:48:46] Tip        : Выбор: 7
[16:48:46] Log        : Сейчас произайдет ошибка
[16:48:46] Error      : 
-------------- Error                --------------------
Type: ZeroDivisionError

More information:
	division by zero	

Traceback (most recent call last):
  File "D:\Documents\GitHub\NewLifeUtils\test.py", line 34, in <module>
    0/0
ZeroDivisionError: division by zero

-------------- Error                --------------------

