[22:47:36] [L] My Cmd  : Welcome to My CMD
[22:47:36] [L] My Cmd  : {}
[22:47:37] [R] My Cmd  : My Cmd > [help]
[22:47:37] My CMD HELP : 
My CMD - My new command line instance
	cls
		Description : Clears display
		Aliases     : cls, clearscreen
		Usage       : cls 
	help
		Description : This is the help
		Aliases     : help
		Usage       : help [command|commands] 
	hello
		Description : Say 'Hello'
		Aliases     : hello, hi
		Usage       : hello [name] 
	exit
		Description : Exit from cmd
		Aliases     : exit, quit
		Usage       : exit 

[22:47:40] [R] My Cmd  : My Cmd > [help cls]
[22:47:40] My CMD HELP : 
My CMD - My new command line instance
	cls
		Description: Clears display
		Aliases: cls, clearscreen
		Usage: cls 

[22:47:43] [R] My Cmd  : My Cmd > [hello world]
[22:47:43] [L] My Cmd  : Hello, world
[22:48:00] [R] My Cmd  : My Cmd > [exit]
[22:48:00] [L] My Cmd  : Exit with code: quit, from: None
