{}

[18:26:03] Log        : 
╔═╗
1║
╠═╣
2║
3║
2║
3║
2║
3║
2║
3║
╚═╝

[18:26:03] Log        : 
╔═╦═╗
║1║1║
╠═╬═╣
║2║2║
║3║3║
║2║2║
║3║3║
║2║2║
║3║3║
║2║2║
║3║3║
╚═╩═╝

[18:26:03] Log        : 
╔═╦═╦═╗
║1║1║1║
╠═╬═╬═╣
║2║2║2║
║3║3║3║
║2║2║2║
║3║3║3║
║2║2║2║
║3║3║3║
║2║2║2║
║3║3║3║
╚═╩═╩═╝

[18:26:03] Log        : 
╔═╦═╦═╦═╗
║1║1║1║1║
╠═╬═╬═╬═╣
║2║2║2║2║
║3║3║3║3║
║2║2║2║2║
║3║3║3║3║
║2║2║2║2║
║3║3║3║3║
║2║2║2║2║
║3║3║3║3║
╚═╩═╩═╩═╝

[18:26:44] Log        : 
╔═╗
1║
╠═╣
2║
3║
2║
3║
2║
3║
2║
3║
╚═╝

[18:26:44] Log        : 
╔═╦═╗
║1║1║
╠═╬═╣
║2║2║
║3║3║
║2║2║
║3║3║
║2║2║
║3║3║
║2║2║
║3║3║
╚═╩═╝

[18:26:44] Log        : 
╔═╦═╦═╗
║1║1║1║
╠═╬═╬═╣
║2║2║2║
║3║3║3║
║2║2║2║
║3║3║3║
║2║2║2║
║3║3║3║
║2║2║2║
║3║3║3║
╚═╩═╩═╝

[18:26:44] Log        : 
╔═╦═╦═╦═╗
║1║1║1║1║
╠═╬═╬═╬═╣
║2║2║2║2║
║3║3║3║3║
║2║2║2║2║
║3║3║3║3║
║2║2║2║2║
║3║3║3║3║
║2║2║2║2║
║3║3║3║3║
╚═╩═╩═╩═╝

[18:26:55] Log        : 
╔═╗
║1║
╠═╣
║2║
║3║
║2║
║3║
║2║
║3║
║2║
║3║
╚═╝

[18:26:55] Log        : 
╔═╦═╗
║1║1║
╠═╬═╣
║2║2║
║3║3║
║2║2║
║3║3║
║2║2║
║3║3║
║2║2║
║3║3║
╚═╩═╝

[18:26:55] Log        : 
╔═╦═╦═╗
║1║1║1║
╠═╬═╬═╣
║2║2║2║
║3║3║3║
║2║2║2║
║3║3║3║
║2║2║2║
║3║3║3║
║2║2║2║
║3║3║3║
╚═╩═╩═╝

[18:26:55] Log        : 
╔═╦═╦═╦═╗
║1║1║1║1║
╠═╬═╬═╬═╣
║2║2║2║2║
║3║3║3║3║
║2║2║2║2║
║3║3║3║3║
║2║2║2║2║
║3║3║3║3║
║2║2║2║2║
║3║3║3║3║
╚═╩═╩═╩═╝

