[23:16:38] Log        : Что то случилось!
[23:16:38] Log        : Записиваю информацию...
[23:16:38] Log        : Взламываю пентагон
[23:16:38] Warn       : Обрати внимание, что то опасное!
[23:16:38] Error      : Что то сломалось, иди чини, даун!
[23:16:38] Tip        : Подсказка: выкини комп в помойку, он лагает
[23:16:39] Read       : Введите что нибудь:  > []
[23:16:39] Tip        : Перменаая res - 
[23:16:39] Tip        : Я создал табличку: 
                  Заголовок
╔══════════════╦══════════╦══════════════════════════════╗
║Заголовок1    ║Заголовок2║Заголовок3--------------------║
╠══════════════╬══════════╬══════════════════════════════╣
║Тут пусто --->║          ║тут капелька                  ║
║Данные тут    ║Привет    ║Кто прочитал тот молодец      ║
╚══════════════╩══════════╩══════════════════════════════╝

[23:16:39] Log        : Список данных: 1 2 3 4 5 6 7 8
[23:16:39] RS LOG     : Cant use zero
[23:16:39] RS LOG     : Select item #0 from list; result 1
[23:16:39] Tip        : Выбор: 1
[23:16:39] Log        : Сейчас произайдет ошибка
[23:16:39] Error      : 
-------------- Error                --------------------
Type: ZeroDivisionError

More information:
	division by zero	

Traceback (most recent call last):
  File "D:\Documents\GitHub\NewLifeUtils\test.py", line 31, in <module>
    0/0
ZeroDivisionError: division by zero

-------------- Error                --------------------

