{}

[18:16:02] Log        : 
╔══════════╦═════╦═════╗
║1         4    ║║444444║
╠══════════╬═════╬═════╣
║2         5    ║║5    ║
╠══════════╬═════╬═════╣
║3         6    ║║6    ║
╠══════════╬═════╬═════╣
║2         7    ║║7    ║
╠══════════╬═════╬═════╣
║3              ║║     ║
╠══════════╬═════╬═════╣
║2              ║║     ║
╠══════════╬═════╬═════╣
║3              ║║     ║
╠══════════╬═════╬═════╣
║2              ║║     ║
╠══════════╬═════╬═════╣
║3              ║║     ║
╠══════════╬═════╬═════╣
╚══════════╩═════╩═════╝

[18:16:12] Log        : 
╔══════════╦═════╦═════╗
║1         4    ║║444444║
╠══════════╬═════╬═════╣
║2         5    ║║5    ║
╠══════════╬═════╬═════╣
║3         6    ║║6    ║
╠══════════╬═════╬═════╣
║2         7    ║║7    ║
╠══════════╬═════╬═════╣
║3              ║║     ║
╠══════════╬═════╬═════╣
║2              ║║     ║
╠══════════╬═════╬═════╣
║3              ║║     ║
╠══════════╬═════╬═════╣
║2              ║║     ║
╠══════════╬═════╬═════╣
║3              ║║     ║
╠══════════╬═════╬═════╣
╚══════════╩═════╩═════╝

[18:16:19] Log        : 
╔══════════╦═════╦═════╗
1         4    ║║444444║
╠══════════╬═════╬═════╣
2         5    ║║5    ║
╠══════════╬═════╬═════╣
3         6    ║║6    ║
╠══════════╬═════╬═════╣
2         7    ║║7    ║
╠══════════╬═════╬═════╣
3              ║║     ║
╠══════════╬═════╬═════╣
2              ║║     ║
╠══════════╬═════╬═════╣
3              ║║     ║
╠══════════╬═════╬═════╣
2              ║║     ║
╠══════════╬═════╬═════╣
3              ║║     ║
╠══════════╬═════╬═════╣
╚══════════╩═════╩═════╝

[18:16:25] Log        : 
╔══════════╦═════╦═════╗
║1         4    ║444444║
╠══════════╬═════╬═════╣
║2         5    ║5    ║
╠══════════╬═════╬═════╣
║3         6    ║6    ║
╠══════════╬═════╬═════╣
║2         7    ║7    ║
╠══════════╬═════╬═════╣
║3              ║     ║
╠══════════╬═════╬═════╣
║2              ║     ║
╠══════════╬═════╬═════╣
║3              ║     ║
╠══════════╬═════╬═════╣
║2              ║     ║
╠══════════╬═════╬═════╣
║3              ║     ║
╠══════════╬═════╬═════╣
╚══════════╩═════╩═════╝

[18:16:32] Log        : 
╔══════════╦═════╦═════╗
║1         4    ║║444444
╠══════════╬═════╬═════╣
║2         5    ║║5    
╠══════════╬═════╬═════╣
║3         6    ║║6    
╠══════════╬═════╬═════╣
║2         7    ║║7    
╠══════════╬═════╬═════╣
║3              ║║     
╠══════════╬═════╬═════╣
║2              ║║     
╠══════════╬═════╬═════╣
║3              ║║     
╠══════════╬═════╬═════╣
║2              ║║     
╠══════════╬═════╬═════╣
║3              ║║     
╠══════════╬═════╬═════╣
╚══════════╩═════╩═════╝

[18:16:41] Log        : 
╔══════════╦═════╦═════╗
║1         ║4    ║444444
╠══════════╬═════╬═════╣
║2         ║5    ║5    
╠══════════╬═════╬═════╣
║3         ║6    ║6    
╠══════════╬═════╬═════╣
║2         ║7    ║7    
╠══════════╬═════╬═════╣
║3         ║     ║     
╠══════════╬═════╬═════╣
║2         ║     ║     
╠══════════╬═════╬═════╣
║3         ║     ║     
╠══════════╬═════╬═════╣
║2         ║     ║     
╠══════════╬═════╬═════╣
║3         ║     ║     
╠══════════╬═════╬═════╣
╚══════════╩═════╩═════╝

[18:16:48] Log        : 
╔══════════╦═════╦═════╗
║1         ║4    ║║444444
╠══════════╬═════╬═════╣
║2         ║5    ║║5    
╠══════════╬═════╬═════╣
║3         ║6    ║║6    
╠══════════╬═════╬═════╣
║2         ║7    ║║7    
╠══════════╬═════╬═════╣
║3         ║     ║║     
╠══════════╬═════╬═════╣
║2         ║     ║║     
╠══════════╬═════╬═════╣
║3         ║     ║║     
╠══════════╬═════╬═════╣
║2         ║     ║║     
╠══════════╬═════╬═════╣
║3         ║     ║║     
╠══════════╬═════╬═════╣
╚══════════╩═════╩═════╝

