{}

[17:50:20] Log        : 
+----------+-----+-----+
[17:50:25] Log        : 
+----------+-----+-----+|1         |4    |4    |
|2         |5    |5    |
|3         |6    |6    |
|2         |7    |7    |
|3         |     |     |
|2         |     |     |
|3         |     |     |
|2         |     |     |
|3         |     |     |
+----------+-----+-----+
[17:50:44] Log        : 
+----------+-----+-----+|1         |4    |4    |
|2         |5    |5    |
|3         |6    |6    |
|2         |7    |7    |
|3         |     |     |
|2         |     |     |
|3         |     |     |
|2         |     |     |
|3         |     |     |
+----------+-----+-----+
[17:50:55] Log        : 
+----------+-----+-----+
|1         |4    |4    |
|2         |5    |5    |
|3         |6    |6    |
|2         |7    |7    |
|3         |     |     |
|2         |     |     |
|3         |     |     |
|2         |     |     |
|3         |     |     |
+----------+-----+-----+

