[22:48:02] [L] My Cmd  : Welcome to My CMD
[22:48:02] [L] My Cmd  : {}
[22:48:04] [R] My Cmd  : My Cmd > [hello]
[22:48:04] [L] My Cmd  : Hello, world!
[22:48:07] [R] My Cmd  : My Cmd > [help]
[22:48:07] My CMD HELP : 
My CMD - My new command line instance
	cls
		Description : Clears display
		Aliases     : cls, clearscreen
		Usage       : cls 
	help
		Description : This is the help
		Aliases     : help
		Usage       : help [command|commands] 
	hello
		Description : Say 'Hello'
		Aliases     : hello, hi
		Usage       : hello [name] 
	exit
		Description : Exit from cmd
		Aliases     : exit, quit
		Usage       : exit 

[22:48:10] [R] My Cmd  : My Cmd > [help cmd]
[22:48:10] My CMD HELP : Cannot find command "cmd"
[22:48:13] [R] My Cmd  : My Cmd > [help 1 2 3]
[22:48:13] [W] My Cmd  : Invalid usage. Syntax: help [command|commands] 
[22:48:25] [R] My Cmd  : My Cmd > [help commands]
[22:48:25] My CMD HELP : 
My CMD - My new command line instance
	cls
	help
	hello
	exit

[22:49:08] [R] My Cmd  : My Cmd > []
