{}

[18:06:47] Log        : 
╔══════════╦═════╦═════╗
║1         ║4    ║4    ║
╠══════════╬═════╬═════╣
║2         ║5    ║5    ║
╠══════════╬═════╬═════╣
║3         ║6    ║6    ║
╠══════════╬═════╬═════╣
║2         ║7    ║7    ║
╠══════════╬═════╬═════╣
║3         ║     ║     ║
╠══════════╬═════╬═════╣
║2         ║     ║     ║
╠══════════╬═════╬═════╣
║3         ║     ║     ║
╠══════════╬═════╬═════╣
║2         ║     ║     ║
╠══════════╬═════╬═════╣
║3         ║     ║     ║
╠══════════╬═════╬═════╣
╚══════════╩═════╩═════╝

