[22:49:23] Log        : Что то случилось!
[22:49:23] Log        : Записиваю информацию...
[22:49:23] Log        : Взламываю пентагон
[22:49:23] Warn       : Обрати внимание, что то опасное!
[22:49:23] Error      : Что то сломалось, иди чини, даун!
[22:49:23] Tip        : Подсказка: выкини комп в помойку, он лагает
[22:49:24] Read       : Введите что нибудь:  > [asd]
[22:49:24] Tip        : Перменаая res - asd
[22:49:24] Tip        : Я создал табличку: 
                  Заголовок
╔══════════════╦══════════╦══════════════════════════════╗
║Заголовок1    ║Заголовок2║Заголовок3--------------------║
╠══════════════╬══════════╬══════════════════════════════╣
║Тут пусто --->║          ║тут капелька                  ║
║Данные тут    ║Привет    ║Кто прочитал тот молодец      ║
╚══════════════╩══════════╩══════════════════════════════╝

[22:49:24] Log        : Список данных: 1 2 3 4 5 6 7 8
[22:49:24] RS LOG     : Cant use zero
[22:49:24] RS LOG     : Select item #3 from list; result 4
[22:49:24] Tip        : Выбор: 4
[22:49:24] Log        : Сейчас произайдет ошибка
[22:49:24] Error      : 
-------------- Error                --------------------
:Type ZeroDivisionError

More information:
	division by zero	

Traceback (most recent call last):
  File "D:\Documents\GitHub\NewLifeUtils\test.py", line 30, in <module>
    0/0
ZeroDivisionError: division by zero

-------------- Error                --------------------

