{}

[08:25:49] [L] My Cmd  : Welcome to My CMD
[08:25:50] [R] My Cmd  : help
[08:25:50] [L] My Cmd  : 
My CMD - My new command line instance

exit (exit, quit) 
   Exit from cmd

cls (cls, clearscreen) 
   Clears display

help (help) [command|'commands']
   This is the help

hello (hello, hi) [name]
   Say 'Hello'

parse (parse, debug_args) 
   Will provide some information about the system

info (info, version, ver) 
   Will provide some information about the system

send (send, s) <channel> <message>
   Отправка сообщения от имени бота

[08:26:20] [R] My Cmd  : exit
[08:26:20] [L] My Cmd  : Exit with code: quit, from: None
