---------------Error---------------
"D:\Documents\GitHub\NewLifeUtils\test.py" (12): <module>
  > n()
"D:\Documents\GitHub\NewLifeUtils\test.py" (11): n
  > A()
"D:\Documents\GitHub\NewLifeUtils\test.py" (7): __init__
  > self.foo(0)
"D:\Documents\GitHub\NewLifeUtils\test.py" (9): foo
  > zero/zero
ZeroDivisionError: division by zero

---------------     ---------------
[18:40:09] [L] My Cmd  : Welcome to My CMD
[18:40:11] [R] My Cmd  : אדסכ
[18:40:11] [W] My Cmd  : Unknown Command, type "help"
[18:40:13] [R] My Cmd  : fuck
---------------Attention---------------
Traceback is disabled
More info: Why you so evil?...
:_(
TIP: you can be beter
---------------         ---------------
[18:43:36] [R] My Cmd  : help
[18:43:36] [L] My Cmd  : 
My CMD - My new command line instance
exit (exit, quit) 
   Exit from cmd
eval (eval, calc) <expression>
   Exit from cmd
cls (cls, clearscreen) 
   Clears display
help (help)  [command|'commands']
   This is the help
hello (hello, hi)  [name]
   Say 'Hello'
parse (parse, debug_args) 
   Will provide some information about the system
info (info, version, ver) 
   Will provide some information about the system
