[23:16:19] Log        : Что то случилось!
[23:16:19] Log        : Записиваю информацию...
[23:16:19] Log        : Взламываю пентагон
[23:16:19] Warn       : Обрати внимание, что то опасное!
[23:16:19] Error      : Что то сломалось, иди чини, даун!
[23:16:19] Tip        : Подсказка: выкини комп в помойку, он лагает
[23:16:21] Read       : Введите что нибудь:  > [d]
[23:16:21] Tip        : Перменаая res - d
[23:16:21] Tip        : Я создал табличку: 
                  Заголовок
╔══════════════╦══════════╦══════════════════════════════╗
║Заголовок1    ║Заголовок2║Заголовок3--------------------║
╠══════════════╬══════════╬══════════════════════════════╣
║Тут пусто --->║          ║тут капелька                  ║
║Данные тут    ║Привет    ║Кто прочитал тот молодец      ║
╚══════════════╩══════════╩══════════════════════════════╝

[23:16:21] Log        : Список данных: 1 2 3 4 5 6 7 8
[23:16:21] RS LOG     : Cant use zero
[23:16:21] RS LOG     : Select item #4 from list; result 5
[23:16:21] Tip        : Выбор: 5
[23:16:21] Log        : Сейчас произайдет ошибка
[23:16:21] Error      : 
-------------- Error                --------------------
Type: ZeroDivisionError

More information:
	division by zero	

Traceback (most recent call last):
  File "D:\Documents\GitHub\NewLifeUtils\test.py", line 31, in <module>
    0/0
ZeroDivisionError: division by zero

-------------- Error                --------------------

