{}

[08:03:21] [L] My Cmd  : Welcome to My CMD
[08:03:24] [R] My Cmd  : studadd 3241
[08:03:24] [W] My Cmd  : Invalid usage. Syntax: studadd <name> <class> 
[08:03:31] [R] My Cmd  : studadd asdf d
[08:03:31] [W] My Cmd  : Class must be int
[08:03:35] [R] My Cmd  : studadd asdf 4
[08:03:35] [E] My Cmd  : 
-------------- Error                --------------------
Type: AttributeError

More information:
	'str' object has no attribute 'parametrs'	

Traceback (most recent call last):
  File "D:\Documents\GitHub\NewLifeUtils\NewLifeUtils\CustomShellModule.py", line 346, in main
    registered["run"](self)
  File "D:\Documents\GitHub\NewLifeUtils\test.py", line 67, in useradd
    user = Student(console.parametrs[0])
  File "D:\Documents\GitHub\NewLifeUtils\test.py", line 97, in Student
    srchuuid = uuid.UUID(console.parametrs[0])
AttributeError: 'str' object has no attribute 'parametrs'

-------------- Error                --------------------

[08:04:50] [R] My Cmd  : exit
[08:04:50] [L] My Cmd  : Exit with code: quit, from: None
