{}

[21:48:15] [L] My Cmd  : Welcome to My CMD
[21:48:17] [R] My Cmd  : userlist
[21:48:17] [L] My Cmd  : 
- id: 1
  name: Volmur
- id: 2
  name: NewLife
- id: 3
  name: Kotaz

[21:48:24] [R] My Cmd  : exit
[21:48:24] [L] My Cmd  : Exit with code: quit, from: None
[21:48:26] [L] My Cmd  : Welcome to My CMD
[21:48:29] [R] My Cmd  : userlist
[21:48:29] [L] My Cmd  : 
- id: 1
  name: Volmur
  name2: Volmur
- id: 2
  name: NewLife
  name2: NewLife
- id: 3
  name: Kotaz
  name2: Kotaz

[21:52:39] [R] My Cmd  : exit
[21:52:39] [L] My Cmd  : Exit with code: quit, from: None
