{}

[21:00:47] [L] My Cmd  : Welcome to My CMD
[21:00:47] [L] My Cmd  : hi
[21:00:48] [L] My Cmd  : hi
[21:00:49] [L] My Cmd  : hi
[21:00:50] [L] My Cmd  : hi
[21:00:51] [R] My Cmd  : asd
[21:00:51] [W] My Cmd  : Unknown Command, type "help"
[21:00:51] [L] My Cmd  : hi
[21:00:52] [L] My Cmd  : hi
[21:00:53] [L] My Cmd  : hi
[21:00:54] [L] My Cmd  : hi
[21:00:55] [L] My Cmd  : hi
[21:00:57] [L] My Cmd  : hi
[21:00:58] [L] My Cmd  : hi
[21:00:59] [L] My Cmd  : hi
[21:01:00] [L] My Cmd  : hi
[21:01:01] [L] My Cmd  : hi
[21:01:03] [L] My Cmd  : hi
[21:01:04] [L] My Cmd  : hi
[21:01:05] [L] My Cmd  : hi
[21:01:06] [L] My Cmd  : hi
[21:01:07] [L] My Cmd  : hi
[21:01:08] [L] My Cmd  : hi
[21:01:09] [L] My Cmd  : hi
[21:01:10] [L] My Cmd  : hi
[21:01:11] [L] My Cmd  : hi
[21:01:12] [L] My Cmd  : hi
[21:01:13] [L] My Cmd  : hi
[21:01:14] [L] My Cmd  : hi
[21:01:15] [L] My Cmd  : hi
[21:01:17] [L] My Cmd  : hi
[21:01:18] [L] My Cmd  : hi
[21:01:19] [L] My Cmd  : hi
[21:01:20] [L] My Cmd  : hi
[21:01:21] [L] My Cmd  : hi
[21:01:22] [L] My Cmd  : hi
[21:01:23] [L] My Cmd  : hi
[21:01:24] [L] My Cmd  : hi
[21:01:25] [L] My Cmd  : hi
[21:01:26] [L] My Cmd  : hi
[21:01:27] [L] My Cmd  : hi
[21:01:28] [L] My Cmd  : hi
[21:01:29] [L] My Cmd  : hi
[21:01:30] [L] My Cmd  : hi
[21:01:31] [L] My Cmd  : hi
[21:01:32] [L] My Cmd  : hi
[21:01:33] [L] My Cmd  : hi
[21:01:34] [L] My Cmd  : hi
[21:01:35] [L] My Cmd  : hi
[21:01:36] [L] My Cmd  : hi
[21:01:37] [L] My Cmd  : hi
[21:01:38] [L] My Cmd  : hi
[21:01:39] [L] My Cmd  : hi
[21:01:40] [L] My Cmd  : hi
[21:01:41] [L] My Cmd  : hi
[21:01:42] [L] My Cmd  : hi
[21:01:43] [L] My Cmd  : hi
[21:01:44] [L] My Cmd  : hi
[21:01:45] [L] My Cmd  : hi
[21:01:46] [L] My Cmd  : hi
[21:01:48] [L] My Cmd  : hi
[21:01:49] [L] My Cmd  : hi
[21:01:50] [L] My Cmd  : hi
[21:01:51] [L] My Cmd  : hi
[21:01:52] [L] My Cmd  : hi
[21:01:53] [L] My Cmd  : hi
[21:01:54] [L] My Cmd  : hi
[21:01:55] [L] My Cmd  : hi
[21:01:56] [L] My Cmd  : hi
[21:01:57] [L] My Cmd  : hi
[21:01:58] [L] My Cmd  : hi
[21:01:59] [L] My Cmd  : hi
[21:02:00] [L] My Cmd  : hi
[21:02:01] [L] My Cmd  : hi
[21:02:02] [L] My Cmd  : hi
[21:02:03] [L] My Cmd  : hi
[21:02:04] [L] My Cmd  : hi
[21:02:05] [L] My Cmd  : hi
[21:02:06] [L] My Cmd  : hi
[21:02:07] [L] My Cmd  : hi
[21:02:08] [L] My Cmd  : hi
[21:02:09] [L] My Cmd  : hi
[21:02:10] [L] My Cmd  : hi
[21:02:11] [L] My Cmd  : hi
[21:02:12] [L] My Cmd  : hi
[21:02:13] [L] My Cmd  : hi
[21:02:15] [L] My Cmd  : hi
[21:02:16] [L] My Cmd  : hi
[21:02:17] [L] My Cmd  : hi
[21:02:18] [L] My Cmd  : hi
[21:02:19] [L] My Cmd  : hi
[21:02:20] [L] My Cmd  : hi
[21:02:21] [L] My Cmd  : hi
[21:02:22] [L] My Cmd  : hi
[21:02:23] [L] My Cmd  : hi
[21:02:24] [L] My Cmd  : hi
[21:02:25] [L] My Cmd  : hi
[21:02:26] [L] My Cmd  : hi
[21:02:27] [L] My Cmd  : hi
[21:02:28] [L] My Cmd  : hi
[21:02:29] [L] My Cmd  : hi
[21:02:30] [L] My Cmd  : hi
[21:02:31] [L] My Cmd  : hi
[21:02:32] [L] My Cmd  : hi
[21:02:33] [L] My Cmd  : hi
[21:02:34] [L] My Cmd  : hi
[21:02:35] [L] My Cmd  : hi
[21:02:36] [L] My Cmd  : hi
[21:02:37] [L] My Cmd  : hi
[21:02:38] [L] My Cmd  : hi
[21:02:39] [L] My Cmd  : hi
[21:02:41] [L] My Cmd  : hi
[21:02:42] [L] My Cmd  : hi
[21:02:43] [L] My Cmd  : hi
[21:02:44] [L] My Cmd  : hi
[21:02:45] [L] My Cmd  : hi
[21:02:46] [L] My Cmd  : hi
[21:02:47] [L] My Cmd  : hi
[21:02:48] [L] My Cmd  : hi
[21:02:49] [L] My Cmd  : hi
[21:02:50] [L] My Cmd  : hi
[21:02:51] [L] My Cmd  : hi
[21:02:52] [L] My Cmd  : hi
[21:02:53] [L] My Cmd  : hi
[21:02:54] [L] My Cmd  : hi
[21:02:55] [L] My Cmd  : hi
[21:02:56] [L] My Cmd  : hi
[21:02:58] [L] My Cmd  : hi
[21:02:59] [L] My Cmd  : hi
[21:03:00] [L] My Cmd  : hi
[21:03:01] [L] My Cmd  : hi
[21:03:02] [L] My Cmd  : hi
[21:03:03] [L] My Cmd  : hi
[21:03:04] [L] My Cmd  : hi
[21:03:05] [L] My Cmd  : hi
