{}

[17:47:01] Log        : 
|1         |4    |
|2         |5    |
|3         |6    |
|2         |7    |
|3         |     |
|2         |     |
|3         |     |
|2         |     |
|3         |     |

[17:47:16] Log        : 
|1         |4    ||4    |
|2         |5    ||5    |
|3         |6    ||6    |
|2         |7    ||7    |
|3         |     ||     |
|2         |     ||     |
|3         |     ||     |
|2         |     ||     |
|3         |     ||     |

[17:47:33] Log        : 
|1         |4    ||4    
|2         |5    ||5    
|3         |6    ||6    
|2         |7    ||7    
|3         |     ||     
|2         |     ||     
|3         |     ||     
|2         |     ||     
|3         |     ||     

[17:47:39] Log        : 
|1         |4    |4    |
|2         |5    |5    |
|3         |6    |6    |
|2         |7    |7    |
|3         |     |     |
|2         |     |     |
|3         |     |     |
|2         |     |     |
|3         |     |     |

[17:47:49] Log        : 
|1         |
|2         |
|3         |
|2         |
|3         |
|2         |
|3         |
|2         |
|3         |

