{}

[08:06:23] [L] My Cmd  : Welcome to My CMD
[08:06:27] [R] My Cmd  : studadd kotaz
[08:06:27] [W] My Cmd  : Invalid usage. Syntax: studadd <name> <class> 
[08:06:29] [R] My Cmd  : studadd kotaz 1
[08:06:29] [W] My Cmd  : Invalid class
[08:06:48] [R] My Cmd  : studadd kotaz 
[08:06:48] [W] My Cmd  : Invalid usage. Syntax: studadd <name> <class> 
[08:06:51] [R] My Cmd  : studadd kotaz 3
[08:06:51] [L] My Cmd  : New student kotaz (3
[08:07:06] [R] My Cmd  : studadd kotazaaaaaaaaaaaaa 3
[08:07:06] [W] My Cmd  : Name too long (Max: 15)
[08:07:09] [R] My Cmd  : studadd ko 3
[08:07:09] [W] My Cmd  : Name too short (Min: 3)
[08:07:36] [R] My Cmd  : studadd NewUser 6
[08:07:36] [L] My Cmd  : New student NewUser (6
[08:07:41] [R] My Cmd  : studadd NewUser2 4
[08:07:41] [L] My Cmd  : New student NewUser2 (4
[08:07:48] [R] My Cmd  : studlist
[08:07:48] [E] My Cmd  : 
-------------- Error                --------------------
Type: TypeError

More information:
	create_table() missing 1 required positional argument: 'data'	

Traceback (most recent call last):
  File "D:\Documents\GitHub\NewLifeUtils\NewLifeUtils\CustomShellModule.py", line 346, in main
    registered["run"](self)
  File "D:\Documents\GitHub\NewLifeUtils\test.py", line 98, in userlist
    log(create_table(3, table))
TypeError: create_table() missing 1 required positional argument: 'data'

-------------- Error                --------------------

[08:08:16] [R] My Cmd  : exit
[08:08:16] [L] My Cmd  : Exit with code: quit, from: None
