{}

[21:55:27] [L] My Cmd  : Welcome to My CMD
[21:55:29] [R] My Cmd  : userlist
[21:55:29] [E] My Cmd  : 
-------------- Error                --------------------
Type: TypeError

More information:
	__init__() takes 1 positional argument but 2 were given	

Traceback (most recent call last):
  File "D:\Documents\GitHub\NewLifeUtils\NewLifeUtils\CustomShellModule.py", line 346, in main
    registered["run"](self)
  File "D:\Documents\GitHub\NewLifeUtils\test.py", line 40, in userlist
    User('Kotaz')
  File "D:\Documents\GitHub\NewLifeUtils\test.py", line 32, in __init__
    self.name = DataSector(name)
TypeError: __init__() takes 1 positional argument but 2 were given

-------------- Error                --------------------

[21:55:42] [R] My Cmd  : exit
[21:55:42] [L] My Cmd  : Exit with code: quit, from: None
[21:55:44] [L] My Cmd  : Welcome to My CMD
[21:56:03] [R] My Cmd  : userlist
[21:56:03] [L] My Cmd  : 
- !!python/object:__main__.User
  name: !!python/object:__main__.DataCell
    val: Kotaz
  uuid: !!python/object:__main__.DataCell
    val: !!python/object:uuid.UUID
      int: 307058244213580009808772361374653178004

[21:58:31] [R] My Cmd  : учшеexit
[21:58:31] [W] My Cmd  : Unknown Command, type "help"
[21:58:33] [R] My Cmd  : exit
[21:58:33] [L] My Cmd  : Exit with code: quit, from: None
