{}

[20:14:34] [L] My Cmd  : Welcome to My CMD
[20:14:36] [R] My Cmd  : help
[20:14:36] My CMD HELP : 
My CMD - My new command line instance
	exit
		Description : Exit from cmd
		Aliases     : exit, quit
		Usage       : exit 
	cls
		Description : Clears display
		Aliases     : cls, clearscreen
		Usage       : cls 
	help
		Description : This is the help
		Aliases     : help
		Usage       : help [command|'commands'] 
	hello
		Description : Say 'Hello'
		Aliases     : hello, hi
		Usage       : hello [name] 
	parse
		Description : Will provide some information about the system
		Aliases     : parse, debug_args
		Usage       : parse 
	info
		Description : Will provide some information about the system
		Aliases     : info, version, ver
		Usage       : info 
	send
		Description : Отправка сообщения от имени бота
		Aliases     : send, s
		Usage       : send <channel> <message> 

[20:15:07] [R] My Cmd  : 
[20:15:08] [R] My Cmd  : 4
[20:15:08] [W] My Cmd  : Unknown Command, type "help"
