---------------Fatal error---------------
"D:\Documents\GitHub\NewLifeUtils\test.py" (24): <module>
  > n()
"D:\Documents\GitHub\NewLifeUtils\test.py" (21): n
  > A()
"D:\Documents\GitHub\NewLifeUtils\test.py" (14): __init__
  > self.foo(0)
"D:\Documents\GitHub\NewLifeUtils\test.py" (17): foo
  > zero / zero
ZeroDivisionError: division by zero
---------------           ---------------
---------------Fatal error---------------
"D:\Documents\GitHub\NewLifeUtils\test.py" (24): <module>
  > n()
"D:\Documents\GitHub\NewLifeUtils\test.py" (21): n
  > A()
"D:\Documents\GitHub\NewLifeUtils\test.py" (14): __init__
  > self.foo(0)
"D:\Documents\GitHub\NewLifeUtils\test.py" (17): foo
  > zero / zero
ZeroDivisionError: division by zero
---------------           ---------------
