[22:33:46] Log        : Что то случилось!
[22:33:46] Log        : Записиваю информацию...
[22:33:46] Log        : Взламываю пентагон
[22:33:46] Warn       : Обрати внимание, что то опасное!
[22:33:46] Error      : Что то сломалось, иди чини, даун!
[22:33:46] Tip        : Подсказка: выкини комп в помойку, он лагает
[22:33:49] Read       : Введите что нибудь:  > [ы]
[22:33:49] Tip        : Перменаая res - ы
[22:33:49] Tip        : Я создал табличку: 
                  Заголовок
╔══════════════╦══════════╦══════════════════════════════╗
║Заголовок1    ║Заголовок2║Заголовок3--------------------║
╠══════════════╬══════════╬══════════════════════════════╣
║Тут пусто --->║          ║тут капелька                  ║
║Данные тут    ║Привет    ║Кто прочитал тот молодец      ║
╚══════════════╩══════════╩══════════════════════════════╝

[22:33:49] Log        : Список данных: 1 2 3 4 5 6 7 8
[22:33:49] RS LOG     : Cant use zero
[22:33:49] RS LOG     : Select item #4 from list; result 5
[22:33:49] Tip        : Выбор: 5
