{}

[21:10:19] [L] My Cmd  : Welcome to My CMD
[21:10:22] [R] My Cmd  : userlist
[21:10:22] [L] My Cmd  : dict_keys(['id', 'name'])
[21:10:22] [L] My Cmd  : <__main__.User object at 0x000002B64093FE80>
[21:10:22] [L] My Cmd  : <__main__.User object at 0x000002B64093FE80>
[21:10:22] [E] My Cmd  : 
-------------- Error                --------------------
Type: TypeError

More information:
	'User' object is not callable	

Traceback (most recent call last):
  File "D:\Documents\GitHub\NewLifeUtils\NewLifeUtils\CustomShellModule.py", line 346, in main
    registered["run"](self)
  File "D:\Documents\GitHub\NewLifeUtils\test.py", line 39, in userlist
    log(user())
TypeError: 'User' object is not callable

-------------- Error                --------------------

[21:12:06] [R] My Cmd  : exit
[21:12:06] [L] My Cmd  : Exit with code: quit, from: None
