{}

[18:12:02] Log        : 
╔══════════╦═════╦═════╗
║1         ║║4    ║444444║
╠══════════╬═════╬═════╣
║2         ║║5    ║5    ║
╠══════════╬═════╬═════╣
║3         ║║6    ║6    ║
╠══════════╬═════╬═════╣
║2         ║║7    ║7    ║
╠══════════╬═════╬═════╣
║3         ║║     ║     ║
╠══════════╬═════╬═════╣
║2         ║║     ║     ║
╠══════════╬═════╬═════╣
║3         ║║     ║     ║
╠══════════╬═════╬═════╣
║2         ║║     ║     ║
╠══════════╬═════╬═════╣
║3         ║║     ║     ║
╠══════════╬═════╬═════╣
╚══════════╩═════╩═════╝

[18:12:23] Log        : 
╔══════════╦═════╦═════╗
║1         ║║4    ║║444444
╠══════════╬═════╬═════╣
║2         ║║5    ║║5    
╠══════════╬═════╬═════╣
║3         ║║6    ║║6    
╠══════════╬═════╬═════╣
║2         ║║7    ║║7    
╠══════════╬═════╬═════╣
║3         ║║     ║║     
╠══════════╬═════╬═════╣
║2         ║║     ║║     
╠══════════╬═════╬═════╣
║3         ║║     ║║     
╠══════════╬═════╬═════╣
║2         ║║     ║║     
╠══════════╬═════╬═════╣
║3         ║║     ║║     
╠══════════╬═════╬═════╣
╚══════════╩═════╩═════╝

[18:12:33] Log        : 
╔══════════╦═════╦═════╗
║1         ║║4    ║444444║
╠══════════╬═════╬═════╣
║2         ║║5    ║5    ║
╠══════════╬═════╬═════╣
║3         ║║6    ║6    ║
╠══════════╬═════╬═════╣
║2         ║║7    ║7    ║
╠══════════╬═════╬═════╣
║3         ║║     ║     ║
╠══════════╬═════╬═════╣
║2         ║║     ║     ║
╠══════════╬═════╬═════╣
║3         ║║     ║     ║
╠══════════╬═════╬═════╣
║2         ║║     ║     ║
╠══════════╬═════╬═════╣
║3         ║║     ║     ║
╠══════════╬═════╬═════╣
╚══════════╩═════╩═════╝

[18:12:44] Log        : 
╔══════════╦═════╦═════╗
║1         ║║4    ║444444║
╠══════════╬═════╬═════╣
║2         ║║5    ║5    ║
╠══════════╬═════╬═════╣
║3         ║║6    ║6    ║
╠══════════╬═════╬═════╣
║2         ║║7    ║7    ║
╠══════════╬═════╬═════╣
║3         ║║     ║     ║
╠══════════╬═════╬═════╣
║2         ║║     ║     ║
╠══════════╬═════╬═════╣
║3         ║║     ║     ║
╠══════════╬═════╬═════╣
║2         ║║     ║     ║
╠══════════╬═════╬═════╣
║3         ║║     ║     ║
╠══════════╬═════╬═════╣
╚══════════╩═════╩═════╝

[18:12:56] Log        : 
╔══════════╦═════╦═════╗
║1         ║║4    ║444444
╠══════════╬═════╬═════╣
║2         ║║5    ║5    
╠══════════╬═════╬═════╣
║3         ║║6    ║6    
╠══════════╬═════╬═════╣
║2         ║║7    ║7    
╠══════════╬═════╬═════╣
║3         ║║     ║     
╠══════════╬═════╬═════╣
║2         ║║     ║     
╠══════════╬═════╬═════╣
║3         ║║     ║     
╠══════════╬═════╬═════╣
║2         ║║     ║     
╠══════════╬═════╬═════╣
║3         ║║     ║     
╠══════════╬═════╬═════╣
╚══════════╩═════╩═════╝

