{}

[08:18:55] [L] My Cmd  : Welcome to My CMD
[08:18:59] [R] My Cmd  : studadd rr1 1
[08:18:59] [L] My Cmd  : New student rr1 (1)
[08:19:01] [R] My Cmd  : studadd rr2 2
[08:19:01] [L] My Cmd  : New student rr2 (2)
[08:19:03] [R] My Cmd  : studlist
[08:19:03] [L] My Cmd  : 
                   TABLE
╔══╦════╦═════╦════════════════════════════════════╗
║id║name║class║uuid                                ║
╠══╬════╬═════╬════════════════════════════════════╣
║0 ║rr1 ║1    ║5a17c878-6f0f-4fe9-909a-ffa19d3bc251║
║1 ║rr2 ║2    ║c6e9218f-492e-4c62-9dc7-734197d31718║
╚══╩════╩═════╩════════════════════════════════════╝

[08:19:11] [R] My Cmd  : studview 5a17c878-6f0f-4fe9-909a-ffa19d3bc251
[08:19:11] [L] My Cmd  : Succesfull finded
[08:19:11] [L] My Cmd  : Pos: 0
[08:19:11] [L] My Cmd  : Name: rr1
[08:19:11] [L] My Cmd  : Class: 1
[08:19:24] [R] My Cmd  : studdel 5a17c878-6f0f-4fe9-909a-ffa19d3bc251
[08:19:24] [L] My Cmd  : Succesfull
[08:19:28] [R] My Cmd  : studlist
[08:19:28] [L] My Cmd  : 
                   TABLE
╔══╦════╦═════╦════════════════════════════════════╗
║id║name║class║uuid                                ║
╠══╬════╬═════╬════════════════════════════════════╣
║0 ║rr2 ║2    ║c6e9218f-492e-4c62-9dc7-734197d31718║
╚══╩════╩═════╩════════════════════════════════════╝

[08:31:38] [R] My Cmd  : exit
[08:31:38] [L] My Cmd  : Exit with code: quit, from: None
