[22:49:46] Log        : Что то случилось!
[22:49:46] Log        : Записиваю информацию...
[22:49:46] Log        : Взламываю пентагон
[22:49:46] Warn       : Обрати внимание, что то опасное!
[22:49:46] Error      : Что то сломалось, иди чини, даун!
[22:49:46] Tip        : Подсказка: выкини комп в помойку, он лагает
[22:49:49] Read       : Введите что нибудь:  > [Я лох]
[22:49:49] Tip        : Перменаая res - Я лох
[22:49:49] Tip        : Я создал табличку: 
                  Заголовок
╔══════════════╦══════════╦══════════════════════════════╗
║Заголовок1    ║Заголовок2║Заголовок3--------------------║
╠══════════════╬══════════╬══════════════════════════════╣
║Тут пусто --->║          ║тут капелька                  ║
║Данные тут    ║Привет    ║Кто прочитал тот молодец      ║
╚══════════════╩══════════╩══════════════════════════════╝

[22:49:49] Log        : Список данных: 1 2 3 4 5 6 7 8
[22:49:49] RS LOG     : Cant use zero
[22:49:49] RS LOG     : Select item #6 from list; result 7
[22:49:49] Tip        : Выбор: 7
[22:49:49] Log        : Сейчас произайдет ошибка
[22:49:49] Error      : 
-------------- Error                --------------------
Type: ZeroDivisionError

More information:
	division by zero	

Traceback (most recent call last):
  File "D:\Documents\GitHub\NewLifeUtils\test.py", line 30, in <module>
    0/0
ZeroDivisionError: division by zero

-------------- Error                --------------------

