{}

[18:27:05] Log        : 
╔═╗
║1║
╠═╣
║2║
║3║
║2║
║3║
║2║
║3║
║2║
║3║
╚═╝

[18:27:05] Log        : 
╔═╦═╗
║1║1║
╠═╬═╣
║2║2║
║3║3║
║2║2║
║3║3║
║2║2║
║3║3║
║2║2║
║3║3║
╚═╩═╝

[18:27:05] Log        : 
╔═╦═╦═╗
║1║1║1║
╠═╬═╬═╣
║2║2║2║
║3║3║3║
║2║2║2║
║3║3║3║
║2║2║2║
║3║3║3║
║2║2║2║
║3║3║3║
╚═╩═╩═╝

[18:27:05] Log        : 
╔═╦═╦═╦═╦═╦═╦═╦═╦═╦═╦═╦═╦═╦═╦═╦═╦═╦═╦═╦═╦═╦═╗
║1║1║1║1║1║1║1║1║1║1║1║1║1║1║1║1║1║1║1║1║1║1║
╠═╬═╬═╬═╬═╬═╬═╬═╬═╬═╬═╬═╬═╬═╬═╬═╬═╬═╬═╬═╬═╬═╣
║2║2║2║2║2║2║2║2║2║2║2║2║2║2║2║2║2║2║2║2║2║2║
║3║3║3║3║3║3║3║3║3║3║3║3║3║3║3║3║3║3║3║3║3║3║
║2║2║2║2║2║2║2║2║2║2║2║2║2║2║2║2║2║2║2║2║2║2║
║3║3║3║3║3║3║3║3║3║3║3║3║3║3║3║3║3║3║3║3║3║3║
║2║2║2║2║2║2║2║2║2║2║2║2║2║2║2║2║2║2║2║2║2║2║
║3║3║3║3║3║3║3║3║3║3║3║3║3║3║3║3║3║3║3║3║3║3║
║2║2║2║2║2║2║2║2║2║2║2║2║2║2║2║2║2║2║2║2║2║2║
║3║3║3║3║3║3║3║3║3║3║3║3║3║3║3║3║3║3║3║3║3║3║
╚═╩═╩═╩═╩═╩═╩═╩═╩═╩═╩═╩═╩═╩═╩═╩═╩═╩═╩═╩═╩═╩═╝

