{}

[08:40:21] [L] My Cmd  : Welcome to My CMD
[08:40:22] [L] My Cmd  : Loaded 1 users
[08:40:25] [R] My Cmd  : userlist
[08:40:25] [W] My Cmd  : Unknown Command, type "help"
[08:40:28] [R] My Cmd  : studlist
[08:40:28] [L] My Cmd  : 
                   TABLE
╔══╦═════╦═════╦════════════════════════════════════╗
║id║name ║class║uuid                                ║
╠══╬═════╬═════╬════════════════════════════════════╣
║0 ║Kotaz║9    ║8f61447e-5664-4c06-acba-5209b8dfd723║
╚══╩═════╩═════╩════════════════════════════════════╝

[08:43:34] [R] My Cmd  : help
[08:43:34] [L] My Cmd  : 
My CMD - My new command line instance

exit (exit, quit) 
   Exit from cmd

cls (cls, clearscreen) 
   Clears display

help (help)  [command|'commands']
   This is the help

hello (hello, hi)  [name]
   Say 'Hello'

parse (parse, debug_args) 
   Will provide some information about the system

info (info, version, ver) 
   Will provide some information about the system

studadd (studadd) <name> <class>
   userlist

studdel (studdel) <uuid>
   userlist

studlist (studlist) 
   userlist

studview (studview) <uuid>
   userlist

[08:44:28] [R] My Cmd  : exit
[08:44:28] [L] My Cmd  : Exit with code: quit, from: None
[08:44:28] [L] My Cmd  : Succesfull saved 1 users
[08:44:28] [L] My Cmd  : Succesfull saved all data
