[22:44:36] [L] My Cmd  : Welcome to My CMD
[22:44:36] [L] My Cmd  : {}
[22:44:38] [R] My Cmd  : My Cmd > [help]
[22:44:38] My CMD HELP : 
My CMD - My new command line instance
	cls
		Description : Clears display
		Aliases     : cls, clearscreen
		Usage       : cls 
	help
		Description : This is the help
		Aliases     : help
		Usage       : help [command|commands] 
	hello
		Description : Say 'Hello'
		Aliases     : hello, hi
		Usage       : hello [name] 
	exit
		Description : Exit from cmd
		Aliases     : exit, quit
		Usage       : exit 

[22:44:44] [R] My Cmd  : My Cmd > [cl]
[22:44:44] [W] My Cmd  : Unknown Command, type "help"
[22:44:46] [R] My Cmd  : My Cmd > [exit]
[22:44:46] [L] My Cmd  : Exit with code: quit, from: None
