{}

[08:23:17] [L] My Cmd  : Welcome to My CMD
[08:23:18] [R] My Cmd  : help 
[08:23:18] [L] My Cmd  : 
My CMD - My new command line instance

exit (exit, quit) exit 
Exit from cmd
cls (cls, clearscreen) cls 
Clears display
help (help) help [command|'commands']
This is the help
hello (hello, hi) hello [name]
Say 'Hello'
parse (parse, debug_args) parse 
Will provide some information about the system
info (info, version, ver) info 
Will provide some information about the system
send (send, s) send <channel> <message>
Отправка сообщения от имени бота
[08:25:47] [R] My Cmd  : exit
[08:25:47] [L] My Cmd  : Exit with code: quit, from: None
