{}

[18:25:03] Log        : 
╔═╦═╦═╗
║1║1║║1
╠═╬═╬═╣
║2║2║║2
║3║3║║3
║2║2║║2
║3║3║║3
║2║2║║2
║3║3║║3
║2║2║║2
║3║3║║3
╚═╩═╩═╝

[18:25:21] Log        : 
╔═╗
║1
╠═╣
║2
║3
║2
║3
║2
║3
║2
║3
╚═╝

[18:25:21] Log        : 
╔═╦═╗
║1║1║
╠═╬═╣
║2║2║
║3║3║
║2║2║
║3║3║
║2║2║
║3║3║
║2║2║
║3║3║
╚═╩═╝

[18:25:21] Log        : 
╔═╦═╦═╗
║1║1║║1
╠═╬═╬═╣
║2║2║║2
║3║3║║3
║2║2║║2
║3║3║║3
║2║2║║2
║3║3║║3
║2║2║║2
║3║3║║3
╚═╩═╩═╝

[18:25:21] Log        : 
╔═╦═╦═╦═╗
║1║1║║1║1
╠═╬═╬═╬═╣
║2║2║║2║2
║3║3║║3║3
║2║2║║2║2
║3║3║║3║3
║2║2║║2║2
║3║3║║3║3
║2║2║║2║2
║3║3║║3║3
╚═╩═╩═╩═╝

[18:25:34] Log        : 
╔═╗
1
╠═╣
2
3
2
3
2
3
2
3
╚═╝

[18:25:34] Log        : 
╔═╦═╗
║1║║1║
╠═╬═╣
║2║║2║
║3║║3║
║2║║2║
║3║║3║
║2║║2║
║3║║3║
║2║║2║
║3║║3║
╚═╩═╝

[18:25:34] Log        : 
╔═╦═╦═╗
║1║║1║1
╠═╬═╬═╣
║2║║2║2
║3║║3║3
║2║║2║2
║3║║3║3
║2║║2║2
║3║║3║3
║2║║2║2
║3║║3║3
╚═╩═╩═╝

[18:25:34] Log        : 
╔═╦═╦═╦═╗
║1║║1║11
╠═╬═╬═╬═╣
║2║║2║22
║3║║3║33
║2║║2║22
║3║║3║33
║2║║2║22
║3║║3║33
║2║║2║22
║3║║3║33
╚═╩═╩═╩═╝

[18:25:48] Log        : 
╔═╗
1║
╠═╣
2║
3║
2║
3║
2║
3║
2║
3║
╚═╝

[18:25:48] Log        : 
╔═╦═╗
║1║1║
╠═╬═╣
║2║2║
║3║3║
║2║2║
║3║3║
║2║2║
║3║3║
║2║2║
║3║3║
╚═╩═╝

[18:25:48] Log        : 
╔═╦═╦═╗
║1║1║1║
╠═╬═╬═╣
║2║2║2║
║3║3║3║
║2║2║2║
║3║3║3║
║2║2║2║
║3║3║3║
║2║2║2║
║3║3║3║
╚═╩═╩═╝

[18:25:48] Log        : 
╔═╦═╦═╦═╗
║1║1║1║1║
╠═╬═╬═╬═╣
║2║2║2║2║
║3║3║3║3║
║2║2║2║2║
║3║3║3║3║
║2║2║2║2║
║3║3║3║3║
║2║2║2║2║
║3║3║3║3║
╚═╩═╩═╩═╝

[18:25:58] Log        : 
╔═╗
1║
╠═╣
2║
3║
2║
3║
2║
3║
2║
3║
╚═╝

[18:25:58] Log        : 
╔═╦═╗
║1║1║
╠═╬═╣
║2║2║
║3║3║
║2║2║
║3║3║
║2║2║
║3║3║
║2║2║
║3║3║
╚═╩═╝

[18:25:58] Log        : 
╔═╦═╦═╗
║1║1║1║
╠═╬═╬═╣
║2║2║2║
║3║3║3║
║2║2║2║
║3║3║3║
║2║2║2║
║3║3║3║
║2║2║2║
║3║3║3║
╚═╩═╩═╝

[18:25:58] Log        : 
╔═╦═╦═╦═╗
║1║1║1║1║
╠═╬═╬═╬═╣
║2║2║2║2║
║3║3║3║3║
║2║2║2║2║
║3║3║3║3║
║2║2║2║2║
║3║3║3║3║
║2║2║2║2║
║3║3║3║3║
╚═╩═╩═╩═╝

