[17:51:21] [L] My Cmd  : Welcome to My CMD
[17:51:22] [R] My Cmd  : fuck
[17:51:22] [W] My Cmd  : 
-------------- Warn                 --------------------
Type: Exception

More information:
	Why you so evil?...
	:_(
	TIP: you can be beter	

-------------- Warn                 --------------------
[17:51:34] [R] My Cmd  : eval 1
[17:51:34] [L] My Cmd  : 1
[17:51:36] [R] My Cmd  : eval a
[17:51:36] [E] My Cmd  : 
-------------- Error                --------------------
Type: NameError

More information:
	name 'a' is not defined	

Traceback (most recent call last):
  File "D:\Documents\GitHub\NewLifeUtils\NewLifeUtils\CustomShellModule.py", line 355, in main
    registered["run"](self)
  File "D:\Documents\GitHub\NewLifeUtils\NewLifeUtils\CustomShellModule.py", line 70, in eval_
    log(eval(console.parametrs[0]))
  File "<string>", line 1, in <module>
NameError: name 'a' is not defined

-------------- Error                --------------------
[17:51:41] [R] My Cmd  : eval 2+2a
