{}

[20:15:10] [L] My Cmd  : Welcome to My CMD
[20:15:13] [R] My Cmd  : help
[20:15:13] My CMD HELP : 
My CMD - My new command line instance
	exit
		Description : Exit from cmd
		Aliases     : exit, quit
		Usage       : exit 
	cls
		Description : Clears display
		Aliases     : cls, clearscreen
		Usage       : cls 
	help
		Description : This is the help
		Aliases     : help
		Usage       : help [command|'commands'] 
	hello
		Description : Say 'Hello'
		Aliases     : hello, hi
		Usage       : hello [name] 
	parse
		Description : Will provide some information about the system
		Aliases     : parse, debug_args
		Usage       : parse 
	info
		Description : Will provide some information about the system
		Aliases     : info, version, ver
		Usage       : info 
	send
		Description : Отправка сообщения от имени бота
		Aliases     : send, s
		Usage       : send <channel> <message> 
	send
		Description : Отправка сообщения от имени бота
		Aliases     : send, s
		Usage       : send <channel> <message> 

[20:15:32] [R] My Cmd  : 
[20:15:35] [L] My Cmd  : Welcome to My CMD
[20:15:46] [L] My Cmd  : Welcome to My CMD
[20:15:46] [E] My Cmd  : 
-------------- Fatal error          --------------------
Type: Exception

More information:
	Console commands with the same names were registered.
	Here is a list of registered console commands (their names):
	exit, cls, help, hello, parse, info, send, send	

-------------- Fatal error          --------------------

[20:15:56] [L] My Cmd  : Welcome to My CMD
