{}

[18:15:22] Log        : 
╔══════════╦═════╦═════╗
║1         4    ║║444444
╠══════════╬═════╬═════╣
║2         5    ║║5    
║3         6    ║║6    
║2         7    ║║7    
║3              ║║     
║2              ║║     
║3              ║║     
║2              ║║     
║3              ║║     
╚══════════╩═════╩═════╝

[18:15:43] Log        : 
╔══════════╦═════╦═════╗
║1         4    ║║444444
╠══════════╬═════╬═════╣
║2         5    ║║5    
╠══════════╬═════╬═════╣
║3         6    ║║6    
╠══════════╬═════╬═════╣
║2         7    ║║7    
╠══════════╬═════╬═════╣
║3              ║║     
╠══════════╬═════╬═════╣
║2              ║║     
╠══════════╬═════╬═════╣
║3              ║║     
╠══════════╬═════╬═════╣
║2              ║║     
╠══════════╬═════╬═════╣
║3              ║║     
╠══════════╬═════╬═════╣
╚══════════╩═════╩═════╝

