[22:42:47] [L] My Cmd  : Welcome to My CMD
[22:42:47] [L] My Cmd  : {}
[22:42:57] [R] My Cmd  : My Cmd > [help]
[22:42:57] My CMD HELP : 
My CMD - My new command line instance
	cls
		Description : Clears display
		Aliases     : cls, clearscreen
		Usage       : cls 
	help
		Description : This is the help
		Aliases     : help
		Usage       : help [command|commands] 
	hello
		Description : Say 'Hello'
		Aliases     : hello, hi
		Usage       : hello [name] 
	exit
		Description : Exit from cmd
		Aliases     : exit, quit
		Usage       : exit 

[22:44:17] [R] My Cmd  : My Cmd > [exit]
[22:44:17] [L] My Cmd  : Exit with code: quit, from: None
