---------------Fatal error---------------
"D:\Documents\GitHub\NewLifeUtils\test.py" (12): <module>
> n()
ZeroDivisionError: division by zero"D:\Documents\GitHub\NewLifeUtils\test.py" (11): n
> A()
ZeroDivisionError: division by zero"D:\Documents\GitHub\NewLifeUtils\test.py" (7): __init__
> self.foo(0)
ZeroDivisionError: division by zero"D:\Documents\GitHub\NewLifeUtils\test.py" (9): foo
> zero/zero
ZeroDivisionError: division by zero

---------------           ---------------
---------------Fatal error---------------
"" (12): <module>
  > n()
ZeroDivisionError: division by zero"" (11): n
  > A()
ZeroDivisionError: division by zero"" (7): __init__
  > self.foo(0)
ZeroDivisionError: division by zero"" (9): foo
  > zero/zero
ZeroDivisionError: division by zero

---------------           ---------------
---------------Fatal error---------------
"D:\Documents\GitHub\NewLifeUtils\test.py" (12): <module>
  > 
ZeroDivisionError: division by zero"D:\Documents\GitHub\NewLifeUtils\test.py" (11): n
  > 
ZeroDivisionError: division by zero"D:\Documents\GitHub\NewLifeUtils\test.py" (7): __init__
  > 
ZeroDivisionError: division by zero"D:\Documents\GitHub\NewLifeUtils\test.py" (9): foo
  > 
ZeroDivisionError: division by zero

---------------           ---------------
