{}

[18:17:00] Log        : 
╔══════════╦═════╦═════╗
║1         ║4    ║444444
╠══════════╬═════╬═════╣
║2         ║5    ║5    
╠══════════╬═════╬═════╣
║3         ║6    ║6    
╠══════════╬═════╬═════╣
║2         ║7    ║7    
╠══════════╬═════╬═════╣
║3         ║     ║     
╠══════════╬═════╬═════╣
║2         ║     ║     
╠══════════╬═════╬═════╣
║3         ║     ║     
╠══════════╬═════╬═════╣
║2         ║     ║     
╠══════════╬═════╬═════╣
║3         ║     ║     
╠══════════╬═════╬═════╣
╚══════════╩═════╩═════╝

[18:17:16] Log        : 
╔══════════╦═════╦═════╗
║1         ║4    ║║444444
╠══════════╬═════╬═════╣
║2         ║5    ║║5    
╠══════════╬═════╬═════╣
║3         ║6    ║║6    
╠══════════╬═════╬═════╣
║2         ║7    ║║7    
╠══════════╬═════╬═════╣
║3         ║     ║║     
╠══════════╬═════╬═════╣
║2         ║     ║║     
╠══════════╬═════╬═════╣
║3         ║     ║║     
╠══════════╬═════╬═════╣
║2         ║     ║║     
╠══════════╬═════╬═════╣
║3         ║     ║║     
╠══════════╬═════╬═════╣
╚══════════╩═════╩═════╝

[18:17:22] Log        : 
╔══════════╦═════╦═════╗
║1         ║4    ║444444║
╠══════════╬═════╬═════╣
║2         ║5    ║5    ║
╠══════════╬═════╬═════╣
║3         ║6    ║6    ║
╠══════════╬═════╬═════╣
║2         ║7    ║7    ║
╠══════════╬═════╬═════╣
║3         ║     ║     ║
╠══════════╬═════╬═════╣
║2         ║     ║     ║
╠══════════╬═════╬═════╣
║3         ║     ║     ║
╠══════════╬═════╬═════╣
║2         ║     ║     ║
╠══════════╬═════╬═════╣
║3         ║     ║     ║
╠══════════╬═════╬═════╣
╚══════════╩═════╩═════╝

[18:17:31] Log        : 
╔══════════╦═════╦═════╗
║1         ║4    ║44444║
╠══════════╬═════╬═════╣
║2         ║5    ║5    ║
╠══════════╬═════╬═════╣
║3         ║6    ║6    ║
╠══════════╬═════╬═════╣
║2         ║7    ║7    ║
╠══════════╬═════╬═════╣
║3         ║     ║     ║
╠══════════╬═════╬═════╣
║2         ║     ║     ║
╠══════════╬═════╬═════╣
║3         ║     ║     ║
╠══════════╬═════╬═════╣
║2         ║     ║     ║
╠══════════╬═════╬═════╣
║3         ║     ║     ║
╠══════════╬═════╬═════╣
╚══════════╩═════╩═════╝

[18:17:50] Log        : 
╔══════════╦═════╦═════╗
║1         ║4    ║44444║
╠══════════╬═════╬═════╣
║2         ║5    ║5    ║
╠══════════╬═════╬═════╣
║3         ║6    ║6    ║
╠══════════╬═════╬═════╣
║2         ║7    ║7    ║
╠══════════╬═════╬═════╣
║3         ║     ║     ║
╠══════════╬═════╬═════╣
║2         ║     ║     ║
╠══════════╬═════╬═════╣
║3         ║     ║     ║
╠══════════╬═════╬═════╣
║2         ║     ║     ║
╠══════════╬═════╬═════╣
║3         ║     ║     ║
╠══════════╬═════╬═════╣
╚══════════╩═════╩═════╝

