{}

[19:22:49] [L] My Cmd  : Welcome to My CMD
[19:22:51] [R] My Cmd  : asd
[19:22:51] [W] My Cmd  : Unknown Command, type "help"
[19:22:52] [R] My Cmd  : help
[19:22:52] [L] My Cmd  : 
My CMD - My new command line instance

exit (exit, quit) 
   Exit from cmd

cls (cls, clearscreen) 
   Clears display

help (help) [command|'commands']
   This is the help

hello (hello, hi) [name]
   Say 'Hello'

parse (parse, debug_args) 
   Will provide some information about the system

info (info, version, ver) 
   Will provide some information about the system

[20:42:51] [E] My Cmd  : 
-------------- Error                --------------------
Type: EOFError

More information:
		

Traceback (most recent call last):
  File "D:\Documents\GitHub\NewLifeUtils\NewLifeUtils\CustomShellModule.py", line 324, in main
    rea(f"{self.cmd_name.title()} >", completion=self.fist_completer)
  File "D:\Documents\GitHub\NewLifeUtils\NewLifeUtils\LoggerModule.py", line 693, in rea
    return read(message, tag, completion)
  File "D:\Documents\GitHub\NewLifeUtils\NewLifeUtils\LoggerModule.py", line 803, in read
    readed = input()
EOFError

-------------- Error                --------------------

[20:42:54] [R] My Cmd  : exit
[20:42:54] [L] My Cmd  : Exit with code: quit, from: None
