{}

[19:04:22] [L] My Cmd  : Welcome to My CMD
[19:04:24] [R] My Cmd  : 123
[19:04:24] [W] My Cmd  : Unknown Command, type "help"
[19:04:25] [R] My Cmd  : s
[19:04:25] [W] My Cmd  : Unknown Command, type "help"
[19:04:25] [R] My Cmd  : d
[19:04:25] [W] My Cmd  : Unknown Command, type "help"
[19:04:25] [R] My Cmd  : sadf
[19:04:25] [W] My Cmd  : Unknown Command, type "help"
[19:04:25] [R] My Cmd  : a
[19:04:25] [W] My Cmd  : Unknown Command, type "help"
[19:04:25] [R] My Cmd  : sdf
[19:04:25] [W] My Cmd  : Unknown Command, type "help"
[19:04:26] [R] My Cmd  : 
[19:22:43] [E] My Cmd  : 
-------------- Error                --------------------
Type: EOFError

More information:
		

Traceback (most recent call last):
  File "D:\Documents\GitHub\NewLifeUtils\NewLifeUtils\CustomShellModule.py", line 324, in main
    rea(f"{self.cmd_name.title()} >", completion=self.fist_completer)
  File "D:\Documents\GitHub\NewLifeUtils\NewLifeUtils\LoggerModule.py", line 693, in rea
    return read(message, tag, completion)
  File "D:\Documents\GitHub\NewLifeUtils\NewLifeUtils\LoggerModule.py", line 803, in read
    readed = input()
EOFError

-------------- Error                --------------------

[19:22:44] [R] My Cmd  : 
[19:22:45] [R] My Cmd  : exit
[19:22:45] [L] My Cmd  : Exit with code: quit, from: None
