[22:46:34] Log        : Что то случилось!
[22:46:34] Log        : Записиваю информацию...
[22:46:34] Log        : Взламываю пентагон
[22:46:34] Warn       : Обрати внимание, что то опасное!
[22:46:34] Error      : Что то сломалось, иди чини, даун!
[22:46:34] Tip        : Подсказка: выкини комп в помойку, он лагает
[22:46:39] Read       : Введите что нибудь:  > [Я лох]
[22:46:39] Tip        : Перменаая res - Я лох
[22:46:39] Tip        : Я создал табличку: 
                  Заголовок
╔══════════════╦══════════╦══════════════════════════════╗
║Заголовок1    ║Заголовок2║Заголовок3--------------------║
╠══════════════╬══════════╬══════════════════════════════╣
║Тут пусто --->║          ║тут капелька                  ║
║Данные тут    ║Привет    ║Кто прочитал тот молодец      ║
╚══════════════╩══════════╩══════════════════════════════╝

[22:46:39] Log        : Список данных: 1 2 3 4 5 6 7 8
[22:46:39] RS LOG     : Cant use zero
[22:46:39] RS LOG     : Select item #2 from list; result 3
[22:46:39] Tip        : Выбор: 3
[22:46:39] Log        : Сейчас произайдет ошибка
