{}

[08:36:02] [L] My Cmd  : Welcome to My CMD
[08:36:03] [W] My Cmd  : Storage is broken/empty
[08:36:14] [R] My Cmd  : exit
[08:36:14] [L] My Cmd  : Exit with code: quit, from: None
[08:36:14] [L] My Cmd  : Succesfull saved 0 users
[08:36:14] [L] My Cmd  : Succesfull saved all data
[08:36:48] [L] My Cmd  : Welcome to My CMD
[08:36:49] [W] My Cmd  : Storage is broken/empty
[08:37:11] [R] My Cmd  : studadd Kotaz 9
[08:37:11] [E] My Cmd  : 
-------------- Error                --------------------
Type: TypeError

More information:
	one of the hex, bytes, bytes_le, fields, or int arguments must be given	

Traceback (most recent call last):
  File "D:\Documents\GitHub\NewLifeUtils\NewLifeUtils\CustomShellModule.py", line 346, in main
    registered["run"](self)
  File "D:\Documents\GitHub\NewLifeUtils\test.py", line 114, in useradd
    user = Student(console.parametrs[0], int(console.parametrs[1]))
  File "D:\Documents\GitHub\NewLifeUtils\test.py", line 34, in __init__
    super(Student, self).__init__(customuuid)
  File "D:\Documents\GitHub\NewLifeUtils\test.py", line 9, in __init__
    customuuid = uuid.UUID(customuuid)
  File "c:\python39\lib\uuid.py", line 171, in __init__
    raise TypeError('one of the hex, bytes, bytes_le, fields, '
TypeError: one of the hex, bytes, bytes_le, fields, or int arguments must be given

-------------- Error                --------------------

[08:37:28] [R] My Cmd  : studadd
[08:37:28] [W] My Cmd  : Invalid usage. Syntax: studadd <name> <class> 
[08:37:49] [R] My Cmd  : exit
[08:37:49] [L] My Cmd  : Exit with code: quit, from: None
[08:37:49] [L] My Cmd  : Succesfull saved 0 users
[08:37:49] [L] My Cmd  : Succesfull saved all data
