{}

[08:11:09] [L] My Cmd  : Welcome to My CMD
[08:11:12] [R] My Cmd  : useradd uuuu1 1
[08:11:12] [W] My Cmd  : Unknown Command, type "help"
[08:11:19] [R] My Cmd  : studadd uuuu1 1
[08:11:19] [L] My Cmd  : New student uuuu1 (1)
[08:11:21] [R] My Cmd  : studadd uuuu2 2
[08:11:21] [L] My Cmd  : New student uuuu2 (2)
[08:11:23] [R] My Cmd  : studlist
[08:11:23] [L] My Cmd  : 
                   TABLE
╔══╦═════╦═════╦════════════════════════════════════╗
║id║name ║class║uuid                                ║
╠══╬═════╬═════╬════════════════════════════════════╣
║0 ║uuuu1║1    ║4601fc5d-73ac-4da9-828b-1e08cd311a84║
║1 ║uuuu2║2    ║5e85bed2-2929-476e-a5c1-2498fb35e81f║
╚══╩═════╩═════╩════════════════════════════════════╝

[08:11:34] [R] My Cmd  : viewstud
[08:11:34] [W] My Cmd  : Unknown Command, type "help"
[08:11:40] [R] My Cmd  : studview
[08:11:40] [W] My Cmd  : Invalid usage. Syntax: studview <uuid> 
[08:11:44] [R] My Cmd  : studview 4601fc5d-73ac-4da9-828b-1e08cd311a84
[08:11:44] [W] My Cmd  : Cannot find
[08:12:31] [R] My Cmd  : exit
[08:12:31] [L] My Cmd  : Exit with code: quit, from: None
