[16:46:03] Log        : Что то случилось!
[16:46:03] Log        : Записиваю информацию...
[16:46:03] Log        : Взламываю пентагон
[16:46:03] 123        : Обрати внимание, что то опасное!
[16:46:03] Error      : Что то сломалось, иди чини, даун!
[16:46:03] Tip        : Подсказка: выкини комп в помойку, он лагает
[16:46:09] Read       : Введите что нибудь:  > [1]
[16:46:09] Tip        : Перменаая res - 1
[16:46:09] Tip        : Я создал табличку: 
                  Заголовок
╔══════════════╦══════════╦══════════════════════════════╗
║Заголовок1    ║Заголовок2║Заголовок3--------------------║
╠══════════════╬══════════╬══════════════════════════════╣
║Тут пусто --->║          ║тут капелька                  ║
║Данные тут    ║Привет    ║Кто прочитал тот молодец      ║
╚══════════════╩══════════╩══════════════════════════════╝

[16:46:09] Log        : Список данных: 1 2 3 4 5 6 7 8
[16:46:09] RS LOG     : Cant use zero
[16:46:09] RS LOG     : Select item #7 from list; result 8
[16:46:09] Tip        : Выбор: 8
[16:46:09] Log        : Сейчас произайдет ошибка
[16:46:09] Error      : 
-------------- Error                --------------------
Type: ZeroDivisionError

More information:
	division by zero	

Traceback (most recent call last):
  File "D:\Documents\GitHub\NewLifeUtils\test.py", line 31, in <module>
    0/0
ZeroDivisionError: division by zero

-------------- Error                --------------------

