[16:59:22] [L] My Cmd  : Welcome to My CMD
[16:59:25] [R] My Cmd  : My Cmd > [help]
[16:59:25] My CMD HELP : 
My CMD - My new command line instance
	cls
		Description : Clears display
		Aliases     : cls, clearscreen
		Usage       : cls 
	help
		Description : This is the help
		Aliases     : help
		Usage       : help [command|commands] 
	hello
		Description : Say 'Hello'
		Aliases     : hello, hi
		Usage       : hello [name] 
	exit
		Description : Exit from cmd
		Aliases     : exit, quit
		Usage       : exit 

[16:59:28] [R] My Cmd  : My Cmd > [help commands]
[16:59:28] My CMD HELP : 
My CMD - My new command line instance
	cls
	help
	hello
	exit

[16:59:36] [R] My Cmd  : My Cmd > [cls]
[16:59:38] [R] My Cmd  : My Cmd > [hellp 1]
[16:59:38] [W] My Cmd  : Unknown Command, type "help"
[16:59:41] [R] My Cmd  : My Cmd > [hello 1 2]
[16:59:41] [W] My Cmd  : Invalid usage. Syntax: hello [name] 
[16:59:43] [R] My Cmd  : My Cmd > [hello 1 2 3]
[16:59:43] [W] My Cmd  : Invalid usage. Syntax: hello [name] 
[16:59:46] [R] My Cmd  : My Cmd > [help 1 2]
[16:59:46] [W] My Cmd  : Invalid usage. Syntax: help [command|commands] 
[16:59:49] [R] My Cmd  : My Cmd > [help]
[16:59:49] My CMD HELP : 
My CMD - My new command line instance
	cls
		Description : Clears display
		Aliases     : cls, clearscreen
		Usage       : cls 
	help
		Description : This is the help
		Aliases     : help
		Usage       : help [command|commands] 
	hello
		Description : Say 'Hello'
		Aliases     : hello, hi
		Usage       : hello [name] 
	exit
		Description : Exit from cmd
		Aliases     : exit, quit
		Usage       : exit 

