[17:58:32] [L] My Cmd  : Welcome to My CMD
[17:58:33] [R] My Cmd  : fuck
---------------Attention---------------
Traceback is disabled
More info: Why you so evil?...
:_(
TIP: you can be beter
---------------         ---------------
[17:58:52] [R] My Cmd  : exit
[17:58:52] [L] My Cmd  : Exit with code: quit, from: None
[17:58:53] [L] My Cmd  : Welcome to My CMD
[17:58:55] [R] My Cmd  : 4
[17:58:55] [W] My Cmd  : Unknown Command, type "help"
[17:58:57] [R] My Cmd  : fuck
---------------Attention---------------
{gray}Traceback is disabled
More info: Why you so evil?...
:_(
TIP: you can be beter
---------------         ---------------
[17:59:14] [R] My Cmd  : exit
[17:59:14] [L] My Cmd  : Exit with code: quit, from: None
