[17:55:16] [L] My Cmd  : Welcome to My CMD
[17:55:17] [R] My Cmd  : fuck
---------------Error---------------
"D:\Documents\GitHub\NewLifeUtils\NewLifeUtils\CustomShellModule.py" (337): main
  > except_print(
UnboundLocalError: local variable 'exception_text' referenced before assignment"D:\Documents\GitHub\NewLifeUtils\NewLifeUtils\ExceptModule.py" (49): except_print
  > 'text': exception_text,
UnboundLocalError: local variable 'exception_text' referenced before assignment

---------------     ---------------
[17:55:53] [R] My Cmd  : exit
[17:55:53] [L] My Cmd  : Exit with code: quit, from: None
[17:55:54] [L] My Cmd  : Welcome to My CMD
[17:55:57] [R] My Cmd  : fuck
---------------Attention---------------

More info: Why you so evil?...
:_(
TIP: you can be beter
---------------         ---------------
[17:57:36] [R] My Cmd  : exit
[17:57:36] [L] My Cmd  : Exit with code: quit, from: None
