[20-12-2020|12:22:25] <main>:[   ] Log   : New Logger from OneCode.py/lm=LoggerModule()
[20-12-2020|12:22:25] <main>:[   ] Log   : New Logger from OneCode.py/print(LoggerModule().color_data["table"])
[20-12-2020|12:22:25] <main>:[   ] Log   : New Logger from OneCode.py/print(LoggerModule().color_data["colors"]["mediumspringgreen"])
[15:44:12] Log        : hi
[15:44:18] Log        : hi
[15:44:19] Read       : hi:  > [asd]
[15:44:19] Log        : hi
[15:44:19] Log        : hi
[15:44:19] Log        : hi
[15:44:19] Log        : hi
[15:44:19] Log        : hi
[15:47:41] Log        : hi
[15:47:42] Read       : hi:  > [s]
[15:47:42] Log        : hi
[15:47:42] Log        : hi
[15:47:42] Log        : hi
[15:47:42] Log        : hi
[15:47:42] Log        : hi
[15:47:53] Log        : hi
[15:47:55] Read       : hi:  > [s]
[15:47:55] Log        : hi
[15:47:55] Log        : hi
[15:47:55] Log        : hi
[15:47:55] Log        : hi
[15:47:55] Log        : hi
[15:48:06] Log        : hi
[15:48:07] Read       : hi:  > [s]
[15:48:07] Log        : hi
[15:48:07] Log        : hi
[15:48:07] Log        : hi
[15:48:07] Log        : hi
[15:48:07] Log        : hi
[15:48:56] Log        : hi
[15:48:57] Read       : hi:  > [s]
[15:48:57] Log        : hi
[15:48:57] Log        : hi
[15:48:57] Log        : hi
[15:48:57] Log        : hi
[15:48:57] Log        : hi
[15:49:16] Log        : hi
[15:49:17] Read       : hi:  > [a]
[15:49:17] Log        : hi
[15:49:17] Log        : hi
[15:49:17] Log        : hi
[15:49:17] Log        : hi
[15:49:17] Log        : hi
[15:49:17] Error      : 
--------------  <Underfined Key>    --------------------
Type: Exception

About Error::
	hello	

NoneType: None

--------------  <Underfined Key>    --------------------

[15:50:37] Log        : hi
[15:50:39] Read       : hi:  > [asd]
[15:50:39] Log        : hi
[15:50:39] Log        : hi
[15:50:39] Log        : hi
[15:50:39] Log        : hi
[15:50:39] Log        : hi
[15:50:39] Error      : 
--------------  <Underfined Key>    --------------------
Type: Exception

About Error::
	hello	

NoneType: None

--------------  <Underfined Key>    --------------------

[15:50:51] Log        : hi
[15:50:52] Read       : hi:  > [s]
[15:50:52] Log        : hi
[15:50:52] Log        : hi
[15:50:52] Log        : hi
[15:50:52] Log        : hi
[15:50:52] Log        : hi
[15:50:52] Error      : 
--------------  <Underfined Key>    --------------------
Type: Exception

About Error::
	hello	

NoneType: None

--------------  <Underfined Key>    --------------------

[15:51:32] Log        : hi
[15:51:33] Read       : hi:  > [s]
[15:51:33] Log        : hi
[15:51:33] Log        : hi
[15:51:33] Log        : hi
[15:51:33] Log        : hi
[15:51:33] Log        : hi
[15:51:33] Error      : 
--------------  <Underfined Key>    --------------------
Type: Exception

About Error::
	hello	

NoneType: None

--------------  <Underfined Key>    --------------------

[15:51:54] Log        : hi
[15:51:55] Read       : hi:  > [s]
[15:51:55] Log        : hi
[15:51:55] Log        : hi
[15:51:55] Log        : hi
[15:51:55] Log        : hi
[15:51:55] Log        : hi
[15:51:55] Error      : 
--------------  <Underfined Key>    --------------------
Type: Exception

About Error::
	hello	

NoneType: None

--------------  <Underfined Key>    --------------------

[15:52:16] Log        : hi
[15:52:24] Read       : hi:  > [asd]
[15:52:24] Log        : hi
[15:52:24] Log        : hi
[15:52:24] Log        : hi
[15:52:24] Log        : hi
[15:52:24] Log        : hi
[15:52:24] Error      : 
--------------  <Underfined Key>    --------------------
Type: Exception

About Error::
	hello	

NoneType: None

--------------  <Underfined Key>    --------------------

[15:52:37] Log        : hi
[15:52:38] Read       : hi:  > [d[oibjoepkwl[;flke]
[15:52:38] Log        : hi
[15:52:38] Log        : hi
[15:52:38] Log        : hi
[15:52:38] Log        : hi
[15:52:38] Log        : hi
[15:52:38] Error      : 
--------------  <Underfined Key>    --------------------
Type: Exception

About Error::
	d[oibjoepkwl[;flke	

NoneType: None

--------------  <Underfined Key>    --------------------

[15:53:34] Log        : hi
[15:53:35] Read       : hi:  > [s]
[15:53:35] Log        : hi
[15:53:35] Log        : hi
[15:53:35] Log        : hi
[15:53:35] Log        : hi
[15:53:35] Log        : hi
[15:53:35] Warn       : 
-------------- Warning!             --------------------
Type: Exception

About Error::
	s	

NoneType: None

-------------- Warning!             --------------------

[15:56:26] Log        : hi
[15:56:27] Read       : hi:  > [s]
[15:56:27] Log        : hi
[15:56:27] Log        : hi
[15:56:27] Log        : hi
[15:56:27] Log        : hi
[15:56:27] Log        : hi
[15:56:27] Warn       : 
-------------- Warning!             --------------------
Type: Exception

About Error::
	s	

NoneType: None

-------------- Warning!             --------------------

[15:57:18] Log        : hi
[15:57:19] Read       : hi:  > [asd]
[15:57:19] Log        : hi
[15:57:19] Log        : hi
[15:57:19] Log        : hi
[15:57:19] Log        : hi
[15:57:19] Log        : hi
[15:57:19] Warn       : 
-------------- Warning!             --------------------
Type: Exception

About Error::
	asd	

NoneType: None

-------------- Warning!             --------------------

[15:58:01] Log        : hi
[15:58:02] Read       : hi:  > [sa]
[15:58:02] Log        : hi
[15:58:02] Log        : hi
[15:58:02] Log        : hi
[15:58:02] Log        : hi
[15:58:02] Log        : hi
[15:58:02] Warn       : 
-------------- Warning!             --------------------
Type: Exception

About Error::
	sa	

NoneType: None

-------------- Warning!             --------------------

[15:58:24] Log        : hi
[15:58:25] Read       : hi:  > [s]
[15:58:25] Log        : hi
[15:58:25] Log        : hi
[15:58:25] Log        : hi
[15:58:25] Log        : hi
[15:58:25] Log        : hi
[15:58:25] Warn       : 
-------------- Warning!             --------------------
Type: Exception

About Error::
	s	

NoneType: None

-------------- Warning!             --------------------

[15:58:35] Log        : hi
[15:58:36] Read       : hi:  > [s]
[15:58:36] Log        : hi
[15:58:36] Log        : hi
[15:58:36] Log        : hi
[15:58:36] Log        : hi
[15:58:36] Log        : hi
[15:58:36] Warn       : 
-------------- Warning!             --------------------
Type: Exception

About Error::
	s	

NoneType: None

-------------- Warning!             --------------------

[15:59:17] Log        : hi
[15:59:18] Read       : hi:  > [asd]
[15:59:18] Log        : hi
[15:59:18] Log        : hi
[15:59:18] Log        : hi
[15:59:18] Log        : hi
[15:59:18] Log        : hi
[15:59:18] Warn       : 
-------------- Warning!             --------------------
Type: Exception

About Error::
	asd	

NoneType: None

-------------- Warning!             --------------------

[16:01:24] Log        : hi
[16:01:25] Read       : hi:  > [фы]
[16:01:25] Log        : hi
[16:01:25] Log        : hi
[16:01:25] Log        : hi
[16:01:25] Log        : hi
[16:01:25] Log        : hi
[16:01:25] Warn       : 
-------------- Warning!             --------------------
Type: Exception

About Error::
	фы	

NoneType: None

-------------- Warning!             --------------------

[16:02:21] Log        : hi
[16:02:23] Read       : hi:  > []
[16:02:23] Log        : hi
[16:02:23] Log        : hi
[16:02:23] Log        : hi
[16:02:23] Log        : hi
[16:02:23] Log        : hi
[16:02:23] Warn       : 
-------------- Warning!             --------------------
Type: Exception

About Error::
		

NoneType: None

-------------- Warning!             --------------------

[16:07:59] Log        : hi
[16:08:01] Read       : hi:  > [asd]
[16:08:01] Log        : hi
[16:08:01] Log        : hi
[16:08:01] Log        : hi
[16:08:01] Log        : hi
[16:08:01] Log        : hi
[16:08:01] Warn       : 
-------------- Warning!             --------------------
Type: Exception

About Error::
	asd	

NoneType: None

-------------- Warning!             --------------------

[16:10:02] Log        : hi
[16:10:04] Read       : hi:  > [a]
[16:10:04] Log        : hi
[16:10:04] Log        : hi
[16:10:04] Log        : hi
[16:10:04] Log        : hi
[16:10:04] Log        : hi
[16:10:04] Warn       : 
-------------- Warning!             --------------------
Type: Exception

About Error::
	a	

NoneType: None

-------------- Warning!             --------------------

[16:10:59] Log        : hi
[16:11:00] Read       : hi:  > [asd]
[16:11:00] Log        : hi
[16:11:00] Log        : hi
[16:11:00] Log        : hi
[16:11:00] Log        : hi
[16:11:00] Log        : hi
[16:11:00] Warn       : 
-------------- Warning!             --------------------
Type: Exception

About Error::
	asd	

NoneType: None

-------------- Warning!             --------------------

[16:11:53] Log        : hi
[16:11:54] Read       : hi:  > [asd]
[16:11:54] Log        : hi
[16:11:54] Log        : hi
[16:11:54] Log        : hi
[16:11:54] Log        : hi
[16:11:54] Log        : hi
[16:11:54] Warn       : 
-------------- Warning!             --------------------
Type: Exception

About Error::
	asd	

NoneType: None

-------------- Warning!             --------------------

[16:11:54] Error      : 
-------------- Fatal Error!         --------------------
Type: Exception

About Error::
	Console commands with the same names were registered. here is a list of registered console commands (their names)
	Commands:  <Underfined Module> ,  <Underfined Module> ,  <Underfined Module> ,  <Underfined Module> 
	TIP: check register section and delete or change one of the commands	

-------------- Fatal Error!         --------------------

[16:13:10] Log        : hi
[16:13:11] Read       : hi:  > [asd]
[16:13:11] Log        : hi
[16:13:11] Log        : hi
[16:13:11] Log        : hi
[16:13:11] Log        : hi
[16:13:11] Log        : hi
[16:13:11] Warn       : 
-------------- Warning!             --------------------
Type: Exception

About Error::
	asd	

NoneType: None

-------------- Warning!             --------------------

[16:13:11] Error      : 
-------------- Fatal Error!         --------------------
Type: Exception

About Error::
	Console commands with the same names were registered. here is a list of registered console commands (their names)
	Commands:  <Underfined Module> ,  <Underfined Module> ,  <Underfined Module> ,  <Underfined Module> 
	TIP: check register section and delete or change one of the commands	

-------------- Fatal Error!         --------------------

[16:13:47] Log        : hi
[16:14:06] Log        : hi
[16:15:29] Log        : hi
[16:15:40] Log        : hi
[16:15:49] Log        : hi
[16:24:48] Log        : hi
[16:24:51] Read       : hi:  > [asd]
[16:24:51] Log        : hi
[16:24:51] Log        : hi
[16:24:51] Log        : hi
[16:24:51] Log        : hi
[16:24:51] Log        : hi
[16:24:51] Warn       : 
-------------- Warning!             --------------------
Type: Exception

About Error::
	asd	

NoneType: None

-------------- Warning!             --------------------

[16:24:51] Error      : 
-------------- Fatal Error!         --------------------
Type: Exception

About Error::
	Console commands with the same names were registered. here is a list of registered console commands (their names)
	Commands:  <Underfined Module> ,  <Underfined Module> ,  <Underfined Module> ,  <Underfined Module> 
	TIP: check register section and delete or change one of the commands	

-------------- Fatal Error!         --------------------

[16:25:02] Log        : hi
[16:25:08] Log        : hi
[16:25:19] Log        : hi
[16:26:51] Log        : hi
[16:27:20] Log        : hi
[16:27:30] Log        : hi
[16:27:37] Log        : hi
[16:27:44] Log        : hi
[16:27:47] Read       : hi:  > [asd]
[16:27:47] Log        : hi
[16:27:47] Log        : hi
[16:27:47] Log        : hi
[16:27:47] Log        : hi
[16:27:47] Log        : hi
[16:27:47] Warn       : 
-------------- Warning!             --------------------
Type: Exception

About Error::
	asd	

NoneType: None

-------------- Warning!             --------------------

[16:27:47] Error      : 
-------------- Fatal Error!         --------------------
Type: Exception

About Error::
	Console commands with the same names were registered. here is a list of registered console commands (their names)
	Commands:  <Underfined Module> ,  <Underfined Module> ,  <Underfined Module> ,  <Underfined Module> 
	TIP: check register section and delete or change one of the commands	

-------------- Fatal Error!         --------------------

[16:28:48] Log        : hi
[16:29:34] Log        : hi
[16:29:51] Log        : hi
[16:32:32] Log        : hi
[16:32:45] Log        : hi
[16:32:58] Log        : hi
[16:33:57] Log        : hi
[16:34:26] Log        : hi
[16:34:58] Log        : hi
[16:35:33] Log        : hi
[16:36:35] Log        : hi
[16:36:53] Log        : hi
[16:37:21] Log        : hi
[16:37:22] Read       : hi:  > [das]
[16:37:22] Log        : hi
[16:37:22] Log        : hi
[16:37:22] Log        : hi
[16:37:22] Log        : hi
[16:37:22] Log        : hi
[16:37:22] Warn       : 
-------------- Warning!             --------------------
Type: Exception

About Error::
	das	

NoneType: None

-------------- Warning!             --------------------

[16:37:22] Error      : 
-------------- Fatal Error!         --------------------
Type: Exception

About Error::
	Console commands with the same names were registered. here is a list of registered console commands (their names)
	Commands:  <Underfined Module> ,  <Underfined Module> ,  <Underfined Module> ,  <Underfined Module> 
	TIP: check register section and delete or change one of the commands	

-------------- Fatal Error!         --------------------

[16:37:51] Log        : hi
[16:38:38] Log        : hi
[16:38:39] Read       : hi:  > [asd]
[16:38:39] Log        : hi
[16:38:39] Log        : hi
[16:38:39] Log        : hi
[16:38:39] Log        : hi
[16:38:39] Log        : hi
[16:38:39] Warn       : 
-------------- Warning!             --------------------
Type: Exception

About Error::
	asd	

NoneType: None

-------------- Warning!             --------------------

[16:38:51] Logafsdghe : hi
[16:39:05] Logafsdghe : hi
[16:39:06] Read       : hi:  > [asd]
[16:39:06] Logafsdghe : hi
[16:39:06] Logafsdghe : hi
[16:39:06] Logafsdghe : hi
[16:39:06] Logafsdghe : hi
[16:39:06] Logafsdghe : hi
[16:39:06] Warn       : 
-------------- Warning!             --------------------
Type: Exception

About Error::
	asd	

NoneType: None

-------------- Warning!             --------------------

[16:39:41] Logafsdghe : hi
[16:39:43] Read       : hi:  > [ads]
[16:39:43] Logafsdghe : hi
[16:39:43] Logafsdghe : hi
[16:39:43] Logafsdghe : hi
[16:39:43] Logafsdghe : hi
[16:39:43] Logafsdghe : hi
[16:39:43] Warn       : 
-------------- Warning!             --------------------
Type: Exception

About Error::
	ads	

NoneType: None

-------------- Warning!             --------------------

[16:39:43] Logafsdghe : Welcome to  root
[16:39:44] Read       : Root > > [asd]
[16:39:44] Warn       : Unknown Command, type "help"
[16:39:45] Read       : Root > > [help]
[16:39:46] Error      : 
--------------  <Underfined Key>    --------------------
Type: AttributeError

About Error::
	'Shell' object has no attribute 'Color'	

Traceback (most recent call last):
  File "D:\Документы\GitHub\NewLifeUtils\CompileDist\NewLifeUtils\Modules\CustomShellModule.py", line 284, in main
    registered["run"](self)
  File "D:\Документы\GitHub\NewLifeUtils\CompileDist\NewLifeUtils\Modules\CustomShellModule.py", line 77, in run
    class CLR:
  File "D:\Документы\GitHub\NewLifeUtils\CompileDist\NewLifeUtils\Modules\CustomShellModule.py", line 78, in CLR
    MDL = console.Color.FGC.RED
AttributeError: 'Shell' object has no attribute 'Color'

--------------  <Underfined Key>    --------------------

[16:40:22] Logafsdghe : hi
[16:40:23] Read       : hi:  > [asfd]
[16:40:23] Logafsdghe : hi
[16:40:23] Logafsdghe : hi
[16:40:23] Logafsdghe : hi
[16:40:23] Logafsdghe : hi
[16:40:23] Logafsdghe : hi
[16:40:23] Warn       : 
-------------- Warning!             --------------------
Type: Exception

About Error::
	asfd	

NoneType: None

-------------- Warning!             --------------------

[16:40:23] Logafsdghe : Welcome to  root
[16:40:26] Read       : Root > > [hello]
[16:40:26] Logafsdghe : Hello, world!
[16:40:29] Read       : Root > > [hello я]
[16:40:29] Logafsdghe : Hello, я
[16:40:35] Read       : Root > > [hello МЯВВВВВВК]
[16:40:35] Logafsdghe : Hello, МЯВВВВВВК
[16:43:10] Logafsdghe : hi
[16:43:10] Read       : hi:  > [s]
[16:43:10] Logafsdghe : hi
[16:43:10] Logafsdghe : hi
[16:43:10] Logafsdghe : hi
[16:43:10] Logafsdghe : hi
[16:43:10] Logafsdghe : hi
[16:43:10] Warn       : 
-------------- Warning!             --------------------
Type: Exception

About Error::
	s	

NoneType: None

-------------- Warning!             --------------------

[16:43:10] Logafsdghe : Welcome to  root
[16:43:13] Read       : Root > > [exit]
[16:43:13] Logafsdghe : Exit with code:: quit, run command: None
[20-12-2020|16:43:13] <main>:[   ] Log   : New Logger from OneCode.py/octester.testNlu()
[16:43:51] Logafsdghe : hi
[16:44:08] Logafsdghe : hi
[16:44:10] Read       : hi:  > [asd]
[16:44:10] Logafsdghe : hi
[16:44:10] Logafsdghe : hi
[16:44:10] Logafsdghe : hi
[16:44:10] Logafsdghe : hi
[16:44:10] Logafsdghe : hi
[16:44:10] Warn       : 
-------------- Warning!             --------------------
Type: Exception

About Error::
	asd	

NoneType: None

-------------- Warning!             --------------------

[16:44:10] Logafsdghe : Welcome to  root
[16:44:12] Read       : Root > > [exit]
[16:44:12] Logafsdghe : Exit with code:: quit, run command: None
[20-12-2020|16:44:12] <main>:[   ] Log   : New Logger from OneCode.py/octester.testNlu()
