------------------ NEW START AT 12-12-2020 - 17:50:04 ------------------
[12-12-2020|17:50:04] <main>:[   ]Log  : hi
[12-12-2020|17:50:04] <main>:[_!_]Warn : hi
[12-12-2020|17:50:04] <main>:[!!!] Error: hi
------------------ NEW START AT 12-12-2020 - 17:50:23 ------------------
[12-12-2020|17:50:23] <main>:[   ]Log  : hi
[12-12-2020|17:50:23] <main>:[_!_]Warn : hi
[12-12-2020|17:50:23] <main>:[!!!] Error: hi
------------------ NEW START AT 12-12-2020 - 17:50:57 ------------------
[12-12-2020|17:50:57] <main>:[   ]Log   : hi
[12-12-2020|17:50:57] <main>:[_!_]Warn  : hi
[12-12-2020|17:50:57] <main>:[!!!] Error: hi
------------------ NEW START AT 12-12-2020 - 17:51:06 ------------------
[12-12-2020|17:51:06] <main>:[   ]Log    : hi
[12-12-2020|17:51:06] <main>:[_!_]Warn   : hi
[12-12-2020|17:51:06] <main>:[!!!] Error : hi
------------------ NEW START AT 12-12-2020 - 18:11:29 ------------------
[12-12-2020|18:11:29] <main>:[   ]Log    : hi
[12-12-2020|18:11:29] <main>:[_!_]Warn   : hi
[12-12-2020|18:11:29] <main>:[!!!] Error : hi
------------------ NEW START AT 12-12-2020 - 18:15:09 ------------------
[12-12-2020|18:15:09] <main>:[   ]Log    : hi
[12-12-2020|18:15:09] <main>:[_!_]Warn   : hi
[12-12-2020|18:15:09] <main>:[!!!] Error : hi
------------------ NEW START AT 12-12-2020 - 18:15:25 ------------------
------------------ NEW START AT 12-12-2020 - 18:15:43 ------------------
------------------ NEW START AT 12-12-2020 - 18:17:11 ------------------
[12-12-2020|18:17:11] <main>:[   ]Log    : hi
------------------ NEW START AT 12-12-2020 - 18:19:07 ------------------
[12-12-2020|18:19:07] <main>:[   ]Log    : hi
------------------ NEW START AT 12-12-2020 - 18:19:27 ------------------
[12-12-2020|18:19:27] <main>:[   ]Log    : hi
[12-12-2020|18:19:27] <main>:[   ]Log    : hi
------------------ NEW START AT 12-12-2020 - 18:19:39 ------------------
[12-12-2020|18:19:39] <main>:[   ]Log    : hi
------------------ NEW START AT 12-12-2020 - 18:20:56 ------------------
[12-12-2020|18:20:56] <main>:[   ]Log    : hi
------------------ NEW START AT 12-12-2020 - 18:21:15 ------------------
------------------ NEW START AT 12-12-2020 - 18:21:29 ------------------
------------------ NEW START AT 12-12-2020 - 18:22:57 ------------------
------------------ NEW START AT 12-12-2020 - 18:23:22 ------------------
------------------ NEW START AT 12-12-2020 - 18:23:33 ------------------
[12-12-2020|18:23:33] <>:[   ]Log    : HI!
[12-12-2020|18:23:33] <>:[   ]Log    : HI!1
[12-12-2020|18:23:33] <>:[   ]Log    : HI!2
[12-12-2020|18:23:33] <>:[   ]Log    : HI!3
------------------ NEW START AT 12-12-2020 - 18:26:12 ------------------
[12-12-2020|18:26:12] <>:[   ]Log    : HI!
[12-12-2020|18:26:12] <>:[   ]Log    : HI!1
[12-12-2020|18:26:12] <>:[   ]Log    : HI!2
[12-12-2020|18:26:12] <>:[   ]Log    : HI!3
------------------ NEW START AT 12-12-2020 - 18:28:04 ------------------
[12-12-2020|18:28:04] <>:[   ]Log    : HI!
[12-12-2020|18:28:04] <>:[   ]Log    : HI!1
[12-12-2020|18:28:04] <>:[   ]Log    : HI!2
[12-12-2020|18:28:04] <>:[   ]Log    : HI!3
------------------ NEW START AT 12-12-2020 - 18:28:17 ------------------
[12-12-2020|18:28:17] <>:[   ]Log    : HI!
[12-12-2020|18:28:17] <>:[   ]Log    : HI!1
[12-12-2020|18:28:17] <>:[   ]Log    : HI!2
[12-12-2020|18:28:17] <>:[   ]Log    : HI!3
------------------ NEW START AT 12-12-2020 - 18:28:36 ------------------
[12-12-2020|18:28:36] <>:[   ]Log    : HI!
[12-12-2020|18:28:36] <>:[   ]Log    : HI!1
[12-12-2020|18:28:36] <>:[   ]Log    : HI!2
[12-12-2020|18:28:36] <>:[   ]Log    : HI!3
------------------ NEW START AT 12-12-2020 - 18:29:30 ------------------
------------------ NEW START AT 12-12-2020 - 18:29:30 ------------------
[12-12-2020|18:29:31] <>:[   ]Log    : HI!
[12-12-2020|18:29:31] <>:[   ]Log    : HI!1
[12-12-2020|18:29:31] <>:[   ]Log    : HI!2
[12-12-2020|18:29:31] <>:[   ]Log    : HI!3
------------------ NEW START AT 12-12-2020 - 18:46:46 ------------------
------------------ NEW START AT 12-12-2020 - 18:46:46 ------------------
[12-12-2020|18:46:46] <>:[   ]Log    : HI!
[12-12-2020|18:46:46] <>:[   ]Log    : HI!1
[12-12-2020|18:46:46] <>:[   ]Log    : HI!2
[12-12-2020|18:46:46] <>:[   ]Log    : HI!3
------ NEW START AT 12-12-2020 - 19:13:06 ------
------ NEW START AT 12-12-2020 - 19:13:05 ------
[12-12-2020|19:13:06] <>:[   ] Log   : HI!
[12-12-2020|19:13:06] <>:[   ] Log   : HI!1
[12-12-2020|19:13:06] <>:[   ] Log   : HI!2
[12-12-2020|19:13:06] <>:[   ] Log   : HI!3
------ NEW START AT 12-12-2020 - 19:16:38 ------
------ NEW START AT 12-12-2020 - 19:16:38 ------
[12-12-2020|19:16:38] <>:[   ] Log   : HI!
[12-12-2020|19:16:38] <>:[   ] Log   : HI!1
[12-12-2020|19:16:38] <>:[   ] Log   : HI!2
[12-12-2020|19:16:38] <>:[   ] Log   : HI!3
------ NEW START AT 12-12-2020 - 19:20:32 ------
------ NEW START AT 12-12-2020 - 19:20:32 ------
[12-12-2020|19:20:32] <>:[   ] Log   : HI!
[12-12-2020|19:20:32] <>:[   ] Log   : HI!1
[12-12-2020|19:20:32] <>:[   ] Log   : HI!2
[12-12-2020|19:20:32] <>:[   ] Log   : HI!3
